ARM GAS  C:\Users\indya\AppData\Local\Temp\ccbbFjkm.s 			page 1


   1              		.syntax unified
   2              		.cpu cortex-m3
   3              		.fpu softvfp
   4              		.eabi_attribute 20, 1
   5              		.eabi_attribute 21, 1
   6              		.eabi_attribute 23, 3
   7              		.eabi_attribute 24, 1
   8              		.eabi_attribute 25, 1
   9              		.eabi_attribute 26, 1
  10              		.eabi_attribute 30, 1
  11              		.eabi_attribute 34, 1
  12              		.eabi_attribute 18, 4
  13              		.thumb
  14              		.syntax unified
  15              		.file	"main.c"
  16              		.text
  17              	.Ltext0:
  18              		.cfi_sections	.debug_frame
  19              		.global	__aeabi_i2f
  20              		.global	__aeabi_fadd
  21              		.global	__aeabi_f2d
  22              		.global	__aeabi_dmul
  23              		.global	__aeabi_d2f
  24              		.global	__aeabi_dadd
  25              		.global	__aeabi_d2iz
  26              		.section	.text.main,"ax",%progbits
  27              		.align	2
  28              		.global	main
  29              		.thumb
  30              		.thumb_func
  31              		.type	main, %function
  32              	main:
  33              	.LFB64:
  34              		.file 1 "main.c"
   1:main.c        **** /**
   2:main.c        **** * \brief Main source file for the I2C-Master project.
   3:main.c        **** *
   4:main.c        **** * In this project we set up a I2C master device with
   5:main.c        **** * to understand the I2C protocol and communicate with a
   6:main.c        **** * a I2C Slave device (LIS3DH Accelerometer).
   7:main.c        **** *
   8:main.c        **** * \author Gabriele Belotti
   9:main.c        **** * \date , 2020
  10:main.c        **** */
  11:main.c        **** 
  12:main.c        **** // Include required header files
  13:main.c        **** #include "I2C_Interface.h"
  14:main.c        **** #include "InterruptRoutines.h"
  15:main.c        **** #include "project.h"
  16:main.c        **** #include "stdio.h"
  17:main.c        **** 
  18:main.c        **** 
  19:main.c        **** /**
  20:main.c        **** *   \brief 7-bit I2C address of the slave device.
  21:main.c        **** */
  22:main.c        **** #define LIS3DH_DEVICE_ADDRESS 0x18
  23:main.c        **** 
ARM GAS  C:\Users\indya\AppData\Local\Temp\ccbbFjkm.s 			page 2


  24:main.c        **** 
  25:main.c        **** /**
  26:main.c        **** *   \brief Address of the Status register
  27:main.c        **** */
  28:main.c        **** #define LIS3DH_STATUS_REG 0x27
  29:main.c        **** 
  30:main.c        **** /**
  31:main.c        **** *   \X, Y and Z axis new data available
  32:main.c        **** */
  33:main.c        **** 
  34:main.c        **** #define LIS3DH_STATUS_REG_DATA_AVAILABLE 0x04 
  35:main.c        **** 
  36:main.c        **** /**
  37:main.c        **** *   \brief Address of the Control register 1
  38:main.c        **** */
  39:main.c        **** #define LIS3DH_CTRL_REG1 0x20
  40:main.c        **** 
  41:main.c        **** /**
  42:main.c        **** *   \brief Hex value to set the accelerometer to output 3-axis
  43:main.c        ****      acceleration data at 100Hz 
  44:main.c        **** */
  45:main.c        **** #define LIS3DH_CTRL_REG1_SET 0x57
  46:main.c        **** 
  47:main.c        **** 
  48:main.c        **** 
  49:main.c        **** /**
  50:main.c        **** *   \brief Address of the Control register 4
  51:main.c        **** */
  52:main.c        **** #define LIS3DH_CTRL_REG4 0x23
  53:main.c        **** 
  54:main.c        **** 
  55:main.c        **** /**
  56:main.c        **** *   \brief Hex value to set active the BDU, enable the high resolution mode
  57:main.c        ****     and set the range to +-4G
  58:main.c        **** */
  59:main.c        **** 
  60:main.c        **** #define LIS3DH_CTRL_REG4_SET 0x98 
  61:main.c        ****    
  62:main.c        **** 
  63:main.c        **** /**
  64:main.c        **** *   \brief Address of the X-Axis output LSB register
  65:main.c        **** */
  66:main.c        **** #define LIS3DH_OUT_X_L 0x28
  67:main.c        **** 
  68:main.c        **** 
  69:main.c        **** 
  70:main.c        **** int main(void)
  71:main.c        **** {
  35              		.loc 1 71 0
  36              		.cfi_startproc
  37              		@ args = 0, pretend = 0, frame = 80
  38              		@ frame_needed = 0, uses_anonymous_args = 0
  39 0000 10B5     		push	{r4, lr}
  40              		.cfi_def_cfa_offset 8
  41              		.cfi_offset 4, -8
  42              		.cfi_offset 14, -4
  43 0002 94B0     		sub	sp, sp, #80
ARM GAS  C:\Users\indya\AppData\Local\Temp\ccbbFjkm.s 			page 3


  44              		.cfi_def_cfa_offset 88
  72:main.c        ****     CyGlobalIntEnable; /* Enable global interrupts. */
  45              		.loc 1 72 0
  46              		.syntax unified
  47              	@ 72 "main.c" 1
  48 0004 62B6     		CPSIE   i
  49              	@ 0 "" 2
  73:main.c        **** 
  74:main.c        ****     /* Place your initialization/startup code here (e.g. MyInst_Start()) */
  75:main.c        ****     I2C_Peripheral_Start();
  50              		.loc 1 75 0
  51              		.thumb
  52              		.syntax unified
  53 0006 FFF7FEFF 		bl	I2C_Peripheral_Start
  54              	.LVL0:
  76:main.c        ****     UART_Debug_Start();
  55              		.loc 1 76 0
  56 000a FFF7FEFF 		bl	UART_Debug_Start
  57              	.LVL1:
  77:main.c        ****     
  78:main.c        ****     CyDelay(5); //"The boot procedure is complete about 5 milliseconds after device power-up."
  58              		.loc 1 78 0
  59 000e 0520     		movs	r0, #5
  60 0010 FFF7FEFF 		bl	CyDelay
  61              	.LVL2:
  62              	.LBB2:
  79:main.c        ****     
  80:main.c        ****     // String to print out messages on the UART
  81:main.c        ****     char message[50];
  82:main.c        **** 
  83:main.c        ****     // Check which devices are present on the I2C bus
  84:main.c        ****     for (int i = 0 ; i < 128; i++)
  63              		.loc 1 84 0
  64 0014 0024     		movs	r4, #0
  65 0016 0CE0     		b	.L2
  66              	.LVL3:
  67              	.L4:
  85:main.c        ****     {
  86:main.c        ****         if (I2C_Peripheral_IsDeviceConnected(i))
  68              		.loc 1 86 0
  69 0018 E0B2     		uxtb	r0, r4
  70 001a FFF7FEFF 		bl	I2C_Peripheral_IsDeviceConnected
  71              	.LVL4:
  72 001e 38B1     		cbz	r0, .L3
  87:main.c        ****         {
  88:main.c        ****             // print out the address is hex format
  89:main.c        ****             sprintf(message, "Device 0x%02X is connected\r\n", i);
  73              		.loc 1 89 0
  74 0020 2246     		mov	r2, r4
  75 0022 9F49     		ldr	r1, .L21+8
  76 0024 07A8     		add	r0, sp, #28
  77 0026 FFF7FEFF 		bl	sprintf
  78              	.LVL5:
  90:main.c        ****             UART_Debug_PutString(message); 
  79              		.loc 1 90 0
  80 002a 07A8     		add	r0, sp, #28
  81 002c FFF7FEFF 		bl	UART_Debug_PutString
ARM GAS  C:\Users\indya\AppData\Local\Temp\ccbbFjkm.s 			page 4


  82              	.LVL6:
  83              	.L3:
  84:main.c        ****     {
  84              		.loc 1 84 0 discriminator 2
  85 0030 0134     		adds	r4, r4, #1
  86              	.LVL7:
  87              	.L2:
  84:main.c        ****     {
  88              		.loc 1 84 0 is_stmt 0 discriminator 1
  89 0032 7F2C     		cmp	r4, #127
  90 0034 F0DD     		ble	.L4
  91              	.LBE2:
  91:main.c        ****         }
  92:main.c        ****         
  93:main.c        ****     }
  94:main.c        ****     
  95:main.c        ****     /******************************************/
  96:main.c        ****     /*            I2C Reading                 */
  97:main.c        ****     /******************************************/
  98:main.c        ****     
  99:main.c        **** 
 100:main.c        ****     ErrorCode error; 
 101:main.c        ****     
 102:main.c        ****     
 103:main.c        ****    
 104:main.c        ****     
 105:main.c        ****     /*      I2C Reading Status Register       */
 106:main.c        ****     
 107:main.c        ****     uint8_t status_register; 
 108:main.c        ****     error = I2C_Peripheral_ReadRegister(LIS3DH_DEVICE_ADDRESS,
  92              		.loc 1 108 0 is_stmt 1
  93 0036 0DF11B02 		add	r2, sp, #27
  94 003a 2721     		movs	r1, #39
  95 003c 1820     		movs	r0, #24
  96 003e FFF7FEFF 		bl	I2C_Peripheral_ReadRegister
  97              	.LVL8:
 109:main.c        ****                                         LIS3DH_STATUS_REG,
 110:main.c        ****                                         &status_register);
 111:main.c        ****     
 112:main.c        ****     if (error == NO_ERROR)
  98              		.loc 1 112 0
  99 0042 48B9     		cbnz	r0, .L5
 113:main.c        ****     {
 114:main.c        ****         sprintf(message, "STATUS REGISTER: 0x%02X\r\n", status_register);
 100              		.loc 1 114 0
 101 0044 9DF81B20 		ldrb	r2, [sp, #27]	@ zero_extendqisi2
 102 0048 9649     		ldr	r1, .L21+12
 103 004a 07A8     		add	r0, sp, #28
 104              	.LVL9:
 105 004c FFF7FEFF 		bl	sprintf
 106              	.LVL10:
 115:main.c        ****         UART_Debug_PutString(message); 
 107              		.loc 1 115 0
 108 0050 07A8     		add	r0, sp, #28
 109 0052 FFF7FEFF 		bl	UART_Debug_PutString
 110              	.LVL11:
 111 0056 02E0     		b	.L6
ARM GAS  C:\Users\indya\AppData\Local\Temp\ccbbFjkm.s 			page 5


 112              	.LVL12:
 113              	.L5:
 116:main.c        ****     }
 117:main.c        ****     else
 118:main.c        ****     {
 119:main.c        ****         UART_Debug_PutString("Error occurred during I2C comm to read status register\r\n");   
 114              		.loc 1 119 0
 115 0058 9348     		ldr	r0, .L21+16
 116              	.LVL13:
 117 005a FFF7FEFF 		bl	UART_Debug_PutString
 118              	.LVL14:
 119              	.L6:
 120:main.c        ****     }
 121:main.c        ****     
 122:main.c        ****     /******************************************/
 123:main.c        ****     /*        Read Control Register 1         */
 124:main.c        ****     /******************************************/
 125:main.c        ****     uint8_t ctrl_reg1; 
 126:main.c        ****     error = I2C_Peripheral_ReadRegister(LIS3DH_DEVICE_ADDRESS,
 120              		.loc 1 126 0
 121 005e 0DF11A02 		add	r2, sp, #26
 122 0062 2021     		movs	r1, #32
 123 0064 1820     		movs	r0, #24
 124 0066 FFF7FEFF 		bl	I2C_Peripheral_ReadRegister
 125              	.LVL15:
 127:main.c        ****                                         LIS3DH_CTRL_REG1,
 128:main.c        ****                                         &ctrl_reg1);
 129:main.c        ****     
 130:main.c        ****     if (error == NO_ERROR)
 126              		.loc 1 130 0
 127 006a 48B9     		cbnz	r0, .L7
 131:main.c        ****     {
 132:main.c        ****         sprintf(message, "CONTROL REGISTER 1: 0x%02X\r\n", ctrl_reg1);
 128              		.loc 1 132 0
 129 006c 9DF81A20 		ldrb	r2, [sp, #26]	@ zero_extendqisi2
 130 0070 8E49     		ldr	r1, .L21+20
 131 0072 07A8     		add	r0, sp, #28
 132              	.LVL16:
 133 0074 FFF7FEFF 		bl	sprintf
 134              	.LVL17:
 133:main.c        ****         UART_Debug_PutString(message); 
 135              		.loc 1 133 0
 136 0078 07A8     		add	r0, sp, #28
 137 007a FFF7FEFF 		bl	UART_Debug_PutString
 138              	.LVL18:
 139 007e 02E0     		b	.L8
 140              	.LVL19:
 141              	.L7:
 134:main.c        ****     }
 135:main.c        ****     else
 136:main.c        ****     {
 137:main.c        ****         UART_Debug_PutString("Error occurred during I2C comm to read control register 1\r\n");   
 142              		.loc 1 137 0
 143 0080 8B48     		ldr	r0, .L21+24
 144              	.LVL20:
 145 0082 FFF7FEFF 		bl	UART_Debug_PutString
 146              	.LVL21:
ARM GAS  C:\Users\indya\AppData\Local\Temp\ccbbFjkm.s 			page 6


 147              	.L8:
 138:main.c        ****     }
 139:main.c        ****     
 140:main.c        ****     /******************************************/
 141:main.c        ****     /*            I2C Writing                 */
 142:main.c        ****     /******************************************/
 143:main.c        ****     
 144:main.c        ****         
 145:main.c        ****     UART_Debug_PutString("\r\nWriting new values..\r\n");
 148              		.loc 1 145 0
 149 0086 8B48     		ldr	r0, .L21+28
 150 0088 FFF7FEFF 		bl	UART_Debug_PutString
 151              	.LVL22:
 146:main.c        ****     
 147:main.c        ****     if (ctrl_reg1 != LIS3DH_CTRL_REG1_SET)
 152              		.loc 1 147 0
 153 008c 9DF81A30 		ldrb	r3, [sp, #26]	@ zero_extendqisi2
 154 0090 572B     		cmp	r3, #87
 155 0092 14D0     		beq	.L9
 148:main.c        ****     {
 149:main.c        ****         ctrl_reg1 = LIS3DH_CTRL_REG1_SET;
 156              		.loc 1 149 0
 157 0094 5722     		movs	r2, #87
 158 0096 8DF81A20 		strb	r2, [sp, #26]
 150:main.c        ****     
 151:main.c        ****         error = I2C_Peripheral_WriteRegister(LIS3DH_DEVICE_ADDRESS,
 159              		.loc 1 151 0
 160 009a 2021     		movs	r1, #32
 161 009c 1820     		movs	r0, #24
 162 009e FFF7FEFF 		bl	I2C_Peripheral_WriteRegister
 163              	.LVL23:
 152:main.c        ****                                              LIS3DH_CTRL_REG1,
 153:main.c        ****                                              ctrl_reg1);
 154:main.c        ****     
 155:main.c        ****         if (error == NO_ERROR)
 164              		.loc 1 155 0
 165 00a2 48B9     		cbnz	r0, .L10
 156:main.c        ****         {
 157:main.c        ****             sprintf(message, "CONTROL REGISTER 1 successfully written as: 0x%02X\r\n", ctrl_reg1);
 166              		.loc 1 157 0
 167 00a4 9DF81A20 		ldrb	r2, [sp, #26]	@ zero_extendqisi2
 168 00a8 8349     		ldr	r1, .L21+32
 169 00aa 07A8     		add	r0, sp, #28
 170              	.LVL24:
 171 00ac FFF7FEFF 		bl	sprintf
 172              	.LVL25:
 158:main.c        ****             UART_Debug_PutString(message); 
 173              		.loc 1 158 0
 174 00b0 07A8     		add	r0, sp, #28
 175 00b2 FFF7FEFF 		bl	UART_Debug_PutString
 176              	.LVL26:
 177 00b6 02E0     		b	.L9
 178              	.LVL27:
 179              	.L10:
 159:main.c        ****         }
 160:main.c        ****         else
 161:main.c        ****         {
ARM GAS  C:\Users\indya\AppData\Local\Temp\ccbbFjkm.s 			page 7


 162:main.c        ****             UART_Debug_PutString("Error occurred during I2C comm to set control register 1\r\n");  
 180              		.loc 1 162 0
 181 00b8 8048     		ldr	r0, .L21+36
 182              	.LVL28:
 183 00ba FFF7FEFF 		bl	UART_Debug_PutString
 184              	.LVL29:
 185              	.L9:
 163:main.c        ****         }
 164:main.c        ****     }
 165:main.c        ****     
 166:main.c        ****     /******************************************/
 167:main.c        ****     /*     Read Control Register 1 again      */
 168:main.c        ****     /******************************************/
 169:main.c        **** 
 170:main.c        ****     error = I2C_Peripheral_ReadRegister(LIS3DH_DEVICE_ADDRESS,
 186              		.loc 1 170 0
 187 00be 0DF11A02 		add	r2, sp, #26
 188 00c2 2021     		movs	r1, #32
 189 00c4 1820     		movs	r0, #24
 190 00c6 FFF7FEFF 		bl	I2C_Peripheral_ReadRegister
 191              	.LVL30:
 171:main.c        ****                                         LIS3DH_CTRL_REG1,
 172:main.c        ****                                         &ctrl_reg1);
 173:main.c        ****     
 174:main.c        ****     if (error == NO_ERROR)
 192              		.loc 1 174 0
 193 00ca 48B9     		cbnz	r0, .L11
 175:main.c        ****     {
 176:main.c        ****         sprintf(message, "CONTROL REGISTER 1 after overwrite operation: 0x%02X\r\n", ctrl_reg1);
 194              		.loc 1 176 0
 195 00cc 9DF81A20 		ldrb	r2, [sp, #26]	@ zero_extendqisi2
 196 00d0 7B49     		ldr	r1, .L21+40
 197 00d2 07A8     		add	r0, sp, #28
 198              	.LVL31:
 199 00d4 FFF7FEFF 		bl	sprintf
 200              	.LVL32:
 177:main.c        ****         UART_Debug_PutString(message); 
 201              		.loc 1 177 0
 202 00d8 07A8     		add	r0, sp, #28
 203 00da FFF7FEFF 		bl	UART_Debug_PutString
 204              	.LVL33:
 205 00de 02E0     		b	.L12
 206              	.LVL34:
 207              	.L11:
 178:main.c        ****     }
 179:main.c        ****     else
 180:main.c        ****     {
 181:main.c        ****         UART_Debug_PutString("Error occurred during I2C comm to read control register 1\r\n");   
 208              		.loc 1 181 0
 209 00e0 7348     		ldr	r0, .L21+24
 210              	.LVL35:
 211 00e2 FFF7FEFF 		bl	UART_Debug_PutString
 212              	.LVL36:
 213              	.L12:
 182:main.c        ****     }
 183:main.c        ****     
 184:main.c        ****     
ARM GAS  C:\Users\indya\AppData\Local\Temp\ccbbFjkm.s 			page 8


 185:main.c        ****     /******************************************/
 186:main.c        ****     /*     Read Control Register 4            */
 187:main.c        ****     /******************************************/
 188:main.c        ****     
 189:main.c        ****     
 190:main.c        ****     
 191:main.c        ****     uint8_t ctrl_reg4;
 192:main.c        **** 
 193:main.c        ****     error = I2C_Peripheral_ReadRegister(LIS3DH_DEVICE_ADDRESS,
 214              		.loc 1 193 0
 215 00e6 0DF11902 		add	r2, sp, #25
 216 00ea 2321     		movs	r1, #35
 217 00ec 1820     		movs	r0, #24
 218 00ee FFF7FEFF 		bl	I2C_Peripheral_ReadRegister
 219              	.LVL37:
 194:main.c        ****                                         LIS3DH_CTRL_REG4,
 195:main.c        ****                                         &ctrl_reg4);
 196:main.c        ****     
 197:main.c        ****     if (error == NO_ERROR)
 220              		.loc 1 197 0
 221 00f2 48B9     		cbnz	r0, .L13
 198:main.c        ****     {
 199:main.c        ****         sprintf(message, "CONTROL REGISTER 4: 0x%02X\r\n", ctrl_reg4);
 222              		.loc 1 199 0
 223 00f4 9DF81920 		ldrb	r2, [sp, #25]	@ zero_extendqisi2
 224 00f8 7249     		ldr	r1, .L21+44
 225 00fa 07A8     		add	r0, sp, #28
 226              	.LVL38:
 227 00fc FFF7FEFF 		bl	sprintf
 228              	.LVL39:
 200:main.c        ****         UART_Debug_PutString(message); 
 229              		.loc 1 200 0
 230 0100 07A8     		add	r0, sp, #28
 231 0102 FFF7FEFF 		bl	UART_Debug_PutString
 232              	.LVL40:
 233 0106 02E0     		b	.L14
 234              	.LVL41:
 235              	.L13:
 201:main.c        ****     }
 202:main.c        ****     else
 203:main.c        ****     {
 204:main.c        ****         UART_Debug_PutString("Error occurred during I2C comm to read control register4\r\n");   
 236              		.loc 1 204 0
 237 0108 6F48     		ldr	r0, .L21+48
 238              	.LVL42:
 239 010a FFF7FEFF 		bl	UART_Debug_PutString
 240              	.LVL43:
 241              	.L14:
 205:main.c        ****     }
 206:main.c        ****     
 207:main.c        ****     
 208:main.c        ****     ctrl_reg4 = LIS3DH_CTRL_REG4_SET; // must be changed to the appropriate value
 242              		.loc 1 208 0
 243 010e 9822     		movs	r2, #152
 244 0110 14AC     		add	r4, sp, #80
 245              	.LVL44:
 246 0112 04F8372D 		strb	r2, [r4, #-55]!
ARM GAS  C:\Users\indya\AppData\Local\Temp\ccbbFjkm.s 			page 9


 209:main.c        ****     
 210:main.c        ****     error = I2C_Peripheral_WriteRegister(LIS3DH_DEVICE_ADDRESS,
 247              		.loc 1 210 0
 248 0116 2321     		movs	r1, #35
 249 0118 1820     		movs	r0, #24
 250 011a FFF7FEFF 		bl	I2C_Peripheral_WriteRegister
 251              	.LVL45:
 211:main.c        ****                                          LIS3DH_CTRL_REG4,
 212:main.c        ****                                          ctrl_reg4);
 213:main.c        ****     
 214:main.c        ****     error = I2C_Peripheral_ReadRegister(LIS3DH_DEVICE_ADDRESS,
 252              		.loc 1 214 0
 253 011e 2246     		mov	r2, r4
 254 0120 2321     		movs	r1, #35
 255 0122 1820     		movs	r0, #24
 256 0124 FFF7FEFF 		bl	I2C_Peripheral_ReadRegister
 257              	.LVL46:
 215:main.c        ****                                         LIS3DH_CTRL_REG4,
 216:main.c        ****                                         &ctrl_reg4);
 217:main.c        ****     
 218:main.c        ****     
 219:main.c        ****     if (error == NO_ERROR)
 258              		.loc 1 219 0
 259 0128 48B9     		cbnz	r0, .L15
 220:main.c        ****     {
 221:main.c        ****         sprintf(message, "CONTROL REGISTER 4 after being updated: 0x%02X\r\n", ctrl_reg4);
 260              		.loc 1 221 0
 261 012a 9DF81920 		ldrb	r2, [sp, #25]	@ zero_extendqisi2
 262 012e 6749     		ldr	r1, .L21+52
 263 0130 07A8     		add	r0, sp, #28
 264              	.LVL47:
 265 0132 FFF7FEFF 		bl	sprintf
 266              	.LVL48:
 222:main.c        ****         UART_Debug_PutString(message); 
 267              		.loc 1 222 0
 268 0136 07A8     		add	r0, sp, #28
 269 0138 FFF7FEFF 		bl	UART_Debug_PutString
 270              	.LVL49:
 271 013c 02E0     		b	.L16
 272              	.LVL50:
 273              	.L15:
 223:main.c        ****     }
 224:main.c        ****     else
 225:main.c        ****     {
 226:main.c        ****         UART_Debug_PutString("Error occurred during I2C comm to read control register4\r\n");   
 274              		.loc 1 226 0
 275 013e 6248     		ldr	r0, .L21+48
 276              	.LVL51:
 277 0140 FFF7FEFF 		bl	UART_Debug_PutString
 278              	.LVL52:
 279              	.L16:
 227:main.c        ****     }
 228:main.c        ****     
 229:main.c        ****     int16 OutX;
 230:main.c        ****     int16 OutY;
 231:main.c        ****     int16 OutZ;
 232:main.c        ****     
ARM GAS  C:\Users\indya\AppData\Local\Temp\ccbbFjkm.s 			page 10


 233:main.c        ****     
 234:main.c        ****     float32 OutX_converted;
 235:main.c        ****     float32 OutY_converted;
 236:main.c        ****     float32 OutZ_converted;
 237:main.c        ****     
 238:main.c        ****     int32_t OutX_rounded;
 239:main.c        ****     int32_t OutY_rounded;
 240:main.c        ****     int32_t OutZ_rounded;
 241:main.c        **** 
 242:main.c        ****     
 243:main.c        ****     uint8_t header = 0xA0;
 244:main.c        ****     uint8_t footer = 0xC0;
 245:main.c        ****     uint8_t OutArray[14]; 
 246:main.c        ****     uint8_t AccelerationData[6];
 247:main.c        ****     
 248:main.c        ****     OutArray[0] = header;
 280              		.loc 1 248 0
 281 0144 A023     		movs	r3, #160
 282 0146 8DF80830 		strb	r3, [sp, #8]
 249:main.c        ****     OutArray[13] = footer;
 283              		.loc 1 249 0
 284 014a C023     		movs	r3, #192
 285 014c 8DF81530 		strb	r3, [sp, #21]
 250:main.c        ****     
 251:main.c        ****     
 252:main.c        ****     timer_flag=0;
 286              		.loc 1 252 0
 287 0150 0022     		movs	r2, #0
 288 0152 5F4B     		ldr	r3, .L21+56
 289 0154 1A70     		strb	r2, [r3]
 253:main.c        ****     
 254:main.c        ****     isr_StartEx(custom_TIMER_ISR);
 290              		.loc 1 254 0
 291 0156 5F48     		ldr	r0, .L21+60
 292 0158 FFF7FEFF 		bl	isr_StartEx
 293              	.LVL53:
 255:main.c        ****     
 256:main.c        ****     
 257:main.c        ****     
 258:main.c        ****     while(!(LIS3DH_STATUS_REG & LIS3DH_STATUS_REG_DATA_AVAILABLE)){}
 259:main.c        ****     Timer_WriteCounter(95);
 294              		.loc 1 259 0
 295 015c 5F20     		movs	r0, #95
 296 015e FFF7FEFF 		bl	Timer_WriteCounter
 297              	.LVL54:
 260:main.c        ****     Timer_Start();
 298              		.loc 1 260 0
 299 0162 FFF7FEFF 		bl	Timer_Start
 300              	.LVL55:
 301              	.L17:
 261:main.c        ****     
 262:main.c        ****     
 263:main.c        ****     for(;;)
 264:main.c        ****     {
 265:main.c        ****         if(timer_flag==1)  //every 10 ms
 302              		.loc 1 265 0
 303 0166 5A4B     		ldr	r3, .L21+56
ARM GAS  C:\Users\indya\AppData\Local\Temp\ccbbFjkm.s 			page 11


 304 0168 1B78     		ldrb	r3, [r3]	@ zero_extendqisi2
 305 016a DBB2     		uxtb	r3, r3
 306 016c 012B     		cmp	r3, #1
 307 016e FAD1     		bne	.L17
 266:main.c        ****         {
 267:main.c        ****             
 268:main.c        ****             //wait until X, Y and Z axis new data are available
 269:main.c        ****             
 270:main.c        ****             while(!(LIS3DH_STATUS_REG & LIS3DH_STATUS_REG_DATA_AVAILABLE)){}
 271:main.c        ****         
 272:main.c        ****             timer_flag=0;
 308              		.loc 1 272 0
 309 0170 0022     		movs	r2, #0
 310 0172 574B     		ldr	r3, .L21+56
 311 0174 1A70     		strb	r2, [r3]
 273:main.c        ****             
 274:main.c        ****             //Multiread to read all the output registers
 275:main.c        ****             
 276:main.c        ****             error = I2C_Peripheral_ReadRegisterMulti(LIS3DH_DEVICE_ADDRESS,
 312              		.loc 1 276 0
 313 0176 6B46     		mov	r3, sp
 314 0178 0622     		movs	r2, #6
 315 017a 2821     		movs	r1, #40
 316 017c 1820     		movs	r0, #24
 317 017e FFF7FEFF 		bl	I2C_Peripheral_ReadRegisterMulti
 318              	.LVL56:
 277:main.c        ****                                             LIS3DH_OUT_X_L,6,
 278:main.c        ****                                             &AccelerationData[0]);
 279:main.c        ****         
 280:main.c        ****         
 281:main.c        ****             if(error == NO_ERROR)
 319              		.loc 1 281 0
 320 0182 0028     		cmp	r0, #0
 321 0184 EFD1     		bne	.L17
 282:main.c        ****             {
 283:main.c        ****                 //cast to int: I obtain the value in digit
 284:main.c        ****                 OutX = (int16)((AccelerationData[0] | (AccelerationData[1]<<8)))>>4;
 322              		.loc 1 284 0
 323 0186 9DF80030 		ldrb	r3, [sp]	@ zero_extendqisi2
 324 018a 9DF80100 		ldrb	r0, [sp, #1]	@ zero_extendqisi2
 325              	.LVL57:
 326 018e 43EA0020 		orr	r0, r3, r0, lsl #8
 327              	.LVL58:
 285:main.c        ****                 
 286:main.c        ****                 
 287:main.c        ****                 //the range is between -4G and +4G and the sensitivity is 2mG/digit
 288:main.c        ****                 //I need to represent 4000 numbers and so I need 12 bits
 289:main.c        ****                 //so to right allign the 16-bit int I need to shift it of 4 bits  
 290:main.c        ****                 
 291:main.c        ****                 //to obtain the value in mm/s^2 I multiply for the sensitivity and also for 9.81
 292:main.c        ****                 
 293:main.c        ****                 OutX_converted= ((float32)OutX)*2*9.81; //value in mm/s^2 
 328              		.loc 1 293 0
 329 0192 40F30B10 		sbfx	r0, r0, #4, #12
 330              	.LVL59:
 331 0196 FFF7FEFF 		bl	__aeabi_i2f
 332              	.LVL60:
ARM GAS  C:\Users\indya\AppData\Local\Temp\ccbbFjkm.s 			page 12


 333 019a 0146     		mov	r1, r0
 334 019c FFF7FEFF 		bl	__aeabi_fadd
 335              	.LVL61:
 336 01a0 FFF7FEFF 		bl	__aeabi_f2d
 337              	.LVL62:
 338 01a4 3CA3     		adr	r3, .L21
 339 01a6 D3E90023 		ldrd	r2, [r3]
 340 01aa FFF7FEFF 		bl	__aeabi_dmul
 341              	.LVL63:
 342 01ae FFF7FEFF 		bl	__aeabi_d2f
 343              	.LVL64:
 294:main.c        ****                 
 295:main.c        ****                 OutX_rounded= (int32)(OutX_converted +0.5);  //value in mm/s^2 rounded
 344              		.loc 1 295 0
 345 01b2 FFF7FEFF 		bl	__aeabi_f2d
 346              	.LVL65:
 347 01b6 0022     		movs	r2, #0
 348 01b8 474B     		ldr	r3, .L21+64
 349 01ba FFF7FEFF 		bl	__aeabi_dadd
 350              	.LVL66:
 351 01be FFF7FEFF 		bl	__aeabi_d2iz
 352              	.LVL67:
 296:main.c        ****                                               
 297:main.c        ****                 
 298:main.c        ****                 OutArray[1] = (uint8_t)(OutX_rounded & 0xFF); //LSB
 353              		.loc 1 298 0
 354 01c2 8DF80900 		strb	r0, [sp, #9]
 299:main.c        ****                 OutArray[2] = (uint8_t)(OutX_rounded >> 8);   
 355              		.loc 1 299 0
 356 01c6 C0F30723 		ubfx	r3, r0, #8, #8
 357 01ca 8DF80A30 		strb	r3, [sp, #10]
 300:main.c        ****                 OutArray[3] = (uint8_t)(OutX_rounded >> 16);
 358              		.loc 1 300 0
 359 01ce C0F30743 		ubfx	r3, r0, #16, #8
 360 01d2 8DF80B30 		strb	r3, [sp, #11]
 301:main.c        ****                 OutArray[4] = (uint8_t)(OutX_rounded >> 24);  //MSB
 361              		.loc 1 301 0
 362 01d6 000E     		lsrs	r0, r0, #24
 363              	.LVL68:
 364 01d8 8DF80C00 		strb	r0, [sp, #12]
 302:main.c        **** 
 303:main.c        ****                 
 304:main.c        ****                 OutY = (int16)((AccelerationData[2] | (AccelerationData[3]<<8)))>>4;
 365              		.loc 1 304 0
 366 01dc 9DF80230 		ldrb	r3, [sp, #2]	@ zero_extendqisi2
 367 01e0 9DF80300 		ldrb	r0, [sp, #3]	@ zero_extendqisi2
 368 01e4 43EA0020 		orr	r0, r3, r0, lsl #8
 369              	.LVL69:
 305:main.c        ****                 
 306:main.c        ****                 OutY_converted= (float32) ((float32)OutY) *2*9.81; 
 370              		.loc 1 306 0
 371 01e8 40F30B10 		sbfx	r0, r0, #4, #12
 372              	.LVL70:
 373 01ec FFF7FEFF 		bl	__aeabi_i2f
 374              	.LVL71:
 375 01f0 0146     		mov	r1, r0
 376 01f2 FFF7FEFF 		bl	__aeabi_fadd
ARM GAS  C:\Users\indya\AppData\Local\Temp\ccbbFjkm.s 			page 13


 377              	.LVL72:
 378 01f6 FFF7FEFF 		bl	__aeabi_f2d
 379              	.LVL73:
 380 01fa 27A3     		adr	r3, .L21
 381 01fc D3E90023 		ldrd	r2, [r3]
 382 0200 FFF7FEFF 		bl	__aeabi_dmul
 383              	.LVL74:
 384 0204 FFF7FEFF 		bl	__aeabi_d2f
 385              	.LVL75:
 307:main.c        ****                 
 308:main.c        ****                 OutY_rounded= (int32)(OutY_converted + 0.5);
 386              		.loc 1 308 0
 387 0208 FFF7FEFF 		bl	__aeabi_f2d
 388              	.LVL76:
 389 020c 0022     		movs	r2, #0
 390 020e 324B     		ldr	r3, .L21+64
 391 0210 FFF7FEFF 		bl	__aeabi_dadd
 392              	.LVL77:
 393 0214 FFF7FEFF 		bl	__aeabi_d2iz
 394              	.LVL78:
 309:main.c        ****                                               
 310:main.c        ****                 
 311:main.c        ****                 OutArray[5] = (uint8_t)(OutY_rounded & 0xFF); 
 395              		.loc 1 311 0
 396 0218 8DF80D00 		strb	r0, [sp, #13]
 312:main.c        ****                 OutArray[6] = (uint8_t)(OutY_rounded >> 8);   
 397              		.loc 1 312 0
 398 021c C0F30723 		ubfx	r3, r0, #8, #8
 399 0220 8DF80E30 		strb	r3, [sp, #14]
 313:main.c        ****                 OutArray[7] = (uint8_t)(OutY_rounded >> 16);
 400              		.loc 1 313 0
 401 0224 C0F30743 		ubfx	r3, r0, #16, #8
 402 0228 8DF80F30 		strb	r3, [sp, #15]
 314:main.c        ****                 OutArray[8] = (uint8_t)(OutY_rounded >> 24);  
 403              		.loc 1 314 0
 404 022c 000E     		lsrs	r0, r0, #24
 405              	.LVL79:
 406 022e 8DF81000 		strb	r0, [sp, #16]
 315:main.c        ****                 
 316:main.c        ****                 OutZ = (int16)((AccelerationData[4] | (AccelerationData[5]<<8)))>>4;
 407              		.loc 1 316 0
 408 0232 9DF80430 		ldrb	r3, [sp, #4]	@ zero_extendqisi2
 409 0236 9DF80500 		ldrb	r0, [sp, #5]	@ zero_extendqisi2
 410 023a 43EA0020 		orr	r0, r3, r0, lsl #8
 411              	.LVL80:
 317:main.c        ****                 
 318:main.c        ****                 OutZ_converted= ((float32)OutZ)*2*9.81; 
 412              		.loc 1 318 0
 413 023e 40F30B10 		sbfx	r0, r0, #4, #12
 414              	.LVL81:
 415 0242 FFF7FEFF 		bl	__aeabi_i2f
 416              	.LVL82:
 417 0246 0146     		mov	r1, r0
 418 0248 FFF7FEFF 		bl	__aeabi_fadd
 419              	.LVL83:
 420 024c FFF7FEFF 		bl	__aeabi_f2d
 421              	.LVL84:
ARM GAS  C:\Users\indya\AppData\Local\Temp\ccbbFjkm.s 			page 14


 422 0250 11A3     		adr	r3, .L21
 423 0252 D3E90023 		ldrd	r2, [r3]
 424 0256 FFF7FEFF 		bl	__aeabi_dmul
 425              	.LVL85:
 426 025a FFF7FEFF 		bl	__aeabi_d2f
 427              	.LVL86:
 319:main.c        ****                 
 320:main.c        ****                 OutZ_rounded= (int32)(OutZ_converted + 0.5);
 428              		.loc 1 320 0
 429 025e FFF7FEFF 		bl	__aeabi_f2d
 430              	.LVL87:
 431 0262 0022     		movs	r2, #0
 432 0264 1C4B     		ldr	r3, .L21+64
 433 0266 FFF7FEFF 		bl	__aeabi_dadd
 434              	.LVL88:
 435 026a FFF7FEFF 		bl	__aeabi_d2iz
 436              	.LVL89:
 321:main.c        ****                                               
 322:main.c        ****                 
 323:main.c        ****                 OutArray[9] = (uint8_t)(OutZ_rounded & 0xFF); 
 437              		.loc 1 323 0
 438 026e 8DF81100 		strb	r0, [sp, #17]
 324:main.c        ****                 OutArray[10] = (uint8_t)(OutZ_rounded >> 8);   
 439              		.loc 1 324 0
 440 0272 C0F30723 		ubfx	r3, r0, #8, #8
 441 0276 8DF81230 		strb	r3, [sp, #18]
 325:main.c        ****                 OutArray[11] = (uint8_t)(OutZ_rounded >> 16);
 442              		.loc 1 325 0
 443 027a C0F30743 		ubfx	r3, r0, #16, #8
 444 027e 8DF81330 		strb	r3, [sp, #19]
 326:main.c        ****                 OutArray[12] = (uint8_t)(OutZ_rounded >> 24);  
 445              		.loc 1 326 0
 446 0282 000E     		lsrs	r0, r0, #24
 447              	.LVL90:
 448 0284 8DF81400 		strb	r0, [sp, #20]
 327:main.c        ****                 
 328:main.c        ****                 //I'm sending the values in mm/s^2 to keep the information of the first 3 decimals 
 329:main.c        ****         
 330:main.c        ****                 UART_Debug_PutArray(OutArray, 14);
 449              		.loc 1 330 0
 450 0288 0E21     		movs	r1, #14
 451 028a 02A8     		add	r0, sp, #8
 452 028c FFF7FEFF 		bl	UART_Debug_PutArray
 453              	.LVL91:
 454 0290 69E7     		b	.L17
 455              	.L22:
 456 0292 00BFAFF3 		.align	3
 456      0080
 457              	.L21:
 458 0298 1F85EB51 		.word	1374389535
 459 029c B89E2340 		.word	1076076216
 460 02a0 00000000 		.word	.LC0
 461 02a4 20000000 		.word	.LC1
 462 02a8 3C000000 		.word	.LC2
 463 02ac 78000000 		.word	.LC3
 464 02b0 98000000 		.word	.LC4
 465 02b4 D4000000 		.word	.LC5
ARM GAS  C:\Users\indya\AppData\Local\Temp\ccbbFjkm.s 			page 15


 466 02b8 F0000000 		.word	.LC6
 467 02bc 28010000 		.word	.LC7
 468 02c0 64010000 		.word	.LC8
 469 02c4 9C010000 		.word	.LC9
 470 02c8 BC010000 		.word	.LC10
 471 02cc F8010000 		.word	.LC11
 472 02d0 00000000 		.word	timer_flag
 473 02d4 00000000 		.word	custom_TIMER_ISR
 474 02d8 0000E03F 		.word	1071644672
 475              		.cfi_endproc
 476              	.LFE64:
 477              		.size	main, .-main
 478              		.comm	timer_flag,1,1
 479              		.section	.rodata.str1.4,"aMS",%progbits,1
 480              		.align	2
 481              	.LC0:
 482 0000 44657669 		.ascii	"Device 0x%02X is connected\015\012\000"
 482      63652030 
 482      78253032 
 482      58206973 
 482      20636F6E 
 483 001d 000000   		.space	3
 484              	.LC1:
 485 0020 53544154 		.ascii	"STATUS REGISTER: 0x%02X\015\012\000"
 485      55532052 
 485      45474953 
 485      5445523A 
 485      20307825 
 486 003a 0000     		.space	2
 487              	.LC2:
 488 003c 4572726F 		.ascii	"Error occurred during I2C comm to read status regis"
 488      72206F63 
 488      63757272 
 488      65642064 
 488      7572696E 
 489 006f 7465720D 		.ascii	"ter\015\012\000"
 489      0A00
 490 0075 000000   		.space	3
 491              	.LC3:
 492 0078 434F4E54 		.ascii	"CONTROL REGISTER 1: 0x%02X\015\012\000"
 492      524F4C20 
 492      52454749 
 492      53544552 
 492      20313A20 
 493 0095 000000   		.space	3
 494              	.LC4:
 495 0098 4572726F 		.ascii	"Error occurred during I2C comm to read control regi"
 495      72206F63 
 495      63757272 
 495      65642064 
 495      7572696E 
 496 00cb 73746572 		.ascii	"ster 1\015\012\000"
 496      20310D0A 
 496      00
 497              	.LC5:
 498 00d4 0D0A5772 		.ascii	"\015\012Writing new values..\015\012\000"
 498      6974696E 
ARM GAS  C:\Users\indya\AppData\Local\Temp\ccbbFjkm.s 			page 16


 498      67206E65 
 498      77207661 
 498      6C756573 
 499 00ed 000000   		.space	3
 500              	.LC6:
 501 00f0 434F4E54 		.ascii	"CONTROL REGISTER 1 successfully written as: 0x%02X\015"
 501      524F4C20 
 501      52454749 
 501      53544552 
 501      20312073 
 502 0123 0A00     		.ascii	"\012\000"
 503 0125 000000   		.space	3
 504              	.LC7:
 505 0128 4572726F 		.ascii	"Error occurred during I2C comm to set control regis"
 505      72206F63 
 505      63757272 
 505      65642064 
 505      7572696E 
 506 015b 74657220 		.ascii	"ter 1\015\012\000"
 506      310D0A00 
 507 0163 00       		.space	1
 508              	.LC8:
 509 0164 434F4E54 		.ascii	"CONTROL REGISTER 1 after overwrite operation: 0x%02"
 509      524F4C20 
 509      52454749 
 509      53544552 
 509      20312061 
 510 0197 580D0A00 		.ascii	"X\015\012\000"
 511 019b 00       		.space	1
 512              	.LC9:
 513 019c 434F4E54 		.ascii	"CONTROL REGISTER 4: 0x%02X\015\012\000"
 513      524F4C20 
 513      52454749 
 513      53544552 
 513      20343A20 
 514 01b9 000000   		.space	3
 515              	.LC10:
 516 01bc 4572726F 		.ascii	"Error occurred during I2C comm to read control regi"
 516      72206F63 
 516      63757272 
 516      65642064 
 516      7572696E 
 517 01ef 73746572 		.ascii	"ster4\015\012\000"
 517      340D0A00 
 518 01f7 00       		.space	1
 519              	.LC11:
 520 01f8 434F4E54 		.ascii	"CONTROL REGISTER 4 after being updated: 0x%02X\015\012"
 520      524F4C20 
 520      52454749 
 520      53544552 
 520      20342061 
 521 0228 00       		.ascii	"\000"
 522              		.text
 523              	.Letext0:
 524              		.file 2 "c:\\program files (x86)\\cypress\\psoc creator\\4.3\\psoc creator\\import\\gnu\\arm\\5.4.
 525              		.file 3 "c:\\program files (x86)\\cypress\\psoc creator\\4.3\\psoc creator\\import\\gnu\\arm\\5.4.
 526              		.file 4 "Generated_Source\\PSoC5/cytypes.h"
ARM GAS  C:\Users\indya\AppData\Local\Temp\ccbbFjkm.s 			page 17


 527              		.file 5 "ErrorCodes.h"
 528              		.file 6 "InterruptRoutines.h"
 529              		.file 7 "Generated_Source\\PSoC5/core_cm3.h"
 530              		.file 8 "I2C_Interface.h"
 531              		.file 9 "c:\\program files (x86)\\cypress\\psoc creator\\4.3\\psoc creator\\import\\gnu\\arm\\5.4.
 532              		.file 10 "Generated_Source\\PSoC5/UART_Debug.h"
 533              		.file 11 "Generated_Source\\PSoC5/CyLib.h"
 534              		.file 12 "Generated_Source\\PSoC5/isr.h"
 535              		.file 13 "Generated_Source\\PSoC5/Timer.h"
 536              		.section	.debug_info,"",%progbits
 537              	.Ldebug_info0:
 538 0000 97060000 		.4byte	0x697
 539 0004 0400     		.2byte	0x4
 540 0006 00000000 		.4byte	.Ldebug_abbrev0
 541 000a 04       		.byte	0x4
 542 000b 01       		.uleb128 0x1
 543 000c 2F020000 		.4byte	.LASF58
 544 0010 0C       		.byte	0xc
 545 0011 30030000 		.4byte	.LASF59
 546 0015 DF020000 		.4byte	.LASF60
 547 0019 00000000 		.4byte	.Ldebug_ranges0+0
 548 001d 00000000 		.4byte	0
 549 0021 00000000 		.4byte	.Ldebug_line0
 550 0025 02       		.uleb128 0x2
 551 0026 01       		.byte	0x1
 552 0027 06       		.byte	0x6
 553 0028 6D010000 		.4byte	.LASF0
 554 002c 03       		.uleb128 0x3
 555 002d 2E010000 		.4byte	.LASF4
 556 0031 02       		.byte	0x2
 557 0032 1D       		.byte	0x1d
 558 0033 37000000 		.4byte	0x37
 559 0037 02       		.uleb128 0x2
 560 0038 01       		.byte	0x1
 561 0039 08       		.byte	0x8
 562 003a 4A010000 		.4byte	.LASF1
 563 003e 02       		.uleb128 0x2
 564 003f 02       		.byte	0x2
 565 0040 05       		.byte	0x5
 566 0041 43000000 		.4byte	.LASF2
 567 0045 02       		.uleb128 0x2
 568 0046 02       		.byte	0x2
 569 0047 07       		.byte	0x7
 570 0048 1C020000 		.4byte	.LASF3
 571 004c 03       		.uleb128 0x3
 572 004d 60030000 		.4byte	.LASF5
 573 0051 02       		.byte	0x2
 574 0052 3F       		.byte	0x3f
 575 0053 57000000 		.4byte	0x57
 576 0057 02       		.uleb128 0x2
 577 0058 04       		.byte	0x4
 578 0059 05       		.byte	0x5
 579 005a 16010000 		.4byte	.LASF6
 580 005e 02       		.uleb128 0x2
 581 005f 04       		.byte	0x4
 582 0060 07       		.byte	0x7
 583 0061 E8010000 		.4byte	.LASF7
ARM GAS  C:\Users\indya\AppData\Local\Temp\ccbbFjkm.s 			page 18


 584 0065 02       		.uleb128 0x2
 585 0066 08       		.byte	0x8
 586 0067 05       		.byte	0x5
 587 0068 FC000000 		.4byte	.LASF8
 588 006c 02       		.uleb128 0x2
 589 006d 08       		.byte	0x8
 590 006e 07       		.byte	0x7
 591 006f 9A010000 		.4byte	.LASF9
 592 0073 04       		.uleb128 0x4
 593 0074 04       		.byte	0x4
 594 0075 05       		.byte	0x5
 595 0076 696E7400 		.ascii	"int\000"
 596 007a 02       		.uleb128 0x2
 597 007b 04       		.byte	0x4
 598 007c 07       		.byte	0x7
 599 007d DB010000 		.4byte	.LASF10
 600 0081 03       		.uleb128 0x3
 601 0082 C9000000 		.4byte	.LASF11
 602 0086 03       		.byte	0x3
 603 0087 18       		.byte	0x18
 604 0088 2C000000 		.4byte	0x2c
 605 008c 03       		.uleb128 0x3
 606 008d C2020000 		.4byte	.LASF12
 607 0091 03       		.byte	0x3
 608 0092 2C       		.byte	0x2c
 609 0093 4C000000 		.4byte	0x4c
 610 0097 05       		.uleb128 0x5
 611 0098 CA020000 		.4byte	.LASF13
 612 009c 04       		.byte	0x4
 613 009d E401     		.2byte	0x1e4
 614 009f 37000000 		.4byte	0x37
 615 00a3 05       		.uleb128 0x5
 616 00a4 D1000000 		.4byte	.LASF14
 617 00a8 04       		.byte	0x4
 618 00a9 E801     		.2byte	0x1e8
 619 00ab 3E000000 		.4byte	0x3e
 620 00af 05       		.uleb128 0x5
 621 00b0 3F030000 		.4byte	.LASF15
 622 00b4 04       		.byte	0x4
 623 00b5 E901     		.2byte	0x1e9
 624 00b7 57000000 		.4byte	0x57
 625 00bb 05       		.uleb128 0x5
 626 00bc 3B000000 		.4byte	.LASF16
 627 00c0 04       		.byte	0x4
 628 00c1 EA01     		.2byte	0x1ea
 629 00c3 C7000000 		.4byte	0xc7
 630 00c7 02       		.uleb128 0x2
 631 00c8 04       		.byte	0x4
 632 00c9 04       		.byte	0x4
 633 00ca F6000000 		.4byte	.LASF17
 634 00ce 02       		.uleb128 0x2
 635 00cf 08       		.byte	0x8
 636 00d0 04       		.byte	0x4
 637 00d1 45030000 		.4byte	.LASF18
 638 00d5 02       		.uleb128 0x2
 639 00d6 01       		.byte	0x1
 640 00d7 08       		.byte	0x8
ARM GAS  C:\Users\indya\AppData\Local\Temp\ccbbFjkm.s 			page 19


 641 00d8 BD020000 		.4byte	.LASF19
 642 00dc 06       		.uleb128 0x6
 643 00dd 97000000 		.4byte	0x97
 644 00e1 07       		.uleb128 0x7
 645 00e2 01       		.byte	0x1
 646 00e3 37000000 		.4byte	0x37
 647 00e7 05       		.byte	0x5
 648 00e8 15       		.byte	0x15
 649 00e9 FA000000 		.4byte	0xfa
 650 00ed 08       		.uleb128 0x8
 651 00ee 32000000 		.4byte	.LASF20
 652 00f2 00       		.byte	0
 653 00f3 08       		.uleb128 0x8
 654 00f4 38010000 		.4byte	.LASF21
 655 00f8 01       		.byte	0x1
 656 00f9 00       		.byte	0
 657 00fa 03       		.uleb128 0x3
 658 00fb BD030000 		.4byte	.LASF22
 659 00ff 05       		.byte	0x5
 660 0100 18       		.byte	0x18
 661 0101 E1000000 		.4byte	0xe1
 662 0105 02       		.uleb128 0x2
 663 0106 08       		.byte	0x8
 664 0107 04       		.byte	0x4
 665 0108 3E010000 		.4byte	.LASF23
 666 010c 02       		.uleb128 0x2
 667 010d 04       		.byte	0x4
 668 010e 07       		.byte	0x7
 669 010f 69000000 		.4byte	.LASF24
 670 0113 09       		.uleb128 0x9
 671 0114 9E000000 		.4byte	.LASF61
 672 0118 01       		.byte	0x1
 673 0119 46       		.byte	0x46
 674 011a 73000000 		.4byte	0x73
 675 011e 00000000 		.4byte	.LFB64
 676 0122 DC020000 		.4byte	.LFE64-.LFB64
 677 0126 01       		.uleb128 0x1
 678 0127 9C       		.byte	0x9c
 679 0128 B9050000 		.4byte	0x5b9
 680 012c 0A       		.uleb128 0xa
 681 012d 37030000 		.4byte	.LASF25
 682 0131 01       		.byte	0x1
 683 0132 51       		.byte	0x51
 684 0133 B9050000 		.4byte	0x5b9
 685 0137 02       		.uleb128 0x2
 686 0138 91       		.byte	0x91
 687 0139 44       		.sleb128 -60
 688 013a 0B       		.uleb128 0xb
 689 013b 8C030000 		.4byte	.LASF26
 690 013f 01       		.byte	0x1
 691 0140 64       		.byte	0x64
 692 0141 FA000000 		.4byte	0xfa
 693 0145 00000000 		.4byte	.LLST0
 694 0149 0A       		.uleb128 0xa
 695 014a D7000000 		.4byte	.LASF27
 696 014e 01       		.byte	0x1
 697 014f 6B       		.byte	0x6b
ARM GAS  C:\Users\indya\AppData\Local\Temp\ccbbFjkm.s 			page 20


 698 0150 81000000 		.4byte	0x81
 699 0154 02       		.uleb128 0x2
 700 0155 91       		.byte	0x91
 701 0156 43       		.sleb128 -61
 702 0157 0A       		.uleb128 0xa
 703 0158 00000000 		.4byte	.LASF28
 704 015c 01       		.byte	0x1
 705 015d 7D       		.byte	0x7d
 706 015e 81000000 		.4byte	0x81
 707 0162 02       		.uleb128 0x2
 708 0163 91       		.byte	0x91
 709 0164 42       		.sleb128 -62
 710 0165 0A       		.uleb128 0xa
 711 0166 1F000000 		.4byte	.LASF29
 712 016a 01       		.byte	0x1
 713 016b BF       		.byte	0xbf
 714 016c 81000000 		.4byte	0x81
 715 0170 02       		.uleb128 0x2
 716 0171 91       		.byte	0x91
 717 0172 41       		.sleb128 -63
 718 0173 0B       		.uleb128 0xb
 719 0174 A6030000 		.4byte	.LASF30
 720 0178 01       		.byte	0x1
 721 0179 E5       		.byte	0xe5
 722 017a A3000000 		.4byte	0xa3
 723 017e 97000000 		.4byte	.LLST1
 724 0182 0B       		.uleb128 0xb
 725 0183 AB030000 		.4byte	.LASF31
 726 0187 01       		.byte	0x1
 727 0188 E6       		.byte	0xe6
 728 0189 A3000000 		.4byte	0xa3
 729 018d D0000000 		.4byte	.LLST2
 730 0191 0B       		.uleb128 0xb
 731 0192 B0030000 		.4byte	.LASF32
 732 0196 01       		.byte	0x1
 733 0197 E7       		.byte	0xe7
 734 0198 A3000000 		.4byte	0xa3
 735 019c 09010000 		.4byte	.LLST3
 736 01a0 0B       		.uleb128 0xb
 737 01a1 1F010000 		.4byte	.LASF33
 738 01a5 01       		.byte	0x1
 739 01a6 EA       		.byte	0xea
 740 01a7 BB000000 		.4byte	0xbb
 741 01ab 42010000 		.4byte	.LLST4
 742 01af 0B       		.uleb128 0xb
 743 01b0 E7000000 		.4byte	.LASF34
 744 01b4 01       		.byte	0x1
 745 01b5 EB       		.byte	0xeb
 746 01b6 BB000000 		.4byte	0xbb
 747 01ba 55010000 		.4byte	.LLST5
 748 01be 0B       		.uleb128 0xb
 749 01bf D0020000 		.4byte	.LASF35
 750 01c3 01       		.byte	0x1
 751 01c4 EC       		.byte	0xec
 752 01c5 BB000000 		.4byte	0xbb
 753 01c9 68010000 		.4byte	.LLST6
 754 01cd 0B       		.uleb128 0xb
ARM GAS  C:\Users\indya\AppData\Local\Temp\ccbbFjkm.s 			page 21


 755 01ce 60010000 		.4byte	.LASF36
 756 01d2 01       		.byte	0x1
 757 01d3 EE       		.byte	0xee
 758 01d4 8C000000 		.4byte	0x8c
 759 01d8 7B010000 		.4byte	.LLST7
 760 01dc 0B       		.uleb128 0xb
 761 01dd CE010000 		.4byte	.LASF37
 762 01e1 01       		.byte	0x1
 763 01e2 EF       		.byte	0xef
 764 01e3 8C000000 		.4byte	0x8c
 765 01e7 8E010000 		.4byte	.LLST8
 766 01eb 0B       		.uleb128 0xb
 767 01ec FA010000 		.4byte	.LASF38
 768 01f0 01       		.byte	0x1
 769 01f1 F0       		.byte	0xf0
 770 01f2 8C000000 		.4byte	0x8c
 771 01f6 A1010000 		.4byte	.LLST9
 772 01fa 0C       		.uleb128 0xc
 773 01fb B6000000 		.4byte	.LASF39
 774 01ff 01       		.byte	0x1
 775 0200 F3       		.byte	0xf3
 776 0201 81000000 		.4byte	0x81
 777 0205 A07F     		.sleb128 -96
 778 0207 0C       		.uleb128 0xc
 779 0208 59030000 		.4byte	.LASF40
 780 020c 01       		.byte	0x1
 781 020d F4       		.byte	0xf4
 782 020e 81000000 		.4byte	0x81
 783 0212 40       		.sleb128 -64
 784 0213 0A       		.uleb128 0xa
 785 0214 29000000 		.4byte	.LASF41
 786 0218 01       		.byte	0x1
 787 0219 F5       		.byte	0xf5
 788 021a C9050000 		.4byte	0x5c9
 789 021e 03       		.uleb128 0x3
 790 021f 91       		.byte	0x91
 791 0220 B07F     		.sleb128 -80
 792 0222 0A       		.uleb128 0xa
 793 0223 6A030000 		.4byte	.LASF42
 794 0227 01       		.byte	0x1
 795 0228 F6       		.byte	0xf6
 796 0229 D9050000 		.4byte	0x5d9
 797 022d 03       		.uleb128 0x3
 798 022e 91       		.byte	0x91
 799 022f A87F     		.sleb128 -88
 800 0231 0D       		.uleb128 0xd
 801 0232 14000000 		.4byte	.LBB2
 802 0236 22000000 		.4byte	.LBE2-.LBB2
 803 023a 93020000 		.4byte	0x293
 804 023e 0E       		.uleb128 0xe
 805 023f 6900     		.ascii	"i\000"
 806 0241 01       		.byte	0x1
 807 0242 54       		.byte	0x54
 808 0243 73000000 		.4byte	0x73
 809 0247 B4010000 		.4byte	.LLST10
 810 024b 0F       		.uleb128 0xf
 811 024c 1E000000 		.4byte	.LVL4
ARM GAS  C:\Users\indya\AppData\Local\Temp\ccbbFjkm.s 			page 22


 812 0250 0B060000 		.4byte	0x60b
 813 0254 5F020000 		.4byte	0x25f
 814 0258 10       		.uleb128 0x10
 815 0259 01       		.uleb128 0x1
 816 025a 50       		.byte	0x50
 817 025b 02       		.uleb128 0x2
 818 025c 74       		.byte	0x74
 819 025d 00       		.sleb128 0
 820 025e 00       		.byte	0
 821 025f 0F       		.uleb128 0xf
 822 0260 2A000000 		.4byte	.LVL5
 823 0264 16060000 		.4byte	0x616
 824 0268 82020000 		.4byte	0x282
 825 026c 10       		.uleb128 0x10
 826 026d 01       		.uleb128 0x1
 827 026e 50       		.byte	0x50
 828 026f 02       		.uleb128 0x2
 829 0270 91       		.byte	0x91
 830 0271 44       		.sleb128 -60
 831 0272 10       		.uleb128 0x10
 832 0273 01       		.uleb128 0x1
 833 0274 51       		.byte	0x51
 834 0275 05       		.uleb128 0x5
 835 0276 03       		.byte	0x3
 836 0277 00000000 		.4byte	.LC0
 837 027b 10       		.uleb128 0x10
 838 027c 01       		.uleb128 0x1
 839 027d 52       		.byte	0x52
 840 027e 02       		.uleb128 0x2
 841 027f 74       		.byte	0x74
 842 0280 00       		.sleb128 0
 843 0281 00       		.byte	0
 844 0282 11       		.uleb128 0x11
 845 0283 30000000 		.4byte	.LVL6
 846 0287 21060000 		.4byte	0x621
 847 028b 10       		.uleb128 0x10
 848 028c 01       		.uleb128 0x1
 849 028d 50       		.byte	0x50
 850 028e 02       		.uleb128 0x2
 851 028f 91       		.byte	0x91
 852 0290 44       		.sleb128 -60
 853 0291 00       		.byte	0
 854 0292 00       		.byte	0
 855 0293 12       		.uleb128 0x12
 856 0294 0A000000 		.4byte	.LVL0
 857 0298 2C060000 		.4byte	0x62c
 858 029c 12       		.uleb128 0x12
 859 029d 0E000000 		.4byte	.LVL1
 860 02a1 37060000 		.4byte	0x637
 861 02a5 0F       		.uleb128 0xf
 862 02a6 14000000 		.4byte	.LVL2
 863 02aa 42060000 		.4byte	0x642
 864 02ae B8020000 		.4byte	0x2b8
 865 02b2 10       		.uleb128 0x10
 866 02b3 01       		.uleb128 0x1
 867 02b4 50       		.byte	0x50
 868 02b5 01       		.uleb128 0x1
ARM GAS  C:\Users\indya\AppData\Local\Temp\ccbbFjkm.s 			page 23


 869 02b6 35       		.byte	0x35
 870 02b7 00       		.byte	0
 871 02b8 0F       		.uleb128 0xf
 872 02b9 42000000 		.4byte	.LVL8
 873 02bd 4D060000 		.4byte	0x64d
 874 02c1 D7020000 		.4byte	0x2d7
 875 02c5 10       		.uleb128 0x10
 876 02c6 01       		.uleb128 0x1
 877 02c7 50       		.byte	0x50
 878 02c8 01       		.uleb128 0x1
 879 02c9 48       		.byte	0x48
 880 02ca 10       		.uleb128 0x10
 881 02cb 01       		.uleb128 0x1
 882 02cc 51       		.byte	0x51
 883 02cd 02       		.uleb128 0x2
 884 02ce 08       		.byte	0x8
 885 02cf 27       		.byte	0x27
 886 02d0 10       		.uleb128 0x10
 887 02d1 01       		.uleb128 0x1
 888 02d2 52       		.byte	0x52
 889 02d3 02       		.uleb128 0x2
 890 02d4 91       		.byte	0x91
 891 02d5 43       		.sleb128 -61
 892 02d6 00       		.byte	0
 893 02d7 0F       		.uleb128 0xf
 894 02d8 50000000 		.4byte	.LVL10
 895 02dc 16060000 		.4byte	0x616
 896 02e0 F4020000 		.4byte	0x2f4
 897 02e4 10       		.uleb128 0x10
 898 02e5 01       		.uleb128 0x1
 899 02e6 50       		.byte	0x50
 900 02e7 02       		.uleb128 0x2
 901 02e8 91       		.byte	0x91
 902 02e9 44       		.sleb128 -60
 903 02ea 10       		.uleb128 0x10
 904 02eb 01       		.uleb128 0x1
 905 02ec 51       		.byte	0x51
 906 02ed 05       		.uleb128 0x5
 907 02ee 03       		.byte	0x3
 908 02ef 20000000 		.4byte	.LC1
 909 02f3 00       		.byte	0
 910 02f4 0F       		.uleb128 0xf
 911 02f5 56000000 		.4byte	.LVL11
 912 02f9 21060000 		.4byte	0x621
 913 02fd 08030000 		.4byte	0x308
 914 0301 10       		.uleb128 0x10
 915 0302 01       		.uleb128 0x1
 916 0303 50       		.byte	0x50
 917 0304 02       		.uleb128 0x2
 918 0305 91       		.byte	0x91
 919 0306 44       		.sleb128 -60
 920 0307 00       		.byte	0
 921 0308 0F       		.uleb128 0xf
 922 0309 5E000000 		.4byte	.LVL14
 923 030d 21060000 		.4byte	0x621
 924 0311 1F030000 		.4byte	0x31f
 925 0315 10       		.uleb128 0x10
ARM GAS  C:\Users\indya\AppData\Local\Temp\ccbbFjkm.s 			page 24


 926 0316 01       		.uleb128 0x1
 927 0317 50       		.byte	0x50
 928 0318 05       		.uleb128 0x5
 929 0319 03       		.byte	0x3
 930 031a 3C000000 		.4byte	.LC2
 931 031e 00       		.byte	0
 932 031f 0F       		.uleb128 0xf
 933 0320 6A000000 		.4byte	.LVL15
 934 0324 4D060000 		.4byte	0x64d
 935 0328 3E030000 		.4byte	0x33e
 936 032c 10       		.uleb128 0x10
 937 032d 01       		.uleb128 0x1
 938 032e 50       		.byte	0x50
 939 032f 01       		.uleb128 0x1
 940 0330 48       		.byte	0x48
 941 0331 10       		.uleb128 0x10
 942 0332 01       		.uleb128 0x1
 943 0333 51       		.byte	0x51
 944 0334 02       		.uleb128 0x2
 945 0335 08       		.byte	0x8
 946 0336 20       		.byte	0x20
 947 0337 10       		.uleb128 0x10
 948 0338 01       		.uleb128 0x1
 949 0339 52       		.byte	0x52
 950 033a 02       		.uleb128 0x2
 951 033b 91       		.byte	0x91
 952 033c 42       		.sleb128 -62
 953 033d 00       		.byte	0
 954 033e 0F       		.uleb128 0xf
 955 033f 78000000 		.4byte	.LVL17
 956 0343 16060000 		.4byte	0x616
 957 0347 5B030000 		.4byte	0x35b
 958 034b 10       		.uleb128 0x10
 959 034c 01       		.uleb128 0x1
 960 034d 50       		.byte	0x50
 961 034e 02       		.uleb128 0x2
 962 034f 91       		.byte	0x91
 963 0350 44       		.sleb128 -60
 964 0351 10       		.uleb128 0x10
 965 0352 01       		.uleb128 0x1
 966 0353 51       		.byte	0x51
 967 0354 05       		.uleb128 0x5
 968 0355 03       		.byte	0x3
 969 0356 78000000 		.4byte	.LC3
 970 035a 00       		.byte	0
 971 035b 0F       		.uleb128 0xf
 972 035c 7E000000 		.4byte	.LVL18
 973 0360 21060000 		.4byte	0x621
 974 0364 6F030000 		.4byte	0x36f
 975 0368 10       		.uleb128 0x10
 976 0369 01       		.uleb128 0x1
 977 036a 50       		.byte	0x50
 978 036b 02       		.uleb128 0x2
 979 036c 91       		.byte	0x91
 980 036d 44       		.sleb128 -60
 981 036e 00       		.byte	0
 982 036f 0F       		.uleb128 0xf
ARM GAS  C:\Users\indya\AppData\Local\Temp\ccbbFjkm.s 			page 25


 983 0370 86000000 		.4byte	.LVL21
 984 0374 21060000 		.4byte	0x621
 985 0378 86030000 		.4byte	0x386
 986 037c 10       		.uleb128 0x10
 987 037d 01       		.uleb128 0x1
 988 037e 50       		.byte	0x50
 989 037f 05       		.uleb128 0x5
 990 0380 03       		.byte	0x3
 991 0381 98000000 		.4byte	.LC4
 992 0385 00       		.byte	0
 993 0386 0F       		.uleb128 0xf
 994 0387 8C000000 		.4byte	.LVL22
 995 038b 21060000 		.4byte	0x621
 996 038f 9D030000 		.4byte	0x39d
 997 0393 10       		.uleb128 0x10
 998 0394 01       		.uleb128 0x1
 999 0395 50       		.byte	0x50
 1000 0396 05       		.uleb128 0x5
 1001 0397 03       		.byte	0x3
 1002 0398 D4000000 		.4byte	.LC5
 1003 039c 00       		.byte	0
 1004 039d 0F       		.uleb128 0xf
 1005 039e A2000000 		.4byte	.LVL23
 1006 03a2 58060000 		.4byte	0x658
 1007 03a6 BC030000 		.4byte	0x3bc
 1008 03aa 10       		.uleb128 0x10
 1009 03ab 01       		.uleb128 0x1
 1010 03ac 50       		.byte	0x50
 1011 03ad 01       		.uleb128 0x1
 1012 03ae 48       		.byte	0x48
 1013 03af 10       		.uleb128 0x10
 1014 03b0 01       		.uleb128 0x1
 1015 03b1 51       		.byte	0x51
 1016 03b2 02       		.uleb128 0x2
 1017 03b3 08       		.byte	0x8
 1018 03b4 20       		.byte	0x20
 1019 03b5 10       		.uleb128 0x10
 1020 03b6 01       		.uleb128 0x1
 1021 03b7 52       		.byte	0x52
 1022 03b8 02       		.uleb128 0x2
 1023 03b9 08       		.byte	0x8
 1024 03ba 57       		.byte	0x57
 1025 03bb 00       		.byte	0
 1026 03bc 0F       		.uleb128 0xf
 1027 03bd B0000000 		.4byte	.LVL25
 1028 03c1 16060000 		.4byte	0x616
 1029 03c5 D9030000 		.4byte	0x3d9
 1030 03c9 10       		.uleb128 0x10
 1031 03ca 01       		.uleb128 0x1
 1032 03cb 50       		.byte	0x50
 1033 03cc 02       		.uleb128 0x2
 1034 03cd 91       		.byte	0x91
 1035 03ce 44       		.sleb128 -60
 1036 03cf 10       		.uleb128 0x10
 1037 03d0 01       		.uleb128 0x1
 1038 03d1 51       		.byte	0x51
 1039 03d2 05       		.uleb128 0x5
ARM GAS  C:\Users\indya\AppData\Local\Temp\ccbbFjkm.s 			page 26


 1040 03d3 03       		.byte	0x3
 1041 03d4 F0000000 		.4byte	.LC6
 1042 03d8 00       		.byte	0
 1043 03d9 0F       		.uleb128 0xf
 1044 03da B6000000 		.4byte	.LVL26
 1045 03de 21060000 		.4byte	0x621
 1046 03e2 ED030000 		.4byte	0x3ed
 1047 03e6 10       		.uleb128 0x10
 1048 03e7 01       		.uleb128 0x1
 1049 03e8 50       		.byte	0x50
 1050 03e9 02       		.uleb128 0x2
 1051 03ea 91       		.byte	0x91
 1052 03eb 44       		.sleb128 -60
 1053 03ec 00       		.byte	0
 1054 03ed 0F       		.uleb128 0xf
 1055 03ee BE000000 		.4byte	.LVL29
 1056 03f2 21060000 		.4byte	0x621
 1057 03f6 04040000 		.4byte	0x404
 1058 03fa 10       		.uleb128 0x10
 1059 03fb 01       		.uleb128 0x1
 1060 03fc 50       		.byte	0x50
 1061 03fd 05       		.uleb128 0x5
 1062 03fe 03       		.byte	0x3
 1063 03ff 28010000 		.4byte	.LC7
 1064 0403 00       		.byte	0
 1065 0404 0F       		.uleb128 0xf
 1066 0405 CA000000 		.4byte	.LVL30
 1067 0409 4D060000 		.4byte	0x64d
 1068 040d 23040000 		.4byte	0x423
 1069 0411 10       		.uleb128 0x10
 1070 0412 01       		.uleb128 0x1
 1071 0413 50       		.byte	0x50
 1072 0414 01       		.uleb128 0x1
 1073 0415 48       		.byte	0x48
 1074 0416 10       		.uleb128 0x10
 1075 0417 01       		.uleb128 0x1
 1076 0418 51       		.byte	0x51
 1077 0419 02       		.uleb128 0x2
 1078 041a 08       		.byte	0x8
 1079 041b 20       		.byte	0x20
 1080 041c 10       		.uleb128 0x10
 1081 041d 01       		.uleb128 0x1
 1082 041e 52       		.byte	0x52
 1083 041f 02       		.uleb128 0x2
 1084 0420 91       		.byte	0x91
 1085 0421 42       		.sleb128 -62
 1086 0422 00       		.byte	0
 1087 0423 0F       		.uleb128 0xf
 1088 0424 D8000000 		.4byte	.LVL32
 1089 0428 16060000 		.4byte	0x616
 1090 042c 40040000 		.4byte	0x440
 1091 0430 10       		.uleb128 0x10
 1092 0431 01       		.uleb128 0x1
 1093 0432 50       		.byte	0x50
 1094 0433 02       		.uleb128 0x2
 1095 0434 91       		.byte	0x91
 1096 0435 44       		.sleb128 -60
ARM GAS  C:\Users\indya\AppData\Local\Temp\ccbbFjkm.s 			page 27


 1097 0436 10       		.uleb128 0x10
 1098 0437 01       		.uleb128 0x1
 1099 0438 51       		.byte	0x51
 1100 0439 05       		.uleb128 0x5
 1101 043a 03       		.byte	0x3
 1102 043b 64010000 		.4byte	.LC8
 1103 043f 00       		.byte	0
 1104 0440 0F       		.uleb128 0xf
 1105 0441 DE000000 		.4byte	.LVL33
 1106 0445 21060000 		.4byte	0x621
 1107 0449 54040000 		.4byte	0x454
 1108 044d 10       		.uleb128 0x10
 1109 044e 01       		.uleb128 0x1
 1110 044f 50       		.byte	0x50
 1111 0450 02       		.uleb128 0x2
 1112 0451 91       		.byte	0x91
 1113 0452 44       		.sleb128 -60
 1114 0453 00       		.byte	0
 1115 0454 0F       		.uleb128 0xf
 1116 0455 E6000000 		.4byte	.LVL36
 1117 0459 21060000 		.4byte	0x621
 1118 045d 6B040000 		.4byte	0x46b
 1119 0461 10       		.uleb128 0x10
 1120 0462 01       		.uleb128 0x1
 1121 0463 50       		.byte	0x50
 1122 0464 05       		.uleb128 0x5
 1123 0465 03       		.byte	0x3
 1124 0466 98000000 		.4byte	.LC4
 1125 046a 00       		.byte	0
 1126 046b 0F       		.uleb128 0xf
 1127 046c F2000000 		.4byte	.LVL37
 1128 0470 4D060000 		.4byte	0x64d
 1129 0474 8A040000 		.4byte	0x48a
 1130 0478 10       		.uleb128 0x10
 1131 0479 01       		.uleb128 0x1
 1132 047a 50       		.byte	0x50
 1133 047b 01       		.uleb128 0x1
 1134 047c 48       		.byte	0x48
 1135 047d 10       		.uleb128 0x10
 1136 047e 01       		.uleb128 0x1
 1137 047f 51       		.byte	0x51
 1138 0480 02       		.uleb128 0x2
 1139 0481 08       		.byte	0x8
 1140 0482 23       		.byte	0x23
 1141 0483 10       		.uleb128 0x10
 1142 0484 01       		.uleb128 0x1
 1143 0485 52       		.byte	0x52
 1144 0486 02       		.uleb128 0x2
 1145 0487 91       		.byte	0x91
 1146 0488 41       		.sleb128 -63
 1147 0489 00       		.byte	0
 1148 048a 0F       		.uleb128 0xf
 1149 048b 00010000 		.4byte	.LVL39
 1150 048f 16060000 		.4byte	0x616
 1151 0493 A7040000 		.4byte	0x4a7
 1152 0497 10       		.uleb128 0x10
 1153 0498 01       		.uleb128 0x1
ARM GAS  C:\Users\indya\AppData\Local\Temp\ccbbFjkm.s 			page 28


 1154 0499 50       		.byte	0x50
 1155 049a 02       		.uleb128 0x2
 1156 049b 91       		.byte	0x91
 1157 049c 44       		.sleb128 -60
 1158 049d 10       		.uleb128 0x10
 1159 049e 01       		.uleb128 0x1
 1160 049f 51       		.byte	0x51
 1161 04a0 05       		.uleb128 0x5
 1162 04a1 03       		.byte	0x3
 1163 04a2 9C010000 		.4byte	.LC9
 1164 04a6 00       		.byte	0
 1165 04a7 0F       		.uleb128 0xf
 1166 04a8 06010000 		.4byte	.LVL40
 1167 04ac 21060000 		.4byte	0x621
 1168 04b0 BB040000 		.4byte	0x4bb
 1169 04b4 10       		.uleb128 0x10
 1170 04b5 01       		.uleb128 0x1
 1171 04b6 50       		.byte	0x50
 1172 04b7 02       		.uleb128 0x2
 1173 04b8 91       		.byte	0x91
 1174 04b9 44       		.sleb128 -60
 1175 04ba 00       		.byte	0
 1176 04bb 0F       		.uleb128 0xf
 1177 04bc 0E010000 		.4byte	.LVL43
 1178 04c0 21060000 		.4byte	0x621
 1179 04c4 D2040000 		.4byte	0x4d2
 1180 04c8 10       		.uleb128 0x10
 1181 04c9 01       		.uleb128 0x1
 1182 04ca 50       		.byte	0x50
 1183 04cb 05       		.uleb128 0x5
 1184 04cc 03       		.byte	0x3
 1185 04cd BC010000 		.4byte	.LC10
 1186 04d1 00       		.byte	0
 1187 04d2 0F       		.uleb128 0xf
 1188 04d3 1E010000 		.4byte	.LVL45
 1189 04d7 58060000 		.4byte	0x658
 1190 04db F1040000 		.4byte	0x4f1
 1191 04df 10       		.uleb128 0x10
 1192 04e0 01       		.uleb128 0x1
 1193 04e1 50       		.byte	0x50
 1194 04e2 01       		.uleb128 0x1
 1195 04e3 48       		.byte	0x48
 1196 04e4 10       		.uleb128 0x10
 1197 04e5 01       		.uleb128 0x1
 1198 04e6 51       		.byte	0x51
 1199 04e7 02       		.uleb128 0x2
 1200 04e8 08       		.byte	0x8
 1201 04e9 23       		.byte	0x23
 1202 04ea 10       		.uleb128 0x10
 1203 04eb 01       		.uleb128 0x1
 1204 04ec 52       		.byte	0x52
 1205 04ed 02       		.uleb128 0x2
 1206 04ee 09       		.byte	0x9
 1207 04ef 98       		.byte	0x98
 1208 04f0 00       		.byte	0
 1209 04f1 0F       		.uleb128 0xf
 1210 04f2 28010000 		.4byte	.LVL46
ARM GAS  C:\Users\indya\AppData\Local\Temp\ccbbFjkm.s 			page 29


 1211 04f6 4D060000 		.4byte	0x64d
 1212 04fa 10050000 		.4byte	0x510
 1213 04fe 10       		.uleb128 0x10
 1214 04ff 01       		.uleb128 0x1
 1215 0500 50       		.byte	0x50
 1216 0501 01       		.uleb128 0x1
 1217 0502 48       		.byte	0x48
 1218 0503 10       		.uleb128 0x10
 1219 0504 01       		.uleb128 0x1
 1220 0505 51       		.byte	0x51
 1221 0506 02       		.uleb128 0x2
 1222 0507 08       		.byte	0x8
 1223 0508 23       		.byte	0x23
 1224 0509 10       		.uleb128 0x10
 1225 050a 01       		.uleb128 0x1
 1226 050b 52       		.byte	0x52
 1227 050c 02       		.uleb128 0x2
 1228 050d 74       		.byte	0x74
 1229 050e 00       		.sleb128 0
 1230 050f 00       		.byte	0
 1231 0510 0F       		.uleb128 0xf
 1232 0511 36010000 		.4byte	.LVL48
 1233 0515 16060000 		.4byte	0x616
 1234 0519 2D050000 		.4byte	0x52d
 1235 051d 10       		.uleb128 0x10
 1236 051e 01       		.uleb128 0x1
 1237 051f 50       		.byte	0x50
 1238 0520 02       		.uleb128 0x2
 1239 0521 91       		.byte	0x91
 1240 0522 44       		.sleb128 -60
 1241 0523 10       		.uleb128 0x10
 1242 0524 01       		.uleb128 0x1
 1243 0525 51       		.byte	0x51
 1244 0526 05       		.uleb128 0x5
 1245 0527 03       		.byte	0x3
 1246 0528 F8010000 		.4byte	.LC11
 1247 052c 00       		.byte	0
 1248 052d 0F       		.uleb128 0xf
 1249 052e 3C010000 		.4byte	.LVL49
 1250 0532 21060000 		.4byte	0x621
 1251 0536 41050000 		.4byte	0x541
 1252 053a 10       		.uleb128 0x10
 1253 053b 01       		.uleb128 0x1
 1254 053c 50       		.byte	0x50
 1255 053d 02       		.uleb128 0x2
 1256 053e 91       		.byte	0x91
 1257 053f 44       		.sleb128 -60
 1258 0540 00       		.byte	0
 1259 0541 0F       		.uleb128 0xf
 1260 0542 44010000 		.4byte	.LVL52
 1261 0546 21060000 		.4byte	0x621
 1262 054a 58050000 		.4byte	0x558
 1263 054e 10       		.uleb128 0x10
 1264 054f 01       		.uleb128 0x1
 1265 0550 50       		.byte	0x50
 1266 0551 05       		.uleb128 0x5
 1267 0552 03       		.byte	0x3
ARM GAS  C:\Users\indya\AppData\Local\Temp\ccbbFjkm.s 			page 30


 1268 0553 BC010000 		.4byte	.LC10
 1269 0557 00       		.byte	0
 1270 0558 12       		.uleb128 0x12
 1271 0559 5C010000 		.4byte	.LVL53
 1272 055d 63060000 		.4byte	0x663
 1273 0561 0F       		.uleb128 0xf
 1274 0562 62010000 		.4byte	.LVL54
 1275 0566 6E060000 		.4byte	0x66e
 1276 056a 75050000 		.4byte	0x575
 1277 056e 10       		.uleb128 0x10
 1278 056f 01       		.uleb128 0x1
 1279 0570 50       		.byte	0x50
 1280 0571 02       		.uleb128 0x2
 1281 0572 08       		.byte	0x8
 1282 0573 5F       		.byte	0x5f
 1283 0574 00       		.byte	0
 1284 0575 12       		.uleb128 0x12
 1285 0576 66010000 		.4byte	.LVL55
 1286 057a 79060000 		.4byte	0x679
 1287 057e 0F       		.uleb128 0xf
 1288 057f 82010000 		.4byte	.LVL56
 1289 0583 84060000 		.4byte	0x684
 1290 0587 A2050000 		.4byte	0x5a2
 1291 058b 10       		.uleb128 0x10
 1292 058c 01       		.uleb128 0x1
 1293 058d 50       		.byte	0x50
 1294 058e 01       		.uleb128 0x1
 1295 058f 48       		.byte	0x48
 1296 0590 10       		.uleb128 0x10
 1297 0591 01       		.uleb128 0x1
 1298 0592 51       		.byte	0x51
 1299 0593 02       		.uleb128 0x2
 1300 0594 08       		.byte	0x8
 1301 0595 28       		.byte	0x28
 1302 0596 10       		.uleb128 0x10
 1303 0597 01       		.uleb128 0x1
 1304 0598 52       		.byte	0x52
 1305 0599 01       		.uleb128 0x1
 1306 059a 36       		.byte	0x36
 1307 059b 10       		.uleb128 0x10
 1308 059c 01       		.uleb128 0x1
 1309 059d 53       		.byte	0x53
 1310 059e 02       		.uleb128 0x2
 1311 059f 7D       		.byte	0x7d
 1312 05a0 00       		.sleb128 0
 1313 05a1 00       		.byte	0
 1314 05a2 11       		.uleb128 0x11
 1315 05a3 90020000 		.4byte	.LVL91
 1316 05a7 8F060000 		.4byte	0x68f
 1317 05ab 10       		.uleb128 0x10
 1318 05ac 01       		.uleb128 0x1
 1319 05ad 50       		.byte	0x50
 1320 05ae 03       		.uleb128 0x3
 1321 05af 91       		.byte	0x91
 1322 05b0 B07F     		.sleb128 -80
 1323 05b2 10       		.uleb128 0x10
 1324 05b3 01       		.uleb128 0x1
ARM GAS  C:\Users\indya\AppData\Local\Temp\ccbbFjkm.s 			page 31


 1325 05b4 51       		.byte	0x51
 1326 05b5 01       		.uleb128 0x1
 1327 05b6 3E       		.byte	0x3e
 1328 05b7 00       		.byte	0
 1329 05b8 00       		.byte	0
 1330 05b9 13       		.uleb128 0x13
 1331 05ba D5000000 		.4byte	0xd5
 1332 05be C9050000 		.4byte	0x5c9
 1333 05c2 14       		.uleb128 0x14
 1334 05c3 0C010000 		.4byte	0x10c
 1335 05c7 31       		.byte	0x31
 1336 05c8 00       		.byte	0
 1337 05c9 13       		.uleb128 0x13
 1338 05ca 81000000 		.4byte	0x81
 1339 05ce D9050000 		.4byte	0x5d9
 1340 05d2 14       		.uleb128 0x14
 1341 05d3 0C010000 		.4byte	0x10c
 1342 05d7 0D       		.byte	0xd
 1343 05d8 00       		.byte	0
 1344 05d9 13       		.uleb128 0x13
 1345 05da 81000000 		.4byte	0x81
 1346 05de E9050000 		.4byte	0x5e9
 1347 05e2 14       		.uleb128 0x14
 1348 05e3 0C010000 		.4byte	0x10c
 1349 05e7 05       		.byte	0x5
 1350 05e8 00       		.byte	0
 1351 05e9 15       		.uleb128 0x15
 1352 05ea 72000000 		.4byte	.LASF43
 1353 05ee 06       		.byte	0x6
 1354 05ef 15       		.byte	0x15
 1355 05f0 DC000000 		.4byte	0xdc
 1356 05f4 05       		.uleb128 0x5
 1357 05f5 03       		.byte	0x3
 1358 05f6 00000000 		.4byte	timer_flag
 1359 05fa 16       		.uleb128 0x16
 1360 05fb 4C030000 		.4byte	.LASF44
 1361 05ff 07       		.byte	0x7
 1362 0600 1207     		.2byte	0x712
 1363 0602 06060000 		.4byte	0x606
 1364 0606 06       		.uleb128 0x6
 1365 0607 8C000000 		.4byte	0x8c
 1366 060b 17       		.uleb128 0x17
 1367 060c 7D000000 		.4byte	.LASF45
 1368 0610 7D000000 		.4byte	.LASF45
 1369 0614 08       		.byte	0x8
 1370 0615 5D       		.byte	0x5d
 1371 0616 17       		.uleb128 0x17
 1372 0617 58010000 		.4byte	.LASF46
 1373 061b 58010000 		.4byte	.LASF46
 1374 061f 09       		.byte	0x9
 1375 0620 E7       		.byte	0xe7
 1376 0621 17       		.uleb128 0x17
 1377 0622 0A000000 		.4byte	.LASF47
 1378 0626 0A000000 		.4byte	.LASF47
 1379 062a 0A       		.byte	0xa
 1380 062b 8B       		.byte	0x8b
 1381 062c 17       		.uleb128 0x17
ARM GAS  C:\Users\indya\AppData\Local\Temp\ccbbFjkm.s 			page 32


 1382 062d 07020000 		.4byte	.LASF48
 1383 0631 07020000 		.4byte	.LASF48
 1384 0635 08       		.byte	0x8
 1385 0636 17       		.byte	0x17
 1386 0637 17       		.uleb128 0x17
 1387 0638 7B030000 		.4byte	.LASF49
 1388 063c 7B030000 		.4byte	.LASF49
 1389 0640 0A       		.byte	0xa
 1390 0641 54       		.byte	0x54
 1391 0642 17       		.uleb128 0x17
 1392 0643 B5030000 		.4byte	.LASF50
 1393 0647 B5030000 		.4byte	.LASF50
 1394 064b 0B       		.byte	0xb
 1395 064c 76       		.byte	0x76
 1396 064d 17       		.uleb128 0x17
 1397 064e 4D000000 		.4byte	.LASF51
 1398 0652 4D000000 		.4byte	.LASF51
 1399 0656 08       		.byte	0x8
 1400 0657 28       		.byte	0x28
 1401 0658 17       		.uleb128 0x17
 1402 0659 B1010000 		.4byte	.LASF52
 1403 065d B1010000 		.4byte	.LASF52
 1404 0661 08       		.byte	0x8
 1405 0662 43       		.byte	0x43
 1406 0663 17       		.uleb128 0x17
 1407 0664 BD000000 		.4byte	.LASF53
 1408 0668 BD000000 		.4byte	.LASF53
 1409 066c 0C       		.byte	0xc
 1410 066d 18       		.byte	0x18
 1411 066e 17       		.uleb128 0x17
 1412 066f A3000000 		.4byte	.LASF54
 1413 0673 A3000000 		.4byte	.LASF54
 1414 0677 0D       		.byte	0xd
 1415 0678 6A       		.byte	0x6a
 1416 0679 17       		.uleb128 0x17
 1417 067a 0A010000 		.4byte	.LASF55
 1418 067e 0A010000 		.4byte	.LASF55
 1419 0682 0D       		.byte	0xd
 1420 0683 5A       		.byte	0x5a
 1421 0684 17       		.uleb128 0x17
 1422 0685 79010000 		.4byte	.LASF56
 1423 0689 79010000 		.4byte	.LASF56
 1424 068d 08       		.byte	0x8
 1425 068e 36       		.byte	0x36
 1426 068f 17       		.uleb128 0x17
 1427 0690 92030000 		.4byte	.LASF57
 1428 0694 92030000 		.4byte	.LASF57
 1429 0698 0A       		.byte	0xa
 1430 0699 8C       		.byte	0x8c
 1431 069a 00       		.byte	0
 1432              		.section	.debug_abbrev,"",%progbits
 1433              	.Ldebug_abbrev0:
 1434 0000 01       		.uleb128 0x1
 1435 0001 11       		.uleb128 0x11
 1436 0002 01       		.byte	0x1
 1437 0003 25       		.uleb128 0x25
 1438 0004 0E       		.uleb128 0xe
ARM GAS  C:\Users\indya\AppData\Local\Temp\ccbbFjkm.s 			page 33


 1439 0005 13       		.uleb128 0x13
 1440 0006 0B       		.uleb128 0xb
 1441 0007 03       		.uleb128 0x3
 1442 0008 0E       		.uleb128 0xe
 1443 0009 1B       		.uleb128 0x1b
 1444 000a 0E       		.uleb128 0xe
 1445 000b 55       		.uleb128 0x55
 1446 000c 17       		.uleb128 0x17
 1447 000d 11       		.uleb128 0x11
 1448 000e 01       		.uleb128 0x1
 1449 000f 10       		.uleb128 0x10
 1450 0010 17       		.uleb128 0x17
 1451 0011 00       		.byte	0
 1452 0012 00       		.byte	0
 1453 0013 02       		.uleb128 0x2
 1454 0014 24       		.uleb128 0x24
 1455 0015 00       		.byte	0
 1456 0016 0B       		.uleb128 0xb
 1457 0017 0B       		.uleb128 0xb
 1458 0018 3E       		.uleb128 0x3e
 1459 0019 0B       		.uleb128 0xb
 1460 001a 03       		.uleb128 0x3
 1461 001b 0E       		.uleb128 0xe
 1462 001c 00       		.byte	0
 1463 001d 00       		.byte	0
 1464 001e 03       		.uleb128 0x3
 1465 001f 16       		.uleb128 0x16
 1466 0020 00       		.byte	0
 1467 0021 03       		.uleb128 0x3
 1468 0022 0E       		.uleb128 0xe
 1469 0023 3A       		.uleb128 0x3a
 1470 0024 0B       		.uleb128 0xb
 1471 0025 3B       		.uleb128 0x3b
 1472 0026 0B       		.uleb128 0xb
 1473 0027 49       		.uleb128 0x49
 1474 0028 13       		.uleb128 0x13
 1475 0029 00       		.byte	0
 1476 002a 00       		.byte	0
 1477 002b 04       		.uleb128 0x4
 1478 002c 24       		.uleb128 0x24
 1479 002d 00       		.byte	0
 1480 002e 0B       		.uleb128 0xb
 1481 002f 0B       		.uleb128 0xb
 1482 0030 3E       		.uleb128 0x3e
 1483 0031 0B       		.uleb128 0xb
 1484 0032 03       		.uleb128 0x3
 1485 0033 08       		.uleb128 0x8
 1486 0034 00       		.byte	0
 1487 0035 00       		.byte	0
 1488 0036 05       		.uleb128 0x5
 1489 0037 16       		.uleb128 0x16
 1490 0038 00       		.byte	0
 1491 0039 03       		.uleb128 0x3
 1492 003a 0E       		.uleb128 0xe
 1493 003b 3A       		.uleb128 0x3a
 1494 003c 0B       		.uleb128 0xb
 1495 003d 3B       		.uleb128 0x3b
ARM GAS  C:\Users\indya\AppData\Local\Temp\ccbbFjkm.s 			page 34


 1496 003e 05       		.uleb128 0x5
 1497 003f 49       		.uleb128 0x49
 1498 0040 13       		.uleb128 0x13
 1499 0041 00       		.byte	0
 1500 0042 00       		.byte	0
 1501 0043 06       		.uleb128 0x6
 1502 0044 35       		.uleb128 0x35
 1503 0045 00       		.byte	0
 1504 0046 49       		.uleb128 0x49
 1505 0047 13       		.uleb128 0x13
 1506 0048 00       		.byte	0
 1507 0049 00       		.byte	0
 1508 004a 07       		.uleb128 0x7
 1509 004b 04       		.uleb128 0x4
 1510 004c 01       		.byte	0x1
 1511 004d 0B       		.uleb128 0xb
 1512 004e 0B       		.uleb128 0xb
 1513 004f 49       		.uleb128 0x49
 1514 0050 13       		.uleb128 0x13
 1515 0051 3A       		.uleb128 0x3a
 1516 0052 0B       		.uleb128 0xb
 1517 0053 3B       		.uleb128 0x3b
 1518 0054 0B       		.uleb128 0xb
 1519 0055 01       		.uleb128 0x1
 1520 0056 13       		.uleb128 0x13
 1521 0057 00       		.byte	0
 1522 0058 00       		.byte	0
 1523 0059 08       		.uleb128 0x8
 1524 005a 28       		.uleb128 0x28
 1525 005b 00       		.byte	0
 1526 005c 03       		.uleb128 0x3
 1527 005d 0E       		.uleb128 0xe
 1528 005e 1C       		.uleb128 0x1c
 1529 005f 0B       		.uleb128 0xb
 1530 0060 00       		.byte	0
 1531 0061 00       		.byte	0
 1532 0062 09       		.uleb128 0x9
 1533 0063 2E       		.uleb128 0x2e
 1534 0064 01       		.byte	0x1
 1535 0065 3F       		.uleb128 0x3f
 1536 0066 19       		.uleb128 0x19
 1537 0067 03       		.uleb128 0x3
 1538 0068 0E       		.uleb128 0xe
 1539 0069 3A       		.uleb128 0x3a
 1540 006a 0B       		.uleb128 0xb
 1541 006b 3B       		.uleb128 0x3b
 1542 006c 0B       		.uleb128 0xb
 1543 006d 27       		.uleb128 0x27
 1544 006e 19       		.uleb128 0x19
 1545 006f 49       		.uleb128 0x49
 1546 0070 13       		.uleb128 0x13
 1547 0071 8701     		.uleb128 0x87
 1548 0073 19       		.uleb128 0x19
 1549 0074 11       		.uleb128 0x11
 1550 0075 01       		.uleb128 0x1
 1551 0076 12       		.uleb128 0x12
 1552 0077 06       		.uleb128 0x6
ARM GAS  C:\Users\indya\AppData\Local\Temp\ccbbFjkm.s 			page 35


 1553 0078 40       		.uleb128 0x40
 1554 0079 18       		.uleb128 0x18
 1555 007a 9642     		.uleb128 0x2116
 1556 007c 19       		.uleb128 0x19
 1557 007d 01       		.uleb128 0x1
 1558 007e 13       		.uleb128 0x13
 1559 007f 00       		.byte	0
 1560 0080 00       		.byte	0
 1561 0081 0A       		.uleb128 0xa
 1562 0082 34       		.uleb128 0x34
 1563 0083 00       		.byte	0
 1564 0084 03       		.uleb128 0x3
 1565 0085 0E       		.uleb128 0xe
 1566 0086 3A       		.uleb128 0x3a
 1567 0087 0B       		.uleb128 0xb
 1568 0088 3B       		.uleb128 0x3b
 1569 0089 0B       		.uleb128 0xb
 1570 008a 49       		.uleb128 0x49
 1571 008b 13       		.uleb128 0x13
 1572 008c 02       		.uleb128 0x2
 1573 008d 18       		.uleb128 0x18
 1574 008e 00       		.byte	0
 1575 008f 00       		.byte	0
 1576 0090 0B       		.uleb128 0xb
 1577 0091 34       		.uleb128 0x34
 1578 0092 00       		.byte	0
 1579 0093 03       		.uleb128 0x3
 1580 0094 0E       		.uleb128 0xe
 1581 0095 3A       		.uleb128 0x3a
 1582 0096 0B       		.uleb128 0xb
 1583 0097 3B       		.uleb128 0x3b
 1584 0098 0B       		.uleb128 0xb
 1585 0099 49       		.uleb128 0x49
 1586 009a 13       		.uleb128 0x13
 1587 009b 02       		.uleb128 0x2
 1588 009c 17       		.uleb128 0x17
 1589 009d 00       		.byte	0
 1590 009e 00       		.byte	0
 1591 009f 0C       		.uleb128 0xc
 1592 00a0 34       		.uleb128 0x34
 1593 00a1 00       		.byte	0
 1594 00a2 03       		.uleb128 0x3
 1595 00a3 0E       		.uleb128 0xe
 1596 00a4 3A       		.uleb128 0x3a
 1597 00a5 0B       		.uleb128 0xb
 1598 00a6 3B       		.uleb128 0x3b
 1599 00a7 0B       		.uleb128 0xb
 1600 00a8 49       		.uleb128 0x49
 1601 00a9 13       		.uleb128 0x13
 1602 00aa 1C       		.uleb128 0x1c
 1603 00ab 0D       		.uleb128 0xd
 1604 00ac 00       		.byte	0
 1605 00ad 00       		.byte	0
 1606 00ae 0D       		.uleb128 0xd
 1607 00af 0B       		.uleb128 0xb
 1608 00b0 01       		.byte	0x1
 1609 00b1 11       		.uleb128 0x11
ARM GAS  C:\Users\indya\AppData\Local\Temp\ccbbFjkm.s 			page 36


 1610 00b2 01       		.uleb128 0x1
 1611 00b3 12       		.uleb128 0x12
 1612 00b4 06       		.uleb128 0x6
 1613 00b5 01       		.uleb128 0x1
 1614 00b6 13       		.uleb128 0x13
 1615 00b7 00       		.byte	0
 1616 00b8 00       		.byte	0
 1617 00b9 0E       		.uleb128 0xe
 1618 00ba 34       		.uleb128 0x34
 1619 00bb 00       		.byte	0
 1620 00bc 03       		.uleb128 0x3
 1621 00bd 08       		.uleb128 0x8
 1622 00be 3A       		.uleb128 0x3a
 1623 00bf 0B       		.uleb128 0xb
 1624 00c0 3B       		.uleb128 0x3b
 1625 00c1 0B       		.uleb128 0xb
 1626 00c2 49       		.uleb128 0x49
 1627 00c3 13       		.uleb128 0x13
 1628 00c4 02       		.uleb128 0x2
 1629 00c5 17       		.uleb128 0x17
 1630 00c6 00       		.byte	0
 1631 00c7 00       		.byte	0
 1632 00c8 0F       		.uleb128 0xf
 1633 00c9 898201   		.uleb128 0x4109
 1634 00cc 01       		.byte	0x1
 1635 00cd 11       		.uleb128 0x11
 1636 00ce 01       		.uleb128 0x1
 1637 00cf 31       		.uleb128 0x31
 1638 00d0 13       		.uleb128 0x13
 1639 00d1 01       		.uleb128 0x1
 1640 00d2 13       		.uleb128 0x13
 1641 00d3 00       		.byte	0
 1642 00d4 00       		.byte	0
 1643 00d5 10       		.uleb128 0x10
 1644 00d6 8A8201   		.uleb128 0x410a
 1645 00d9 00       		.byte	0
 1646 00da 02       		.uleb128 0x2
 1647 00db 18       		.uleb128 0x18
 1648 00dc 9142     		.uleb128 0x2111
 1649 00de 18       		.uleb128 0x18
 1650 00df 00       		.byte	0
 1651 00e0 00       		.byte	0
 1652 00e1 11       		.uleb128 0x11
 1653 00e2 898201   		.uleb128 0x4109
 1654 00e5 01       		.byte	0x1
 1655 00e6 11       		.uleb128 0x11
 1656 00e7 01       		.uleb128 0x1
 1657 00e8 31       		.uleb128 0x31
 1658 00e9 13       		.uleb128 0x13
 1659 00ea 00       		.byte	0
 1660 00eb 00       		.byte	0
 1661 00ec 12       		.uleb128 0x12
 1662 00ed 898201   		.uleb128 0x4109
 1663 00f0 00       		.byte	0
 1664 00f1 11       		.uleb128 0x11
 1665 00f2 01       		.uleb128 0x1
 1666 00f3 31       		.uleb128 0x31
ARM GAS  C:\Users\indya\AppData\Local\Temp\ccbbFjkm.s 			page 37


 1667 00f4 13       		.uleb128 0x13
 1668 00f5 00       		.byte	0
 1669 00f6 00       		.byte	0
 1670 00f7 13       		.uleb128 0x13
 1671 00f8 01       		.uleb128 0x1
 1672 00f9 01       		.byte	0x1
 1673 00fa 49       		.uleb128 0x49
 1674 00fb 13       		.uleb128 0x13
 1675 00fc 01       		.uleb128 0x1
 1676 00fd 13       		.uleb128 0x13
 1677 00fe 00       		.byte	0
 1678 00ff 00       		.byte	0
 1679 0100 14       		.uleb128 0x14
 1680 0101 21       		.uleb128 0x21
 1681 0102 00       		.byte	0
 1682 0103 49       		.uleb128 0x49
 1683 0104 13       		.uleb128 0x13
 1684 0105 2F       		.uleb128 0x2f
 1685 0106 0B       		.uleb128 0xb
 1686 0107 00       		.byte	0
 1687 0108 00       		.byte	0
 1688 0109 15       		.uleb128 0x15
 1689 010a 34       		.uleb128 0x34
 1690 010b 00       		.byte	0
 1691 010c 03       		.uleb128 0x3
 1692 010d 0E       		.uleb128 0xe
 1693 010e 3A       		.uleb128 0x3a
 1694 010f 0B       		.uleb128 0xb
 1695 0110 3B       		.uleb128 0x3b
 1696 0111 0B       		.uleb128 0xb
 1697 0112 49       		.uleb128 0x49
 1698 0113 13       		.uleb128 0x13
 1699 0114 3F       		.uleb128 0x3f
 1700 0115 19       		.uleb128 0x19
 1701 0116 02       		.uleb128 0x2
 1702 0117 18       		.uleb128 0x18
 1703 0118 00       		.byte	0
 1704 0119 00       		.byte	0
 1705 011a 16       		.uleb128 0x16
 1706 011b 34       		.uleb128 0x34
 1707 011c 00       		.byte	0
 1708 011d 03       		.uleb128 0x3
 1709 011e 0E       		.uleb128 0xe
 1710 011f 3A       		.uleb128 0x3a
 1711 0120 0B       		.uleb128 0xb
 1712 0121 3B       		.uleb128 0x3b
 1713 0122 05       		.uleb128 0x5
 1714 0123 49       		.uleb128 0x49
 1715 0124 13       		.uleb128 0x13
 1716 0125 3F       		.uleb128 0x3f
 1717 0126 19       		.uleb128 0x19
 1718 0127 3C       		.uleb128 0x3c
 1719 0128 19       		.uleb128 0x19
 1720 0129 00       		.byte	0
 1721 012a 00       		.byte	0
 1722 012b 17       		.uleb128 0x17
 1723 012c 2E       		.uleb128 0x2e
ARM GAS  C:\Users\indya\AppData\Local\Temp\ccbbFjkm.s 			page 38


 1724 012d 00       		.byte	0
 1725 012e 3F       		.uleb128 0x3f
 1726 012f 19       		.uleb128 0x19
 1727 0130 3C       		.uleb128 0x3c
 1728 0131 19       		.uleb128 0x19
 1729 0132 6E       		.uleb128 0x6e
 1730 0133 0E       		.uleb128 0xe
 1731 0134 03       		.uleb128 0x3
 1732 0135 0E       		.uleb128 0xe
 1733 0136 3A       		.uleb128 0x3a
 1734 0137 0B       		.uleb128 0xb
 1735 0138 3B       		.uleb128 0x3b
 1736 0139 0B       		.uleb128 0xb
 1737 013a 00       		.byte	0
 1738 013b 00       		.byte	0
 1739 013c 00       		.byte	0
 1740              		.section	.debug_loc,"",%progbits
 1741              	.Ldebug_loc0:
 1742              	.LLST0:
 1743 0000 42000000 		.4byte	.LVL8
 1744 0004 4C000000 		.4byte	.LVL9
 1745 0008 0100     		.2byte	0x1
 1746 000a 50       		.byte	0x50
 1747 000b 58000000 		.4byte	.LVL12
 1748 000f 5A000000 		.4byte	.LVL13
 1749 0013 0100     		.2byte	0x1
 1750 0015 50       		.byte	0x50
 1751 0016 6A000000 		.4byte	.LVL15
 1752 001a 74000000 		.4byte	.LVL16
 1753 001e 0100     		.2byte	0x1
 1754 0020 50       		.byte	0x50
 1755 0021 80000000 		.4byte	.LVL19
 1756 0025 82000000 		.4byte	.LVL20
 1757 0029 0100     		.2byte	0x1
 1758 002b 50       		.byte	0x50
 1759 002c A2000000 		.4byte	.LVL23
 1760 0030 AC000000 		.4byte	.LVL24
 1761 0034 0100     		.2byte	0x1
 1762 0036 50       		.byte	0x50
 1763 0037 B8000000 		.4byte	.LVL27
 1764 003b BA000000 		.4byte	.LVL28
 1765 003f 0100     		.2byte	0x1
 1766 0041 50       		.byte	0x50
 1767 0042 CA000000 		.4byte	.LVL30
 1768 0046 D4000000 		.4byte	.LVL31
 1769 004a 0100     		.2byte	0x1
 1770 004c 50       		.byte	0x50
 1771 004d E0000000 		.4byte	.LVL34
 1772 0051 E2000000 		.4byte	.LVL35
 1773 0055 0100     		.2byte	0x1
 1774 0057 50       		.byte	0x50
 1775 0058 F2000000 		.4byte	.LVL37
 1776 005c FC000000 		.4byte	.LVL38
 1777 0060 0100     		.2byte	0x1
 1778 0062 50       		.byte	0x50
 1779 0063 08010000 		.4byte	.LVL41
 1780 0067 0A010000 		.4byte	.LVL42
ARM GAS  C:\Users\indya\AppData\Local\Temp\ccbbFjkm.s 			page 39


 1781 006b 0100     		.2byte	0x1
 1782 006d 50       		.byte	0x50
 1783 006e 28010000 		.4byte	.LVL46
 1784 0072 32010000 		.4byte	.LVL47
 1785 0076 0100     		.2byte	0x1
 1786 0078 50       		.byte	0x50
 1787 0079 3E010000 		.4byte	.LVL50
 1788 007d 40010000 		.4byte	.LVL51
 1789 0081 0100     		.2byte	0x1
 1790 0083 50       		.byte	0x50
 1791 0084 82010000 		.4byte	.LVL56
 1792 0088 8E010000 		.4byte	.LVL57
 1793 008c 0100     		.2byte	0x1
 1794 008e 50       		.byte	0x50
 1795 008f 00000000 		.4byte	0
 1796 0093 00000000 		.4byte	0
 1797              	.LLST1:
 1798 0097 92010000 		.4byte	.LVL58
 1799 009b 96010000 		.4byte	.LVL59
 1800 009f 0900     		.2byte	0x9
 1801 00a1 70       		.byte	0x70
 1802 00a2 00       		.sleb128 0
 1803 00a3 09       		.byte	0x9
 1804 00a4 F4       		.byte	0xf4
 1805 00a5 24       		.byte	0x24
 1806 00a6 09       		.byte	0x9
 1807 00a7 F8       		.byte	0xf8
 1808 00a8 26       		.byte	0x26
 1809 00a9 9F       		.byte	0x9f
 1810 00aa 96010000 		.4byte	.LVL59
 1811 00ae 99010000 		.4byte	.LVL60-1
 1812 00b2 1400     		.2byte	0x14
 1813 00b4 91       		.byte	0x91
 1814 00b5 A97F     		.sleb128 -87
 1815 00b7 94       		.byte	0x94
 1816 00b8 01       		.byte	0x1
 1817 00b9 08       		.byte	0x8
 1818 00ba FF       		.byte	0xff
 1819 00bb 1A       		.byte	0x1a
 1820 00bc 38       		.byte	0x38
 1821 00bd 24       		.byte	0x24
 1822 00be 73       		.byte	0x73
 1823 00bf 00       		.sleb128 0
 1824 00c0 21       		.byte	0x21
 1825 00c1 09       		.byte	0x9
 1826 00c2 F4       		.byte	0xf4
 1827 00c3 24       		.byte	0x24
 1828 00c4 09       		.byte	0x9
 1829 00c5 F8       		.byte	0xf8
 1830 00c6 26       		.byte	0x26
 1831 00c7 9F       		.byte	0x9f
 1832 00c8 00000000 		.4byte	0
 1833 00cc 00000000 		.4byte	0
 1834              	.LLST2:
 1835 00d0 E8010000 		.4byte	.LVL69
 1836 00d4 EC010000 		.4byte	.LVL70
 1837 00d8 0900     		.2byte	0x9
ARM GAS  C:\Users\indya\AppData\Local\Temp\ccbbFjkm.s 			page 40


 1838 00da 70       		.byte	0x70
 1839 00db 00       		.sleb128 0
 1840 00dc 09       		.byte	0x9
 1841 00dd F4       		.byte	0xf4
 1842 00de 24       		.byte	0x24
 1843 00df 09       		.byte	0x9
 1844 00e0 F8       		.byte	0xf8
 1845 00e1 26       		.byte	0x26
 1846 00e2 9F       		.byte	0x9f
 1847 00e3 EC010000 		.4byte	.LVL70
 1848 00e7 EF010000 		.4byte	.LVL71-1
 1849 00eb 1400     		.2byte	0x14
 1850 00ed 91       		.byte	0x91
 1851 00ee AB7F     		.sleb128 -85
 1852 00f0 94       		.byte	0x94
 1853 00f1 01       		.byte	0x1
 1854 00f2 08       		.byte	0x8
 1855 00f3 FF       		.byte	0xff
 1856 00f4 1A       		.byte	0x1a
 1857 00f5 38       		.byte	0x38
 1858 00f6 24       		.byte	0x24
 1859 00f7 73       		.byte	0x73
 1860 00f8 00       		.sleb128 0
 1861 00f9 21       		.byte	0x21
 1862 00fa 09       		.byte	0x9
 1863 00fb F4       		.byte	0xf4
 1864 00fc 24       		.byte	0x24
 1865 00fd 09       		.byte	0x9
 1866 00fe F8       		.byte	0xf8
 1867 00ff 26       		.byte	0x26
 1868 0100 9F       		.byte	0x9f
 1869 0101 00000000 		.4byte	0
 1870 0105 00000000 		.4byte	0
 1871              	.LLST3:
 1872 0109 3E020000 		.4byte	.LVL80
 1873 010d 42020000 		.4byte	.LVL81
 1874 0111 0900     		.2byte	0x9
 1875 0113 70       		.byte	0x70
 1876 0114 00       		.sleb128 0
 1877 0115 09       		.byte	0x9
 1878 0116 F4       		.byte	0xf4
 1879 0117 24       		.byte	0x24
 1880 0118 09       		.byte	0x9
 1881 0119 F8       		.byte	0xf8
 1882 011a 26       		.byte	0x26
 1883 011b 9F       		.byte	0x9f
 1884 011c 42020000 		.4byte	.LVL81
 1885 0120 45020000 		.4byte	.LVL82-1
 1886 0124 1400     		.2byte	0x14
 1887 0126 91       		.byte	0x91
 1888 0127 AD7F     		.sleb128 -83
 1889 0129 94       		.byte	0x94
 1890 012a 01       		.byte	0x1
 1891 012b 08       		.byte	0x8
 1892 012c FF       		.byte	0xff
 1893 012d 1A       		.byte	0x1a
 1894 012e 38       		.byte	0x38
ARM GAS  C:\Users\indya\AppData\Local\Temp\ccbbFjkm.s 			page 41


 1895 012f 24       		.byte	0x24
 1896 0130 73       		.byte	0x73
 1897 0131 00       		.sleb128 0
 1898 0132 21       		.byte	0x21
 1899 0133 09       		.byte	0x9
 1900 0134 F4       		.byte	0xf4
 1901 0135 24       		.byte	0x24
 1902 0136 09       		.byte	0x9
 1903 0137 F8       		.byte	0xf8
 1904 0138 26       		.byte	0x26
 1905 0139 9F       		.byte	0x9f
 1906 013a 00000000 		.4byte	0
 1907 013e 00000000 		.4byte	0
 1908              	.LLST4:
 1909 0142 B2010000 		.4byte	.LVL64
 1910 0146 B5010000 		.4byte	.LVL65-1
 1911 014a 0100     		.2byte	0x1
 1912 014c 50       		.byte	0x50
 1913 014d 00000000 		.4byte	0
 1914 0151 00000000 		.4byte	0
 1915              	.LLST5:
 1916 0155 08020000 		.4byte	.LVL75
 1917 0159 0B020000 		.4byte	.LVL76-1
 1918 015d 0100     		.2byte	0x1
 1919 015f 50       		.byte	0x50
 1920 0160 00000000 		.4byte	0
 1921 0164 00000000 		.4byte	0
 1922              	.LLST6:
 1923 0168 5E020000 		.4byte	.LVL86
 1924 016c 61020000 		.4byte	.LVL87-1
 1925 0170 0100     		.2byte	0x1
 1926 0172 50       		.byte	0x50
 1927 0173 00000000 		.4byte	0
 1928 0177 00000000 		.4byte	0
 1929              	.LLST7:
 1930 017b C2010000 		.4byte	.LVL67
 1931 017f D8010000 		.4byte	.LVL68
 1932 0183 0100     		.2byte	0x1
 1933 0185 50       		.byte	0x50
 1934 0186 00000000 		.4byte	0
 1935 018a 00000000 		.4byte	0
 1936              	.LLST8:
 1937 018e 18020000 		.4byte	.LVL78
 1938 0192 2E020000 		.4byte	.LVL79
 1939 0196 0100     		.2byte	0x1
 1940 0198 50       		.byte	0x50
 1941 0199 00000000 		.4byte	0
 1942 019d 00000000 		.4byte	0
 1943              	.LLST9:
 1944 01a1 6E020000 		.4byte	.LVL89
 1945 01a5 84020000 		.4byte	.LVL90
 1946 01a9 0100     		.2byte	0x1
 1947 01ab 50       		.byte	0x50
 1948 01ac 00000000 		.4byte	0
 1949 01b0 00000000 		.4byte	0
 1950              	.LLST10:
 1951 01b4 14000000 		.4byte	.LVL2
ARM GAS  C:\Users\indya\AppData\Local\Temp\ccbbFjkm.s 			page 42


 1952 01b8 18000000 		.4byte	.LVL3
 1953 01bc 0200     		.2byte	0x2
 1954 01be 30       		.byte	0x30
 1955 01bf 9F       		.byte	0x9f
 1956 01c0 18000000 		.4byte	.LVL3
 1957 01c4 12010000 		.4byte	.LVL44
 1958 01c8 0100     		.2byte	0x1
 1959 01ca 54       		.byte	0x54
 1960 01cb 00000000 		.4byte	0
 1961 01cf 00000000 		.4byte	0
 1962              		.section	.debug_aranges,"",%progbits
 1963 0000 1C000000 		.4byte	0x1c
 1964 0004 0200     		.2byte	0x2
 1965 0006 00000000 		.4byte	.Ldebug_info0
 1966 000a 04       		.byte	0x4
 1967 000b 00       		.byte	0
 1968 000c 0000     		.2byte	0
 1969 000e 0000     		.2byte	0
 1970 0010 00000000 		.4byte	.LFB64
 1971 0014 DC020000 		.4byte	.LFE64-.LFB64
 1972 0018 00000000 		.4byte	0
 1973 001c 00000000 		.4byte	0
 1974              		.section	.debug_ranges,"",%progbits
 1975              	.Ldebug_ranges0:
 1976 0000 00000000 		.4byte	.LFB64
 1977 0004 DC020000 		.4byte	.LFE64
 1978 0008 00000000 		.4byte	0
 1979 000c 00000000 		.4byte	0
 1980              		.section	.debug_line,"",%progbits
 1981              	.Ldebug_line0:
 1982 0000 9F020000 		.section	.debug_str,"MS",%progbits,1
 1982      02002802 
 1982      00000201 
 1982      FB0E0D00 
 1982      01010101 
 1983              	.LASF28:
 1984 0000 6374726C 		.ascii	"ctrl_reg1\000"
 1984      5F726567 
 1984      3100
 1985              	.LASF47:
 1986 000a 55415254 		.ascii	"UART_Debug_PutString\000"
 1986      5F446562 
 1986      75675F50 
 1986      75745374 
 1986      72696E67 
 1987              	.LASF29:
 1988 001f 6374726C 		.ascii	"ctrl_reg4\000"
 1988      5F726567 
 1988      3400
 1989              	.LASF41:
 1990 0029 4F757441 		.ascii	"OutArray\000"
 1990      72726179 
 1990      00
 1991              	.LASF20:
 1992 0032 4E4F5F45 		.ascii	"NO_ERROR\000"
 1992      52524F52 
 1992      00
ARM GAS  C:\Users\indya\AppData\Local\Temp\ccbbFjkm.s 			page 43


 1993              	.LASF16:
 1994 003b 666C6F61 		.ascii	"float32\000"
 1994      74333200 
 1995              	.LASF2:
 1996 0043 73686F72 		.ascii	"short int\000"
 1996      7420696E 
 1996      7400
 1997              	.LASF51:
 1998 004d 4932435F 		.ascii	"I2C_Peripheral_ReadRegister\000"
 1998      50657269 
 1998      70686572 
 1998      616C5F52 
 1998      65616452 
 1999              	.LASF24:
 2000 0069 73697A65 		.ascii	"sizetype\000"
 2000      74797065 
 2000      00
 2001              	.LASF43:
 2002 0072 74696D65 		.ascii	"timer_flag\000"
 2002      725F666C 
 2002      616700
 2003              	.LASF45:
 2004 007d 4932435F 		.ascii	"I2C_Peripheral_IsDeviceConnected\000"
 2004      50657269 
 2004      70686572 
 2004      616C5F49 
 2004      73446576 
 2005              	.LASF61:
 2006 009e 6D61696E 		.ascii	"main\000"
 2006      00
 2007              	.LASF54:
 2008 00a3 54696D65 		.ascii	"Timer_WriteCounter\000"
 2008      725F5772 
 2008      69746543 
 2008      6F756E74 
 2008      657200
 2009              	.LASF39:
 2010 00b6 68656164 		.ascii	"header\000"
 2010      657200
 2011              	.LASF53:
 2012 00bd 6973725F 		.ascii	"isr_StartEx\000"
 2012      53746172 
 2012      74457800 
 2013              	.LASF11:
 2014 00c9 75696E74 		.ascii	"uint8_t\000"
 2014      385F7400 
 2015              	.LASF14:
 2016 00d1 696E7431 		.ascii	"int16\000"
 2016      3600
 2017              	.LASF27:
 2018 00d7 73746174 		.ascii	"status_register\000"
 2018      75735F72 
 2018      65676973 
 2018      74657200 
 2019              	.LASF34:
 2020 00e7 4F757459 		.ascii	"OutY_converted\000"
 2020      5F636F6E 
ARM GAS  C:\Users\indya\AppData\Local\Temp\ccbbFjkm.s 			page 44


 2020      76657274 
 2020      656400
 2021              	.LASF17:
 2022 00f6 666C6F61 		.ascii	"float\000"
 2022      7400
 2023              	.LASF8:
 2024 00fc 6C6F6E67 		.ascii	"long long int\000"
 2024      206C6F6E 
 2024      6720696E 
 2024      7400
 2025              	.LASF55:
 2026 010a 54696D65 		.ascii	"Timer_Start\000"
 2026      725F5374 
 2026      61727400 
 2027              	.LASF6:
 2028 0116 6C6F6E67 		.ascii	"long int\000"
 2028      20696E74 
 2028      00
 2029              	.LASF33:
 2030 011f 4F757458 		.ascii	"OutX_converted\000"
 2030      5F636F6E 
 2030      76657274 
 2030      656400
 2031              	.LASF4:
 2032 012e 5F5F7569 		.ascii	"__uint8_t\000"
 2032      6E74385F 
 2032      7400
 2033              	.LASF21:
 2034 0138 4552524F 		.ascii	"ERROR\000"
 2034      5200
 2035              	.LASF23:
 2036 013e 6C6F6E67 		.ascii	"long double\000"
 2036      20646F75 
 2036      626C6500 
 2037              	.LASF1:
 2038 014a 756E7369 		.ascii	"unsigned char\000"
 2038      676E6564 
 2038      20636861 
 2038      7200
 2039              	.LASF46:
 2040 0158 73707269 		.ascii	"sprintf\000"
 2040      6E746600 
 2041              	.LASF36:
 2042 0160 4F757458 		.ascii	"OutX_rounded\000"
 2042      5F726F75 
 2042      6E646564 
 2042      00
 2043              	.LASF0:
 2044 016d 7369676E 		.ascii	"signed char\000"
 2044      65642063 
 2044      68617200 
 2045              	.LASF56:
 2046 0179 4932435F 		.ascii	"I2C_Peripheral_ReadRegisterMulti\000"
 2046      50657269 
 2046      70686572 
 2046      616C5F52 
 2046      65616452 
ARM GAS  C:\Users\indya\AppData\Local\Temp\ccbbFjkm.s 			page 45


 2047              	.LASF9:
 2048 019a 6C6F6E67 		.ascii	"long long unsigned int\000"
 2048      206C6F6E 
 2048      6720756E 
 2048      7369676E 
 2048      65642069 
 2049              	.LASF52:
 2050 01b1 4932435F 		.ascii	"I2C_Peripheral_WriteRegister\000"
 2050      50657269 
 2050      70686572 
 2050      616C5F57 
 2050      72697465 
 2051              	.LASF37:
 2052 01ce 4F757459 		.ascii	"OutY_rounded\000"
 2052      5F726F75 
 2052      6E646564 
 2052      00
 2053              	.LASF10:
 2054 01db 756E7369 		.ascii	"unsigned int\000"
 2054      676E6564 
 2054      20696E74 
 2054      00
 2055              	.LASF7:
 2056 01e8 6C6F6E67 		.ascii	"long unsigned int\000"
 2056      20756E73 
 2056      69676E65 
 2056      6420696E 
 2056      7400
 2057              	.LASF38:
 2058 01fa 4F75745A 		.ascii	"OutZ_rounded\000"
 2058      5F726F75 
 2058      6E646564 
 2058      00
 2059              	.LASF48:
 2060 0207 4932435F 		.ascii	"I2C_Peripheral_Start\000"
 2060      50657269 
 2060      70686572 
 2060      616C5F53 
 2060      74617274 
 2061              	.LASF3:
 2062 021c 73686F72 		.ascii	"short unsigned int\000"
 2062      7420756E 
 2062      7369676E 
 2062      65642069 
 2062      6E7400
 2063              	.LASF58:
 2064 022f 474E5520 		.ascii	"GNU C11 5.4.1 20160609 (release) [ARM/embedded-5-br"
 2064      43313120 
 2064      352E342E 
 2064      31203230 
 2064      31363036 
 2065 0262 616E6368 		.ascii	"anch revision 237715] -mcpu=cortex-m3 -mthumb -g -O"
 2065      20726576 
 2065      6973696F 
 2065      6E203233 
 2065      37373135 
 2066 0295 67202D66 		.ascii	"g -ffunction-sections -ffat-lto-objects\000"
ARM GAS  C:\Users\indya\AppData\Local\Temp\ccbbFjkm.s 			page 46


 2066      66756E63 
 2066      74696F6E 
 2066      2D736563 
 2066      74696F6E 
 2067              	.LASF19:
 2068 02bd 63686172 		.ascii	"char\000"
 2068      00
 2069              	.LASF12:
 2070 02c2 696E7433 		.ascii	"int32_t\000"
 2070      325F7400 
 2071              	.LASF13:
 2072 02ca 75696E74 		.ascii	"uint8\000"
 2072      3800
 2073              	.LASF35:
 2074 02d0 4F75745A 		.ascii	"OutZ_converted\000"
 2074      5F636F6E 
 2074      76657274 
 2074      656400
 2075              	.LASF60:
 2076 02df 433A5C55 		.ascii	"C:\\Users\\indya\\Desktop\\AY1920_II_HW_05_CERONI_I"
 2076      73657273 
 2076      5C696E64 
 2076      79615C44 
 2076      65736B74 
 2077 030e 4E445941 		.ascii	"NDYA\\AY1920_II_HW_05_PROJ_3.cydsn\000"
 2077      5C415931 
 2077      3932305F 
 2077      49495F48 
 2077      575F3035 
 2078              	.LASF59:
 2079 0330 6D61696E 		.ascii	"main.c\000"
 2079      2E6300
 2080              	.LASF25:
 2081 0337 6D657373 		.ascii	"message\000"
 2081      61676500 
 2082              	.LASF15:
 2083 033f 696E7433 		.ascii	"int32\000"
 2083      3200
 2084              	.LASF18:
 2085 0345 646F7562 		.ascii	"double\000"
 2085      6C6500
 2086              	.LASF44:
 2087 034c 49544D5F 		.ascii	"ITM_RxBuffer\000"
 2087      52784275 
 2087      66666572 
 2087      00
 2088              	.LASF40:
 2089 0359 666F6F74 		.ascii	"footer\000"
 2089      657200
 2090              	.LASF5:
 2091 0360 5F5F696E 		.ascii	"__int32_t\000"
 2091      7433325F 
 2091      7400
 2092              	.LASF42:
 2093 036a 41636365 		.ascii	"AccelerationData\000"
 2093      6C657261 
 2093      74696F6E 
ARM GAS  C:\Users\indya\AppData\Local\Temp\ccbbFjkm.s 			page 47


 2093      44617461 
 2093      00
 2094              	.LASF49:
 2095 037b 55415254 		.ascii	"UART_Debug_Start\000"
 2095      5F446562 
 2095      75675F53 
 2095      74617274 
 2095      00
 2096              	.LASF26:
 2097 038c 6572726F 		.ascii	"error\000"
 2097      7200
 2098              	.LASF57:
 2099 0392 55415254 		.ascii	"UART_Debug_PutArray\000"
 2099      5F446562 
 2099      75675F50 
 2099      75744172 
 2099      72617900 
 2100              	.LASF30:
 2101 03a6 4F757458 		.ascii	"OutX\000"
 2101      00
 2102              	.LASF31:
 2103 03ab 4F757459 		.ascii	"OutY\000"
 2103      00
 2104              	.LASF32:
 2105 03b0 4F75745A 		.ascii	"OutZ\000"
 2105      00
 2106              	.LASF50:
 2107 03b5 43794465 		.ascii	"CyDelay\000"
 2107      6C617900 
 2108              	.LASF22:
 2109 03bd 4572726F 		.ascii	"ErrorCode\000"
 2109      72436F64 
 2109      6500
 2110              		.ident	"GCC: (GNU Tools for ARM Embedded Processors) 5.4.1 20160609 (release) [ARM/embedded-5-bran
