ARM GAS  C:\Users\indya\AppData\Local\Temp\ccFkzufu.s 			page 1


   1              		.syntax unified
   2              		.cpu cortex-m3
   3              		.fpu softvfp
   4              		.eabi_attribute 20, 1
   5              		.eabi_attribute 21, 1
   6              		.eabi_attribute 23, 3
   7              		.eabi_attribute 24, 1
   8              		.eabi_attribute 25, 1
   9              		.eabi_attribute 26, 1
  10              		.eabi_attribute 30, 1
  11              		.eabi_attribute 34, 1
  12              		.eabi_attribute 18, 4
  13              		.thumb
  14              		.syntax unified
  15              		.file	"InterruptRoutines.c"
  16              		.text
  17              	.Ltext0:
  18              		.cfi_sections	.debug_frame
  19              		.section	.text.custom_TIMER_ISR,"ax",%progbits
  20              		.align	2
  21              		.global	custom_TIMER_ISR
  22              		.thumb
  23              		.thumb_func
  24              		.type	custom_TIMER_ISR, %function
  25              	custom_TIMER_ISR:
  26              	.LFB63:
  27              		.file 1 "InterruptRoutines.c"
   1:InterruptRoutines.c **** /* ========================================
   2:InterruptRoutines.c ****  *
   3:InterruptRoutines.c ****  * Copyright YOUR COMPANY, THE YEAR
   4:InterruptRoutines.c ****  * All Rights Reserved
   5:InterruptRoutines.c ****  * UNPUBLISHED, LICENSED SOFTWARE.
   6:InterruptRoutines.c ****  *
   7:InterruptRoutines.c ****  * CONFIDENTIAL AND PROPRIETARY INFORMATION
   8:InterruptRoutines.c ****  * WHICH IS THE PROPERTY OF your company.
   9:InterruptRoutines.c ****  *
  10:InterruptRoutines.c ****  * ========================================
  11:InterruptRoutines.c **** */
  12:InterruptRoutines.c **** 
  13:InterruptRoutines.c **** /* [] END OF FILE */
  14:InterruptRoutines.c **** 
  15:InterruptRoutines.c **** 
  16:InterruptRoutines.c **** #include "InterruptRoutines.h"
  17:InterruptRoutines.c **** #include "project.h"
  18:InterruptRoutines.c **** 
  19:InterruptRoutines.c **** CY_ISR(custom_TIMER_ISR)
  20:InterruptRoutines.c **** {
  28              		.loc 1 20 0
  29              		.cfi_startproc
  30              		@ args = 0, pretend = 0, frame = 0
  31              		@ frame_needed = 0, uses_anonymous_args = 0
  32 0000 08B5     		push	{r3, lr}
  33              		.cfi_def_cfa_offset 8
  34              		.cfi_offset 3, -8
  35              		.cfi_offset 14, -4
  21:InterruptRoutines.c ****     // Read Timer status register to bring interrupt line low
  22:InterruptRoutines.c ****     Timer_ReadStatusRegister();
ARM GAS  C:\Users\indya\AppData\Local\Temp\ccFkzufu.s 			page 2


  36              		.loc 1 22 0
  37 0002 FFF7FEFF 		bl	Timer_ReadStatusRegister
  38              	.LVL0:
  23:InterruptRoutines.c ****     
  24:InterruptRoutines.c ****     // set the flag to one 
  25:InterruptRoutines.c ****     timer_flag = 1;
  39              		.loc 1 25 0
  40 0006 0122     		movs	r2, #1
  41 0008 014B     		ldr	r3, .L3
  42 000a 1A70     		strb	r2, [r3]
  43 000c 08BD     		pop	{r3, pc}
  44              	.L4:
  45 000e 00BF     		.align	2
  46              	.L3:
  47 0010 00000000 		.word	timer_flag
  48              		.cfi_endproc
  49              	.LFE63:
  50              		.size	custom_TIMER_ISR, .-custom_TIMER_ISR
  51              		.comm	timer_flag,1,1
  52              		.text
  53              	.Letext0:
  54              		.file 2 "c:\\program files (x86)\\cypress\\psoc creator\\4.3\\psoc creator\\import\\gnu\\arm\\5.4.
  55              		.file 3 "c:\\program files (x86)\\cypress\\psoc creator\\4.3\\psoc creator\\import\\gnu\\arm\\5.4.
  56              		.file 4 "Generated_Source\\PSoC5/cytypes.h"
  57              		.file 5 "InterruptRoutines.h"
  58              		.file 6 "Generated_Source\\PSoC5/core_cm3.h"
  59              		.file 7 "Generated_Source\\PSoC5/Timer.h"
  60              		.section	.debug_info,"",%progbits
  61              	.Ldebug_info0:
  62 0000 FE000000 		.4byte	0xfe
  63 0004 0400     		.2byte	0x4
  64 0006 00000000 		.4byte	.Ldebug_abbrev0
  65 000a 04       		.byte	0x4
  66 000b 01       		.uleb128 0x1
  67 000c 90000000 		.4byte	.LASF19
  68 0010 0C       		.byte	0xc
  69 0011 54010000 		.4byte	.LASF20
  70 0015 3F000000 		.4byte	.LASF21
  71 0019 00000000 		.4byte	.Ldebug_ranges0+0
  72 001d 00000000 		.4byte	0
  73 0021 00000000 		.4byte	.Ldebug_line0
  74 0025 02       		.uleb128 0x2
  75 0026 01       		.byte	0x1
  76 0027 06       		.byte	0x6
  77 0028 B5010000 		.4byte	.LASF0
  78 002c 02       		.uleb128 0x2
  79 002d 01       		.byte	0x1
  80 002e 08       		.byte	0x8
  81 002f 68010000 		.4byte	.LASF1
  82 0033 02       		.uleb128 0x2
  83 0034 02       		.byte	0x2
  84 0035 05       		.byte	0x5
  85 0036 DD010000 		.4byte	.LASF2
  86 003a 02       		.uleb128 0x2
  87 003b 02       		.byte	0x2
  88 003c 07       		.byte	0x7
  89 003d 0E000000 		.4byte	.LASF3
ARM GAS  C:\Users\indya\AppData\Local\Temp\ccFkzufu.s 			page 3


  90 0041 03       		.uleb128 0x3
  91 0042 CD010000 		.4byte	.LASF9
  92 0046 02       		.byte	0x2
  93 0047 3F       		.byte	0x3f
  94 0048 4C000000 		.4byte	0x4c
  95 004c 02       		.uleb128 0x2
  96 004d 04       		.byte	0x4
  97 004e 05       		.byte	0x5
  98 004f 7B010000 		.4byte	.LASF4
  99 0053 02       		.uleb128 0x2
 100 0054 04       		.byte	0x4
 101 0055 07       		.byte	0x7
 102 0056 8F010000 		.4byte	.LASF5
 103 005a 02       		.uleb128 0x2
 104 005b 08       		.byte	0x8
 105 005c 05       		.byte	0x5
 106 005d 00000000 		.4byte	.LASF6
 107 0061 02       		.uleb128 0x2
 108 0062 08       		.byte	0x8
 109 0063 07       		.byte	0x7
 110 0064 3D010000 		.4byte	.LASF7
 111 0068 04       		.uleb128 0x4
 112 0069 04       		.byte	0x4
 113 006a 05       		.byte	0x5
 114 006b 696E7400 		.ascii	"int\000"
 115 006f 02       		.uleb128 0x2
 116 0070 04       		.byte	0x4
 117 0071 07       		.byte	0x7
 118 0072 21000000 		.4byte	.LASF8
 119 0076 03       		.uleb128 0x3
 120 0077 E7010000 		.4byte	.LASF10
 121 007b 03       		.byte	0x3
 122 007c 2C       		.byte	0x2c
 123 007d 41000000 		.4byte	0x41
 124 0081 05       		.uleb128 0x5
 125 0082 1E010000 		.4byte	.LASF11
 126 0086 04       		.byte	0x4
 127 0087 E401     		.2byte	0x1e4
 128 0089 2C000000 		.4byte	0x2c
 129 008d 02       		.uleb128 0x2
 130 008e 04       		.byte	0x4
 131 008f 04       		.byte	0x4
 132 0090 D7010000 		.4byte	.LASF12
 133 0094 02       		.uleb128 0x2
 134 0095 08       		.byte	0x8
 135 0096 04       		.byte	0x4
 136 0097 A1010000 		.4byte	.LASF13
 137 009b 02       		.uleb128 0x2
 138 009c 01       		.byte	0x1
 139 009d 08       		.byte	0x8
 140 009e 76010000 		.4byte	.LASF14
 141 00a2 06       		.uleb128 0x6
 142 00a3 81000000 		.4byte	0x81
 143 00a7 02       		.uleb128 0x2
 144 00a8 08       		.byte	0x8
 145 00a9 04       		.byte	0x4
 146 00aa C1010000 		.4byte	.LASF15
ARM GAS  C:\Users\indya\AppData\Local\Temp\ccFkzufu.s 			page 4


 147 00ae 02       		.uleb128 0x2
 148 00af 04       		.byte	0x4
 149 00b0 07       		.byte	0x7
 150 00b1 EF010000 		.4byte	.LASF16
 151 00b5 07       		.uleb128 0x7
 152 00b6 2E000000 		.4byte	.LASF22
 153 00ba 01       		.byte	0x1
 154 00bb 13       		.byte	0x13
 155 00bc 00000000 		.4byte	.LFB63
 156 00c0 14000000 		.4byte	.LFE63-.LFB63
 157 00c4 01       		.uleb128 0x1
 158 00c5 9C       		.byte	0x9c
 159 00c6 D4000000 		.4byte	0xd4
 160 00ca 08       		.uleb128 0x8
 161 00cb 06000000 		.4byte	.LVL0
 162 00cf F6000000 		.4byte	0xf6
 163 00d3 00       		.byte	0
 164 00d4 09       		.uleb128 0x9
 165 00d5 84010000 		.4byte	.LASF17
 166 00d9 05       		.byte	0x5
 167 00da 14       		.byte	0x14
 168 00db A2000000 		.4byte	0xa2
 169 00df 05       		.uleb128 0x5
 170 00e0 03       		.byte	0x3
 171 00e1 00000000 		.4byte	timer_flag
 172 00e5 0A       		.uleb128 0xa
 173 00e6 A8010000 		.4byte	.LASF18
 174 00ea 06       		.byte	0x6
 175 00eb 1207     		.2byte	0x712
 176 00ed F1000000 		.4byte	0xf1
 177 00f1 06       		.uleb128 0x6
 178 00f2 76000000 		.4byte	0x76
 179 00f6 0B       		.uleb128 0xb
 180 00f7 24010000 		.4byte	.LASF23
 181 00fb 24010000 		.4byte	.LASF23
 182 00ff 07       		.byte	0x7
 183 0100 5E       		.byte	0x5e
 184 0101 00       		.byte	0
 185              		.section	.debug_abbrev,"",%progbits
 186              	.Ldebug_abbrev0:
 187 0000 01       		.uleb128 0x1
 188 0001 11       		.uleb128 0x11
 189 0002 01       		.byte	0x1
 190 0003 25       		.uleb128 0x25
 191 0004 0E       		.uleb128 0xe
 192 0005 13       		.uleb128 0x13
 193 0006 0B       		.uleb128 0xb
 194 0007 03       		.uleb128 0x3
 195 0008 0E       		.uleb128 0xe
 196 0009 1B       		.uleb128 0x1b
 197 000a 0E       		.uleb128 0xe
 198 000b 55       		.uleb128 0x55
 199 000c 17       		.uleb128 0x17
 200 000d 11       		.uleb128 0x11
 201 000e 01       		.uleb128 0x1
 202 000f 10       		.uleb128 0x10
 203 0010 17       		.uleb128 0x17
ARM GAS  C:\Users\indya\AppData\Local\Temp\ccFkzufu.s 			page 5


 204 0011 00       		.byte	0
 205 0012 00       		.byte	0
 206 0013 02       		.uleb128 0x2
 207 0014 24       		.uleb128 0x24
 208 0015 00       		.byte	0
 209 0016 0B       		.uleb128 0xb
 210 0017 0B       		.uleb128 0xb
 211 0018 3E       		.uleb128 0x3e
 212 0019 0B       		.uleb128 0xb
 213 001a 03       		.uleb128 0x3
 214 001b 0E       		.uleb128 0xe
 215 001c 00       		.byte	0
 216 001d 00       		.byte	0
 217 001e 03       		.uleb128 0x3
 218 001f 16       		.uleb128 0x16
 219 0020 00       		.byte	0
 220 0021 03       		.uleb128 0x3
 221 0022 0E       		.uleb128 0xe
 222 0023 3A       		.uleb128 0x3a
 223 0024 0B       		.uleb128 0xb
 224 0025 3B       		.uleb128 0x3b
 225 0026 0B       		.uleb128 0xb
 226 0027 49       		.uleb128 0x49
 227 0028 13       		.uleb128 0x13
 228 0029 00       		.byte	0
 229 002a 00       		.byte	0
 230 002b 04       		.uleb128 0x4
 231 002c 24       		.uleb128 0x24
 232 002d 00       		.byte	0
 233 002e 0B       		.uleb128 0xb
 234 002f 0B       		.uleb128 0xb
 235 0030 3E       		.uleb128 0x3e
 236 0031 0B       		.uleb128 0xb
 237 0032 03       		.uleb128 0x3
 238 0033 08       		.uleb128 0x8
 239 0034 00       		.byte	0
 240 0035 00       		.byte	0
 241 0036 05       		.uleb128 0x5
 242 0037 16       		.uleb128 0x16
 243 0038 00       		.byte	0
 244 0039 03       		.uleb128 0x3
 245 003a 0E       		.uleb128 0xe
 246 003b 3A       		.uleb128 0x3a
 247 003c 0B       		.uleb128 0xb
 248 003d 3B       		.uleb128 0x3b
 249 003e 05       		.uleb128 0x5
 250 003f 49       		.uleb128 0x49
 251 0040 13       		.uleb128 0x13
 252 0041 00       		.byte	0
 253 0042 00       		.byte	0
 254 0043 06       		.uleb128 0x6
 255 0044 35       		.uleb128 0x35
 256 0045 00       		.byte	0
 257 0046 49       		.uleb128 0x49
 258 0047 13       		.uleb128 0x13
 259 0048 00       		.byte	0
 260 0049 00       		.byte	0
ARM GAS  C:\Users\indya\AppData\Local\Temp\ccFkzufu.s 			page 6


 261 004a 07       		.uleb128 0x7
 262 004b 2E       		.uleb128 0x2e
 263 004c 01       		.byte	0x1
 264 004d 3F       		.uleb128 0x3f
 265 004e 19       		.uleb128 0x19
 266 004f 03       		.uleb128 0x3
 267 0050 0E       		.uleb128 0xe
 268 0051 3A       		.uleb128 0x3a
 269 0052 0B       		.uleb128 0xb
 270 0053 3B       		.uleb128 0x3b
 271 0054 0B       		.uleb128 0xb
 272 0055 27       		.uleb128 0x27
 273 0056 19       		.uleb128 0x19
 274 0057 11       		.uleb128 0x11
 275 0058 01       		.uleb128 0x1
 276 0059 12       		.uleb128 0x12
 277 005a 06       		.uleb128 0x6
 278 005b 40       		.uleb128 0x40
 279 005c 18       		.uleb128 0x18
 280 005d 9742     		.uleb128 0x2117
 281 005f 19       		.uleb128 0x19
 282 0060 01       		.uleb128 0x1
 283 0061 13       		.uleb128 0x13
 284 0062 00       		.byte	0
 285 0063 00       		.byte	0
 286 0064 08       		.uleb128 0x8
 287 0065 898201   		.uleb128 0x4109
 288 0068 00       		.byte	0
 289 0069 11       		.uleb128 0x11
 290 006a 01       		.uleb128 0x1
 291 006b 31       		.uleb128 0x31
 292 006c 13       		.uleb128 0x13
 293 006d 00       		.byte	0
 294 006e 00       		.byte	0
 295 006f 09       		.uleb128 0x9
 296 0070 34       		.uleb128 0x34
 297 0071 00       		.byte	0
 298 0072 03       		.uleb128 0x3
 299 0073 0E       		.uleb128 0xe
 300 0074 3A       		.uleb128 0x3a
 301 0075 0B       		.uleb128 0xb
 302 0076 3B       		.uleb128 0x3b
 303 0077 0B       		.uleb128 0xb
 304 0078 49       		.uleb128 0x49
 305 0079 13       		.uleb128 0x13
 306 007a 3F       		.uleb128 0x3f
 307 007b 19       		.uleb128 0x19
 308 007c 02       		.uleb128 0x2
 309 007d 18       		.uleb128 0x18
 310 007e 00       		.byte	0
 311 007f 00       		.byte	0
 312 0080 0A       		.uleb128 0xa
 313 0081 34       		.uleb128 0x34
 314 0082 00       		.byte	0
 315 0083 03       		.uleb128 0x3
 316 0084 0E       		.uleb128 0xe
 317 0085 3A       		.uleb128 0x3a
ARM GAS  C:\Users\indya\AppData\Local\Temp\ccFkzufu.s 			page 7


 318 0086 0B       		.uleb128 0xb
 319 0087 3B       		.uleb128 0x3b
 320 0088 05       		.uleb128 0x5
 321 0089 49       		.uleb128 0x49
 322 008a 13       		.uleb128 0x13
 323 008b 3F       		.uleb128 0x3f
 324 008c 19       		.uleb128 0x19
 325 008d 3C       		.uleb128 0x3c
 326 008e 19       		.uleb128 0x19
 327 008f 00       		.byte	0
 328 0090 00       		.byte	0
 329 0091 0B       		.uleb128 0xb
 330 0092 2E       		.uleb128 0x2e
 331 0093 00       		.byte	0
 332 0094 3F       		.uleb128 0x3f
 333 0095 19       		.uleb128 0x19
 334 0096 3C       		.uleb128 0x3c
 335 0097 19       		.uleb128 0x19
 336 0098 6E       		.uleb128 0x6e
 337 0099 0E       		.uleb128 0xe
 338 009a 03       		.uleb128 0x3
 339 009b 0E       		.uleb128 0xe
 340 009c 3A       		.uleb128 0x3a
 341 009d 0B       		.uleb128 0xb
 342 009e 3B       		.uleb128 0x3b
 343 009f 0B       		.uleb128 0xb
 344 00a0 00       		.byte	0
 345 00a1 00       		.byte	0
 346 00a2 00       		.byte	0
 347              		.section	.debug_aranges,"",%progbits
 348 0000 1C000000 		.4byte	0x1c
 349 0004 0200     		.2byte	0x2
 350 0006 00000000 		.4byte	.Ldebug_info0
 351 000a 04       		.byte	0x4
 352 000b 00       		.byte	0
 353 000c 0000     		.2byte	0
 354 000e 0000     		.2byte	0
 355 0010 00000000 		.4byte	.LFB63
 356 0014 14000000 		.4byte	.LFE63-.LFB63
 357 0018 00000000 		.4byte	0
 358 001c 00000000 		.4byte	0
 359              		.section	.debug_ranges,"",%progbits
 360              	.Ldebug_ranges0:
 361 0000 00000000 		.4byte	.LFB63
 362 0004 14000000 		.4byte	.LFE63
 363 0008 00000000 		.4byte	0
 364 000c 00000000 		.4byte	0
 365              		.section	.debug_line,"",%progbits
 366              	.Ldebug_line0:
 367 0000 92010000 		.section	.debug_str,"MS",%progbits,1
 367      02007B01 
 367      00000201 
 367      FB0E0D00 
 367      01010101 
 368              	.LASF6:
 369 0000 6C6F6E67 		.ascii	"long long int\000"
 369      206C6F6E 
ARM GAS  C:\Users\indya\AppData\Local\Temp\ccFkzufu.s 			page 8


 369      6720696E 
 369      7400
 370              	.LASF3:
 371 000e 73686F72 		.ascii	"short unsigned int\000"
 371      7420756E 
 371      7369676E 
 371      65642069 
 371      6E7400
 372              	.LASF8:
 373 0021 756E7369 		.ascii	"unsigned int\000"
 373      676E6564 
 373      20696E74 
 373      00
 374              	.LASF22:
 375 002e 63757374 		.ascii	"custom_TIMER_ISR\000"
 375      6F6D5F54 
 375      494D4552 
 375      5F495352 
 375      00
 376              	.LASF21:
 377 003f 433A5C55 		.ascii	"C:\\Users\\indya\\Desktop\\AY1920_II_HW_05_CERONI_I"
 377      73657273 
 377      5C696E64 
 377      79615C44 
 377      65736B74 
 378 006e 4E445941 		.ascii	"NDYA\\AY1920_II_HW_05_PROJ_2.cydsn\000"
 378      5C415931 
 378      3932305F 
 378      49495F48 
 378      575F3035 
 379              	.LASF19:
 380 0090 474E5520 		.ascii	"GNU C11 5.4.1 20160609 (release) [ARM/embedded-5-br"
 380      43313120 
 380      352E342E 
 380      31203230 
 380      31363036 
 381 00c3 616E6368 		.ascii	"anch revision 237715] -mcpu=cortex-m3 -mthumb -g -O"
 381      20726576 
 381      6973696F 
 381      6E203233 
 381      37373135 
 382 00f6 67202D66 		.ascii	"g -ffunction-sections -ffat-lto-objects\000"
 382      66756E63 
 382      74696F6E 
 382      2D736563 
 382      74696F6E 
 383              	.LASF11:
 384 011e 75696E74 		.ascii	"uint8\000"
 384      3800
 385              	.LASF23:
 386 0124 54696D65 		.ascii	"Timer_ReadStatusRegister\000"
 386      725F5265 
 386      61645374 
 386      61747573 
 386      52656769 
 387              	.LASF7:
 388 013d 6C6F6E67 		.ascii	"long long unsigned int\000"
ARM GAS  C:\Users\indya\AppData\Local\Temp\ccFkzufu.s 			page 9


 388      206C6F6E 
 388      6720756E 
 388      7369676E 
 388      65642069 
 389              	.LASF20:
 390 0154 496E7465 		.ascii	"InterruptRoutines.c\000"
 390      72727570 
 390      74526F75 
 390      74696E65 
 390      732E6300 
 391              	.LASF1:
 392 0168 756E7369 		.ascii	"unsigned char\000"
 392      676E6564 
 392      20636861 
 392      7200
 393              	.LASF14:
 394 0176 63686172 		.ascii	"char\000"
 394      00
 395              	.LASF4:
 396 017b 6C6F6E67 		.ascii	"long int\000"
 396      20696E74 
 396      00
 397              	.LASF17:
 398 0184 74696D65 		.ascii	"timer_flag\000"
 398      725F666C 
 398      616700
 399              	.LASF5:
 400 018f 6C6F6E67 		.ascii	"long unsigned int\000"
 400      20756E73 
 400      69676E65 
 400      6420696E 
 400      7400
 401              	.LASF13:
 402 01a1 646F7562 		.ascii	"double\000"
 402      6C6500
 403              	.LASF18:
 404 01a8 49544D5F 		.ascii	"ITM_RxBuffer\000"
 404      52784275 
 404      66666572 
 404      00
 405              	.LASF0:
 406 01b5 7369676E 		.ascii	"signed char\000"
 406      65642063 
 406      68617200 
 407              	.LASF15:
 408 01c1 6C6F6E67 		.ascii	"long double\000"
 408      20646F75 
 408      626C6500 
 409              	.LASF9:
 410 01cd 5F5F696E 		.ascii	"__int32_t\000"
 410      7433325F 
 410      7400
 411              	.LASF12:
 412 01d7 666C6F61 		.ascii	"float\000"
 412      7400
 413              	.LASF2:
 414 01dd 73686F72 		.ascii	"short int\000"
ARM GAS  C:\Users\indya\AppData\Local\Temp\ccFkzufu.s 			page 10


 414      7420696E 
 414      7400
 415              	.LASF10:
 416 01e7 696E7433 		.ascii	"int32_t\000"
 416      325F7400 
 417              	.LASF16:
 418 01ef 73697A65 		.ascii	"sizetype\000"
 418      74797065 
 418      00
 419              		.ident	"GCC: (GNU Tools for ARM Embedded Processors) 5.4.1 20160609 (release) [ARM/embedded-5-bran
