ARM GAS  C:\Users\indya\AppData\Local\Temp\ccH3Jdhp.s 			page 1


   1              		.syntax unified
   2              		.cpu cortex-m3
   3              		.fpu softvfp
   4              		.eabi_attribute 20, 1
   5              		.eabi_attribute 21, 1
   6              		.eabi_attribute 23, 3
   7              		.eabi_attribute 24, 1
   8              		.eabi_attribute 25, 1
   9              		.eabi_attribute 26, 1
  10              		.eabi_attribute 30, 1
  11              		.eabi_attribute 34, 1
  12              		.eabi_attribute 18, 4
  13              		.thumb
  14              		.syntax unified
  15              		.file	"main.c"
  16              		.text
  17              	.Ltext0:
  18              		.cfi_sections	.debug_frame
  19              		.section	.text.main,"ax",%progbits
  20              		.align	2
  21              		.global	main
  22              		.thumb
  23              		.thumb_func
  24              		.type	main, %function
  25              	main:
  26              	.LFB64:
  27              		.file 1 "main.c"
   1:main.c        **** /**
   2:main.c        **** * \brief Main source file for the I2C-Master project.
   3:main.c        **** *
   4:main.c        **** * In this project we set up a I2C master device with
   5:main.c        **** * to understand the I2C protocol and communicate with a
   6:main.c        **** * a I2C Slave device (LIS3DH Accelerometer).
   7:main.c        **** *
   8:main.c        **** * \author Gabriele Belotti
   9:main.c        **** * \date , 2020
  10:main.c        **** */
  11:main.c        **** 
  12:main.c        **** // Include required header files
  13:main.c        **** #include "I2C_Interface.h"
  14:main.c        **** #include "InterruptRoutines.h"
  15:main.c        **** #include "project.h"
  16:main.c        **** #include "stdio.h"
  17:main.c        **** 
  18:main.c        **** 
  19:main.c        **** /**
  20:main.c        **** *   \brief 7-bit I2C address of the slave device.
  21:main.c        **** */
  22:main.c        **** #define LIS3DH_DEVICE_ADDRESS 0x18
  23:main.c        **** 
  24:main.c        **** 
  25:main.c        **** /**
  26:main.c        **** *   \brief Address of the Status register
  27:main.c        **** */
  28:main.c        **** #define LIS3DH_STATUS_REG 0x27
  29:main.c        **** 
  30:main.c        **** /**
ARM GAS  C:\Users\indya\AppData\Local\Temp\ccH3Jdhp.s 			page 2


  31:main.c        **** *   \X, Y and Z axis new data available
  32:main.c        **** */
  33:main.c        **** 
  34:main.c        **** #define LIS3DH_STATUS_REG_DATA_AVAILABLE 0x04 
  35:main.c        **** 
  36:main.c        **** /**
  37:main.c        **** *   \brief Address of the Control register 1
  38:main.c        **** */
  39:main.c        **** #define LIS3DH_CTRL_REG1 0x20
  40:main.c        **** 
  41:main.c        **** /**
  42:main.c        **** *   \brief Hex value to set the accelerometer to output 3-axis
  43:main.c        ****      acceleration data in normal mode at 100Hz 
  44:main.c        **** */
  45:main.c        **** #define LIS3DH_CTRL_REG1_SET 0x57
  46:main.c        **** 
  47:main.c        **** 
  48:main.c        **** 
  49:main.c        **** /**
  50:main.c        **** *   \brief Address of the Control register 4
  51:main.c        **** */
  52:main.c        **** #define LIS3DH_CTRL_REG4 0x23
  53:main.c        **** 
  54:main.c        **** /**
  55:main.c        **** *   \brief Hex value to set active the BDU 
  56:main.c        ****      The range is by default +-2g
  57:main.c        **** */
  58:main.c        **** 
  59:main.c        **** #define LIS3DH_CTRL_REG4_BDU_ACTIVE 0x80
  60:main.c        **** /**
  61:main.c        **** *   \brief Address of the X-Axis output LSB register
  62:main.c        **** */
  63:main.c        **** #define LIS3DH_OUT_X_L 0x28
  64:main.c        **** 
  65:main.c        **** 
  66:main.c        **** 
  67:main.c        **** int main(void)
  68:main.c        **** {
  28              		.loc 1 68 0
  29              		.cfi_startproc
  30              		@ args = 0, pretend = 0, frame = 72
  31              		@ frame_needed = 0, uses_anonymous_args = 0
  32 0000 10B5     		push	{r4, lr}
  33              		.cfi_def_cfa_offset 8
  34              		.cfi_offset 4, -8
  35              		.cfi_offset 14, -4
  36 0002 92B0     		sub	sp, sp, #72
  37              		.cfi_def_cfa_offset 80
  69:main.c        ****     CyGlobalIntEnable; /* Enable global interrupts. */
  38              		.loc 1 69 0
  39              		.syntax unified
  40              	@ 69 "main.c" 1
  41 0004 62B6     		CPSIE   i
  42              	@ 0 "" 2
  70:main.c        **** 
  71:main.c        ****     /* Place your initialization/startup code here (e.g. MyInst_Start()) */
  72:main.c        ****     I2C_Peripheral_Start();
ARM GAS  C:\Users\indya\AppData\Local\Temp\ccH3Jdhp.s 			page 3


  43              		.loc 1 72 0
  44              		.thumb
  45              		.syntax unified
  46 0006 FFF7FEFF 		bl	I2C_Peripheral_Start
  47              	.LVL0:
  73:main.c        ****     UART_Debug_Start();
  48              		.loc 1 73 0
  49 000a FFF7FEFF 		bl	UART_Debug_Start
  50              	.LVL1:
  74:main.c        ****     
  75:main.c        ****     CyDelay(5); //"The boot procedure is complete about 5 milliseconds after device power-up."
  51              		.loc 1 75 0
  52 000e 0520     		movs	r0, #5
  53 0010 FFF7FEFF 		bl	CyDelay
  54              	.LVL2:
  55              	.LBB2:
  76:main.c        ****     
  77:main.c        ****     // String to print out messages on the UART
  78:main.c        ****     char message[50];
  79:main.c        **** 
  80:main.c        ****     // Check which devices are present on the I2C bus
  81:main.c        ****     for (int i = 0 ; i < 128; i++)
  56              		.loc 1 81 0
  57 0014 0024     		movs	r4, #0
  58 0016 0CE0     		b	.L2
  59              	.LVL3:
  60              	.L4:
  82:main.c        ****     {
  83:main.c        ****         if (I2C_Peripheral_IsDeviceConnected(i))
  61              		.loc 1 83 0
  62 0018 E0B2     		uxtb	r0, r4
  63 001a FFF7FEFF 		bl	I2C_Peripheral_IsDeviceConnected
  64              	.LVL4:
  65 001e 38B1     		cbz	r0, .L3
  84:main.c        ****         {
  85:main.c        ****             // print out the address is hex format
  86:main.c        ****             sprintf(message, "Device 0x%02X is connected\r\n", i);
  66              		.loc 1 86 0
  67 0020 2246     		mov	r2, r4
  68 0022 7149     		ldr	r1, .L21
  69 0024 05A8     		add	r0, sp, #20
  70 0026 FFF7FEFF 		bl	sprintf
  71              	.LVL5:
  87:main.c        ****             UART_Debug_PutString(message); 
  72              		.loc 1 87 0
  73 002a 05A8     		add	r0, sp, #20
  74 002c FFF7FEFF 		bl	UART_Debug_PutString
  75              	.LVL6:
  76              	.L3:
  81:main.c        ****     {
  77              		.loc 1 81 0 discriminator 2
  78 0030 0134     		adds	r4, r4, #1
  79              	.LVL7:
  80              	.L2:
  81:main.c        ****     {
  81              		.loc 1 81 0 is_stmt 0 discriminator 1
  82 0032 7F2C     		cmp	r4, #127
ARM GAS  C:\Users\indya\AppData\Local\Temp\ccH3Jdhp.s 			page 4


  83 0034 F0DD     		ble	.L4
  84              	.LBE2:
  88:main.c        ****         }
  89:main.c        ****         
  90:main.c        ****     }
  91:main.c        ****     
  92:main.c        ****     /******************************************/
  93:main.c        ****     /*            I2C Reading                 */
  94:main.c        ****     /******************************************/
  95:main.c        ****     
  96:main.c        **** 
  97:main.c        ****     ErrorCode error; 
  98:main.c        ****     
  99:main.c        ****     
 100:main.c        ****    
 101:main.c        ****     
 102:main.c        ****     /*      I2C Reading Status Register       */
 103:main.c        ****     
 104:main.c        ****     uint8_t status_register; 
 105:main.c        ****     error = I2C_Peripheral_ReadRegister(LIS3DH_DEVICE_ADDRESS,
  85              		.loc 1 105 0 is_stmt 1
  86 0036 0DF11302 		add	r2, sp, #19
  87 003a 2721     		movs	r1, #39
  88 003c 1820     		movs	r0, #24
  89 003e FFF7FEFF 		bl	I2C_Peripheral_ReadRegister
  90              	.LVL8:
 106:main.c        ****                                         LIS3DH_STATUS_REG,
 107:main.c        ****                                         &status_register);
 108:main.c        ****     
 109:main.c        ****     if (error == NO_ERROR)
  91              		.loc 1 109 0
  92 0042 48B9     		cbnz	r0, .L5
 110:main.c        ****     {
 111:main.c        ****         sprintf(message, "STATUS REGISTER: 0x%02X\r\n", status_register);
  93              		.loc 1 111 0
  94 0044 9DF81320 		ldrb	r2, [sp, #19]	@ zero_extendqisi2
  95 0048 6849     		ldr	r1, .L21+4
  96 004a 05A8     		add	r0, sp, #20
  97              	.LVL9:
  98 004c FFF7FEFF 		bl	sprintf
  99              	.LVL10:
 112:main.c        ****         UART_Debug_PutString(message); 
 100              		.loc 1 112 0
 101 0050 05A8     		add	r0, sp, #20
 102 0052 FFF7FEFF 		bl	UART_Debug_PutString
 103              	.LVL11:
 104 0056 02E0     		b	.L6
 105              	.LVL12:
 106              	.L5:
 113:main.c        ****     }
 114:main.c        ****     else
 115:main.c        ****     {
 116:main.c        ****         UART_Debug_PutString("Error occurred during I2C comm to read status register\r\n");   
 107              		.loc 1 116 0
 108 0058 6548     		ldr	r0, .L21+8
 109              	.LVL13:
 110 005a FFF7FEFF 		bl	UART_Debug_PutString
ARM GAS  C:\Users\indya\AppData\Local\Temp\ccH3Jdhp.s 			page 5


 111              	.LVL14:
 112              	.L6:
 117:main.c        ****     }
 118:main.c        ****     
 119:main.c        ****     /******************************************/
 120:main.c        ****     /*        Read Control Register 1         */
 121:main.c        ****     /******************************************/
 122:main.c        ****     uint8_t ctrl_reg1; 
 123:main.c        ****     error = I2C_Peripheral_ReadRegister(LIS3DH_DEVICE_ADDRESS,
 113              		.loc 1 123 0
 114 005e 0DF11202 		add	r2, sp, #18
 115 0062 2021     		movs	r1, #32
 116 0064 1820     		movs	r0, #24
 117 0066 FFF7FEFF 		bl	I2C_Peripheral_ReadRegister
 118              	.LVL15:
 124:main.c        ****                                         LIS3DH_CTRL_REG1,
 125:main.c        ****                                         &ctrl_reg1);
 126:main.c        ****     
 127:main.c        ****     if (error == NO_ERROR)
 119              		.loc 1 127 0
 120 006a 48B9     		cbnz	r0, .L7
 128:main.c        ****     {
 129:main.c        ****         sprintf(message, "CONTROL REGISTER 1: 0x%02X\r\n", ctrl_reg1);
 121              		.loc 1 129 0
 122 006c 9DF81220 		ldrb	r2, [sp, #18]	@ zero_extendqisi2
 123 0070 6049     		ldr	r1, .L21+12
 124 0072 05A8     		add	r0, sp, #20
 125              	.LVL16:
 126 0074 FFF7FEFF 		bl	sprintf
 127              	.LVL17:
 130:main.c        ****         UART_Debug_PutString(message); 
 128              		.loc 1 130 0
 129 0078 05A8     		add	r0, sp, #20
 130 007a FFF7FEFF 		bl	UART_Debug_PutString
 131              	.LVL18:
 132 007e 02E0     		b	.L8
 133              	.LVL19:
 134              	.L7:
 131:main.c        ****     }
 132:main.c        ****     else
 133:main.c        ****     {
 134:main.c        ****         UART_Debug_PutString("Error occurred during I2C comm to read control register 1\r\n");   
 135              		.loc 1 134 0
 136 0080 5D48     		ldr	r0, .L21+16
 137              	.LVL20:
 138 0082 FFF7FEFF 		bl	UART_Debug_PutString
 139              	.LVL21:
 140              	.L8:
 135:main.c        ****     }
 136:main.c        ****     
 137:main.c        ****     /******************************************/
 138:main.c        ****     /*            I2C Writing                 */
 139:main.c        ****     /******************************************/
 140:main.c        ****     
 141:main.c        ****         
 142:main.c        ****     UART_Debug_PutString("\r\nWriting new values..\r\n");
 141              		.loc 1 142 0
ARM GAS  C:\Users\indya\AppData\Local\Temp\ccH3Jdhp.s 			page 6


 142 0086 5D48     		ldr	r0, .L21+20
 143 0088 FFF7FEFF 		bl	UART_Debug_PutString
 144              	.LVL22:
 143:main.c        ****     
 144:main.c        ****     if (ctrl_reg1 != LIS3DH_CTRL_REG1_SET)
 145              		.loc 1 144 0
 146 008c 9DF81230 		ldrb	r3, [sp, #18]	@ zero_extendqisi2
 147 0090 572B     		cmp	r3, #87
 148 0092 14D0     		beq	.L9
 145:main.c        ****     {
 146:main.c        ****         ctrl_reg1 = LIS3DH_CTRL_REG1_SET;
 149              		.loc 1 146 0
 150 0094 5722     		movs	r2, #87
 151 0096 8DF81220 		strb	r2, [sp, #18]
 147:main.c        ****     
 148:main.c        ****         error = I2C_Peripheral_WriteRegister(LIS3DH_DEVICE_ADDRESS,
 152              		.loc 1 148 0
 153 009a 2021     		movs	r1, #32
 154 009c 1820     		movs	r0, #24
 155 009e FFF7FEFF 		bl	I2C_Peripheral_WriteRegister
 156              	.LVL23:
 149:main.c        ****                                              LIS3DH_CTRL_REG1,
 150:main.c        ****                                              ctrl_reg1);
 151:main.c        ****     
 152:main.c        ****         if (error == NO_ERROR)
 157              		.loc 1 152 0
 158 00a2 48B9     		cbnz	r0, .L10
 153:main.c        ****         {
 154:main.c        ****             sprintf(message, "CONTROL REGISTER 1 successfully written as: 0x%02X\r\n", ctrl_reg1);
 159              		.loc 1 154 0
 160 00a4 9DF81220 		ldrb	r2, [sp, #18]	@ zero_extendqisi2
 161 00a8 5549     		ldr	r1, .L21+24
 162 00aa 05A8     		add	r0, sp, #20
 163              	.LVL24:
 164 00ac FFF7FEFF 		bl	sprintf
 165              	.LVL25:
 155:main.c        ****             UART_Debug_PutString(message); 
 166              		.loc 1 155 0
 167 00b0 05A8     		add	r0, sp, #20
 168 00b2 FFF7FEFF 		bl	UART_Debug_PutString
 169              	.LVL26:
 170 00b6 02E0     		b	.L9
 171              	.LVL27:
 172              	.L10:
 156:main.c        ****         }
 157:main.c        ****         else
 158:main.c        ****         {
 159:main.c        ****             UART_Debug_PutString("Error occurred during I2C comm to set control register 1\r\n");  
 173              		.loc 1 159 0
 174 00b8 5248     		ldr	r0, .L21+28
 175              	.LVL28:
 176 00ba FFF7FEFF 		bl	UART_Debug_PutString
 177              	.LVL29:
 178              	.L9:
 160:main.c        ****         }
 161:main.c        ****     }
 162:main.c        ****     
ARM GAS  C:\Users\indya\AppData\Local\Temp\ccH3Jdhp.s 			page 7


 163:main.c        ****     /******************************************/
 164:main.c        ****     /*     Read Control Register 1 again      */
 165:main.c        ****     /******************************************/
 166:main.c        **** 
 167:main.c        ****     error = I2C_Peripheral_ReadRegister(LIS3DH_DEVICE_ADDRESS,
 179              		.loc 1 167 0
 180 00be 0DF11202 		add	r2, sp, #18
 181 00c2 2021     		movs	r1, #32
 182 00c4 1820     		movs	r0, #24
 183 00c6 FFF7FEFF 		bl	I2C_Peripheral_ReadRegister
 184              	.LVL30:
 168:main.c        ****                                         LIS3DH_CTRL_REG1,
 169:main.c        ****                                         &ctrl_reg1);
 170:main.c        ****     
 171:main.c        ****     if (error == NO_ERROR)
 185              		.loc 1 171 0
 186 00ca 48B9     		cbnz	r0, .L11
 172:main.c        ****     {
 173:main.c        ****         sprintf(message, "CONTROL REGISTER 1 after overwrite operation: 0x%02X\r\n", ctrl_reg1);
 187              		.loc 1 173 0
 188 00cc 9DF81220 		ldrb	r2, [sp, #18]	@ zero_extendqisi2
 189 00d0 4D49     		ldr	r1, .L21+32
 190 00d2 05A8     		add	r0, sp, #20
 191              	.LVL31:
 192 00d4 FFF7FEFF 		bl	sprintf
 193              	.LVL32:
 174:main.c        ****         UART_Debug_PutString(message); 
 194              		.loc 1 174 0
 195 00d8 05A8     		add	r0, sp, #20
 196 00da FFF7FEFF 		bl	UART_Debug_PutString
 197              	.LVL33:
 198 00de 02E0     		b	.L12
 199              	.LVL34:
 200              	.L11:
 175:main.c        ****     }
 176:main.c        ****     else
 177:main.c        ****     {
 178:main.c        ****         UART_Debug_PutString("Error occurred during I2C comm to read control register 1\r\n");   
 201              		.loc 1 178 0
 202 00e0 4548     		ldr	r0, .L21+16
 203              	.LVL35:
 204 00e2 FFF7FEFF 		bl	UART_Debug_PutString
 205              	.LVL36:
 206              	.L12:
 179:main.c        ****     }
 180:main.c        ****     
 181:main.c        ****     
 182:main.c        ****     /******************************************/
 183:main.c        ****     /*     Read Control Register 4            */
 184:main.c        ****     /******************************************/
 185:main.c        ****     
 186:main.c        ****     
 187:main.c        ****     
 188:main.c        ****     uint8_t ctrl_reg4;
 189:main.c        **** 
 190:main.c        ****     error = I2C_Peripheral_ReadRegister(LIS3DH_DEVICE_ADDRESS,
 207              		.loc 1 190 0
ARM GAS  C:\Users\indya\AppData\Local\Temp\ccH3Jdhp.s 			page 8


 208 00e6 0DF11102 		add	r2, sp, #17
 209 00ea 2321     		movs	r1, #35
 210 00ec 1820     		movs	r0, #24
 211 00ee FFF7FEFF 		bl	I2C_Peripheral_ReadRegister
 212              	.LVL37:
 191:main.c        ****                                         LIS3DH_CTRL_REG4,
 192:main.c        ****                                         &ctrl_reg4);
 193:main.c        ****     
 194:main.c        ****     if (error == NO_ERROR)
 213              		.loc 1 194 0
 214 00f2 48B9     		cbnz	r0, .L13
 195:main.c        ****     {
 196:main.c        ****         sprintf(message, "CONTROL REGISTER 4: 0x%02X\r\n", ctrl_reg4);
 215              		.loc 1 196 0
 216 00f4 9DF81120 		ldrb	r2, [sp, #17]	@ zero_extendqisi2
 217 00f8 4449     		ldr	r1, .L21+36
 218 00fa 05A8     		add	r0, sp, #20
 219              	.LVL38:
 220 00fc FFF7FEFF 		bl	sprintf
 221              	.LVL39:
 197:main.c        ****         UART_Debug_PutString(message); 
 222              		.loc 1 197 0
 223 0100 05A8     		add	r0, sp, #20
 224 0102 FFF7FEFF 		bl	UART_Debug_PutString
 225              	.LVL40:
 226 0106 02E0     		b	.L14
 227              	.LVL41:
 228              	.L13:
 198:main.c        ****     }
 199:main.c        ****     else
 200:main.c        ****     {
 201:main.c        ****         UART_Debug_PutString("Error occurred during I2C comm to read control register4\r\n");   
 229              		.loc 1 201 0
 230 0108 4148     		ldr	r0, .L21+40
 231              	.LVL42:
 232 010a FFF7FEFF 		bl	UART_Debug_PutString
 233              	.LVL43:
 234              	.L14:
 202:main.c        ****     }
 203:main.c        ****     
 204:main.c        ****     
 205:main.c        ****     ctrl_reg4 = LIS3DH_CTRL_REG4_BDU_ACTIVE; 
 235              		.loc 1 205 0
 236 010e 8022     		movs	r2, #128
 237 0110 12AC     		add	r4, sp, #72
 238              	.LVL44:
 239 0112 04F8372D 		strb	r2, [r4, #-55]!
 206:main.c        ****     
 207:main.c        ****     error = I2C_Peripheral_WriteRegister(LIS3DH_DEVICE_ADDRESS,
 240              		.loc 1 207 0
 241 0116 2321     		movs	r1, #35
 242 0118 1820     		movs	r0, #24
 243 011a FFF7FEFF 		bl	I2C_Peripheral_WriteRegister
 244              	.LVL45:
 208:main.c        ****                                          LIS3DH_CTRL_REG4,
 209:main.c        ****                                          ctrl_reg4);
 210:main.c        ****     
ARM GAS  C:\Users\indya\AppData\Local\Temp\ccH3Jdhp.s 			page 9


 211:main.c        ****     error = I2C_Peripheral_ReadRegister(LIS3DH_DEVICE_ADDRESS,
 245              		.loc 1 211 0
 246 011e 2246     		mov	r2, r4
 247 0120 2321     		movs	r1, #35
 248 0122 1820     		movs	r0, #24
 249 0124 FFF7FEFF 		bl	I2C_Peripheral_ReadRegister
 250              	.LVL46:
 212:main.c        ****                                         LIS3DH_CTRL_REG4,
 213:main.c        ****                                         &ctrl_reg4);
 214:main.c        ****     
 215:main.c        ****     
 216:main.c        ****     if (error == NO_ERROR)
 251              		.loc 1 216 0
 252 0128 48B9     		cbnz	r0, .L15
 217:main.c        ****     {
 218:main.c        ****         sprintf(message, "CONTROL REGISTER 4 after being updated: 0x%02X\r\n", ctrl_reg4);
 253              		.loc 1 218 0
 254 012a 9DF81120 		ldrb	r2, [sp, #17]	@ zero_extendqisi2
 255 012e 3949     		ldr	r1, .L21+44
 256 0130 05A8     		add	r0, sp, #20
 257              	.LVL47:
 258 0132 FFF7FEFF 		bl	sprintf
 259              	.LVL48:
 219:main.c        ****         UART_Debug_PutString(message); 
 260              		.loc 1 219 0
 261 0136 05A8     		add	r0, sp, #20
 262 0138 FFF7FEFF 		bl	UART_Debug_PutString
 263              	.LVL49:
 264 013c 02E0     		b	.L16
 265              	.LVL50:
 266              	.L15:
 220:main.c        ****     }
 221:main.c        ****     else
 222:main.c        ****     {
 223:main.c        ****         UART_Debug_PutString("Error occurred during I2C comm to read control register4\r\n");   
 267              		.loc 1 223 0
 268 013e 3448     		ldr	r0, .L21+40
 269              	.LVL51:
 270 0140 FFF7FEFF 		bl	UART_Debug_PutString
 271              	.LVL52:
 272              	.L16:
 224:main.c        ****     }
 225:main.c        ****     
 226:main.c        ****     int16_t OutX;
 227:main.c        ****     int16_t OutY;
 228:main.c        ****     int16_t OutZ;
 229:main.c        ****     
 230:main.c        ****     
 231:main.c        ****     uint8_t header = 0xA0;
 232:main.c        ****     uint8_t footer = 0xC0;
 233:main.c        ****     uint8_t OutArray[8]; 
 234:main.c        ****     uint8_t AccelerationData[6];
 235:main.c        ****     
 236:main.c        ****     OutArray[0] = header;
 273              		.loc 1 236 0
 274 0144 A023     		movs	r3, #160
 275 0146 8DF80830 		strb	r3, [sp, #8]
ARM GAS  C:\Users\indya\AppData\Local\Temp\ccH3Jdhp.s 			page 10


 237:main.c        ****     OutArray[7] = footer;
 276              		.loc 1 237 0
 277 014a C023     		movs	r3, #192
 278 014c 8DF80F30 		strb	r3, [sp, #15]
 238:main.c        ****     
 239:main.c        ****     
 240:main.c        ****     timer_flag=0;
 279              		.loc 1 240 0
 280 0150 0022     		movs	r2, #0
 281 0152 314B     		ldr	r3, .L21+48
 282 0154 1A70     		strb	r2, [r3]
 241:main.c        ****     
 242:main.c        ****     isr_StartEx(custom_TIMER_ISR);
 283              		.loc 1 242 0
 284 0156 3148     		ldr	r0, .L21+52
 285 0158 FFF7FEFF 		bl	isr_StartEx
 286              	.LVL53:
 243:main.c        ****     while(!(LIS3DH_STATUS_REG & LIS3DH_STATUS_REG_DATA_AVAILABLE)){}
 244:main.c        ****     
 245:main.c        ****     Timer_WriteCounter(5);
 287              		.loc 1 245 0
 288 015c 0520     		movs	r0, #5
 289 015e FFF7FEFF 		bl	Timer_WriteCounter
 290              	.LVL54:
 246:main.c        ****     Timer_Start();
 291              		.loc 1 246 0
 292 0162 FFF7FEFF 		bl	Timer_Start
 293              	.LVL55:
 294              	.L17:
 247:main.c        ****     
 248:main.c        ****     
 249:main.c        ****     for(;;)
 250:main.c        ****     {
 251:main.c        ****         if(timer_flag==1)  //every 10 ms
 295              		.loc 1 251 0
 296 0166 2C4B     		ldr	r3, .L21+48
 297 0168 1B78     		ldrb	r3, [r3]	@ zero_extendqisi2
 298 016a DBB2     		uxtb	r3, r3
 299 016c 012B     		cmp	r3, #1
 300 016e FAD1     		bne	.L17
 252:main.c        ****         {
 253:main.c        ****             
 254:main.c        ****             //wait until X, Y and Z axis new data are available
 255:main.c        ****             
 256:main.c        ****             while(!(LIS3DH_STATUS_REG & LIS3DH_STATUS_REG_DATA_AVAILABLE)){}
 257:main.c        ****         
 258:main.c        ****             timer_flag=0;
 301              		.loc 1 258 0
 302 0170 0022     		movs	r2, #0
 303 0172 294B     		ldr	r3, .L21+48
 304 0174 1A70     		strb	r2, [r3]
 259:main.c        ****             
 260:main.c        ****             //Multiwrite to read all the output registers
 261:main.c        ****             
 262:main.c        ****             error = I2C_Peripheral_ReadRegisterMulti(LIS3DH_DEVICE_ADDRESS,
 305              		.loc 1 262 0
 306 0176 6B46     		mov	r3, sp
ARM GAS  C:\Users\indya\AppData\Local\Temp\ccH3Jdhp.s 			page 11


 307 0178 0622     		movs	r2, #6
 308 017a 2821     		movs	r1, #40
 309 017c 1820     		movs	r0, #24
 310 017e FFF7FEFF 		bl	I2C_Peripheral_ReadRegisterMulti
 311              	.LVL56:
 263:main.c        ****                                             LIS3DH_OUT_X_L,6,
 264:main.c        ****                                             &AccelerationData[0]);
 265:main.c        ****         
 266:main.c        ****         
 267:main.c        ****             if(error == NO_ERROR)
 312              		.loc 1 267 0
 313 0182 0028     		cmp	r0, #0
 314 0184 EFD1     		bne	.L17
 268:main.c        ****             {
 269:main.c        ****                 //cast to int: I obtain the value in digit
 270:main.c        **** 
 271:main.c        ****                 OutX = (int16)((AccelerationData[0] | (AccelerationData[1]<<8)))>>4;  
 315              		.loc 1 271 0
 316 0186 9DF80030 		ldrb	r3, [sp]	@ zero_extendqisi2
 317 018a 9DF80120 		ldrb	r2, [sp, #1]	@ zero_extendqisi2
 318 018e 43EA0223 		orr	r3, r3, r2, lsl #8
 319 0192 43F30B13 		sbfx	r3, r3, #4, #12
 320              	.LVL57:
 272:main.c        ****                 
 273:main.c        ****                 //the sensitivity is 1mG/digit so the value in digit is equal to the value in mG
 274:main.c        ****                 //the range is between -2G and +2G so we need to represent 4000 numbers
 275:main.c        ****                 //to represent 4000 numbers we need 12 bits 
 276:main.c        ****                 //so to right justify the 16 bits int we need to shift it of 4 bits
 277:main.c        ****                
 278:main.c        ****                 
 279:main.c        ****                 OutArray[1] = (uint8_t)(OutX & 0xFF); //LSB
 321              		.loc 1 279 0
 322 0196 8DF80930 		strb	r3, [sp, #9]
 280:main.c        ****                 OutArray[2] = (uint8_t)(OutX >> 8);   //MSB
 323              		.loc 1 280 0
 324 019a C3F30723 		ubfx	r3, r3, #8, #8
 325              	.LVL58:
 326 019e 8DF80A30 		strb	r3, [sp, #10]
 281:main.c        **** 
 282:main.c        ****                 
 283:main.c        ****                 OutY = (int16)((AccelerationData[2] | (AccelerationData[3]<<8)))>>4;
 327              		.loc 1 283 0
 328 01a2 9DF80230 		ldrb	r3, [sp, #2]	@ zero_extendqisi2
 329 01a6 9DF80320 		ldrb	r2, [sp, #3]	@ zero_extendqisi2
 330              	.LVL59:
 331 01aa 43EA0223 		orr	r3, r3, r2, lsl #8
 332 01ae 43F30B13 		sbfx	r3, r3, #4, #12
 333              	.LVL60:
 284:main.c        ****                 
 285:main.c        ****                 
 286:main.c        ****                 OutArray[3] = (uint8_t)(OutY & 0xFF);
 334              		.loc 1 286 0
 335 01b2 8DF80B30 		strb	r3, [sp, #11]
 287:main.c        ****                 OutArray[4] = (uint8_t)(OutY >> 8);
 336              		.loc 1 287 0
 337 01b6 C3F30723 		ubfx	r3, r3, #8, #8
 338              	.LVL61:
ARM GAS  C:\Users\indya\AppData\Local\Temp\ccH3Jdhp.s 			page 12


 339 01ba 8DF80C30 		strb	r3, [sp, #12]
 288:main.c        ****                 
 289:main.c        ****                 OutZ = (int16)((AccelerationData[4] | (AccelerationData[5]<<8)))>>4;
 340              		.loc 1 289 0
 341 01be 9DF80430 		ldrb	r3, [sp, #4]	@ zero_extendqisi2
 342 01c2 9DF80520 		ldrb	r2, [sp, #5]	@ zero_extendqisi2
 343              	.LVL62:
 344 01c6 43EA0223 		orr	r3, r3, r2, lsl #8
 345 01ca 43F30B13 		sbfx	r3, r3, #4, #12
 346              	.LVL63:
 290:main.c        ****                 
 291:main.c        ****                 
 292:main.c        ****                 OutArray[5] = (uint8_t)(OutZ & 0xFF);
 347              		.loc 1 292 0
 348 01ce 8DF80D30 		strb	r3, [sp, #13]
 293:main.c        ****                 OutArray[6] = (uint8_t)(OutZ >> 8);
 349              		.loc 1 293 0
 350 01d2 C3F30723 		ubfx	r3, r3, #8, #8
 351              	.LVL64:
 352 01d6 8DF80E30 		strb	r3, [sp, #14]
 294:main.c        ****                 
 295:main.c        ****                 
 296:main.c        ****                 //we are sending the values in mG 
 297:main.c        ****         
 298:main.c        ****                 UART_Debug_PutArray(OutArray, 8);
 353              		.loc 1 298 0
 354 01da 0821     		movs	r1, #8
 355 01dc 0DEB0100 		add	r0, sp, r1
 356              	.LVL65:
 357 01e0 FFF7FEFF 		bl	UART_Debug_PutArray
 358              	.LVL66:
 359 01e4 BFE7     		b	.L17
 360              	.L22:
 361 01e6 00BF     		.align	2
 362              	.L21:
 363 01e8 00000000 		.word	.LC0
 364 01ec 20000000 		.word	.LC1
 365 01f0 3C000000 		.word	.LC2
 366 01f4 78000000 		.word	.LC3
 367 01f8 98000000 		.word	.LC4
 368 01fc D4000000 		.word	.LC5
 369 0200 F0000000 		.word	.LC6
 370 0204 28010000 		.word	.LC7
 371 0208 64010000 		.word	.LC8
 372 020c 9C010000 		.word	.LC9
 373 0210 BC010000 		.word	.LC10
 374 0214 F8010000 		.word	.LC11
 375 0218 00000000 		.word	timer_flag
 376 021c 00000000 		.word	custom_TIMER_ISR
 377              		.cfi_endproc
 378              	.LFE64:
 379              		.size	main, .-main
 380              		.comm	timer_flag,1,1
 381              		.section	.rodata.str1.4,"aMS",%progbits,1
 382              		.align	2
 383              	.LC0:
 384 0000 44657669 		.ascii	"Device 0x%02X is connected\015\012\000"
ARM GAS  C:\Users\indya\AppData\Local\Temp\ccH3Jdhp.s 			page 13


 384      63652030 
 384      78253032 
 384      58206973 
 384      20636F6E 
 385 001d 000000   		.space	3
 386              	.LC1:
 387 0020 53544154 		.ascii	"STATUS REGISTER: 0x%02X\015\012\000"
 387      55532052 
 387      45474953 
 387      5445523A 
 387      20307825 
 388 003a 0000     		.space	2
 389              	.LC2:
 390 003c 4572726F 		.ascii	"Error occurred during I2C comm to read status regis"
 390      72206F63 
 390      63757272 
 390      65642064 
 390      7572696E 
 391 006f 7465720D 		.ascii	"ter\015\012\000"
 391      0A00
 392 0075 000000   		.space	3
 393              	.LC3:
 394 0078 434F4E54 		.ascii	"CONTROL REGISTER 1: 0x%02X\015\012\000"
 394      524F4C20 
 394      52454749 
 394      53544552 
 394      20313A20 
 395 0095 000000   		.space	3
 396              	.LC4:
 397 0098 4572726F 		.ascii	"Error occurred during I2C comm to read control regi"
 397      72206F63 
 397      63757272 
 397      65642064 
 397      7572696E 
 398 00cb 73746572 		.ascii	"ster 1\015\012\000"
 398      20310D0A 
 398      00
 399              	.LC5:
 400 00d4 0D0A5772 		.ascii	"\015\012Writing new values..\015\012\000"
 400      6974696E 
 400      67206E65 
 400      77207661 
 400      6C756573 
 401 00ed 000000   		.space	3
 402              	.LC6:
 403 00f0 434F4E54 		.ascii	"CONTROL REGISTER 1 successfully written as: 0x%02X\015"
 403      524F4C20 
 403      52454749 
 403      53544552 
 403      20312073 
 404 0123 0A00     		.ascii	"\012\000"
 405 0125 000000   		.space	3
 406              	.LC7:
 407 0128 4572726F 		.ascii	"Error occurred during I2C comm to set control regis"
 407      72206F63 
 407      63757272 
 407      65642064 
ARM GAS  C:\Users\indya\AppData\Local\Temp\ccH3Jdhp.s 			page 14


 407      7572696E 
 408 015b 74657220 		.ascii	"ter 1\015\012\000"
 408      310D0A00 
 409 0163 00       		.space	1
 410              	.LC8:
 411 0164 434F4E54 		.ascii	"CONTROL REGISTER 1 after overwrite operation: 0x%02"
 411      524F4C20 
 411      52454749 
 411      53544552 
 411      20312061 
 412 0197 580D0A00 		.ascii	"X\015\012\000"
 413 019b 00       		.space	1
 414              	.LC9:
 415 019c 434F4E54 		.ascii	"CONTROL REGISTER 4: 0x%02X\015\012\000"
 415      524F4C20 
 415      52454749 
 415      53544552 
 415      20343A20 
 416 01b9 000000   		.space	3
 417              	.LC10:
 418 01bc 4572726F 		.ascii	"Error occurred during I2C comm to read control regi"
 418      72206F63 
 418      63757272 
 418      65642064 
 418      7572696E 
 419 01ef 73746572 		.ascii	"ster4\015\012\000"
 419      340D0A00 
 420 01f7 00       		.space	1
 421              	.LC11:
 422 01f8 434F4E54 		.ascii	"CONTROL REGISTER 4 after being updated: 0x%02X\015\012"
 422      524F4C20 
 422      52454749 
 422      53544552 
 422      20342061 
 423 0228 00       		.ascii	"\000"
 424              		.text
 425              	.Letext0:
 426              		.file 2 "c:\\program files (x86)\\cypress\\psoc creator\\4.3\\psoc creator\\import\\gnu\\arm\\5.4.
 427              		.file 3 "c:\\program files (x86)\\cypress\\psoc creator\\4.3\\psoc creator\\import\\gnu\\arm\\5.4.
 428              		.file 4 "Generated_Source\\PSoC5/cytypes.h"
 429              		.file 5 "ErrorCodes.h"
 430              		.file 6 "InterruptRoutines.h"
 431              		.file 7 "Generated_Source\\PSoC5/core_cm3.h"
 432              		.file 8 "I2C_Interface.h"
 433              		.file 9 "c:\\program files (x86)\\cypress\\psoc creator\\4.3\\psoc creator\\import\\gnu\\arm\\5.4.
 434              		.file 10 "Generated_Source\\PSoC5/UART_Debug.h"
 435              		.file 11 "Generated_Source\\PSoC5/CyLib.h"
 436              		.file 12 "Generated_Source\\PSoC5/isr.h"
 437              		.file 13 "Generated_Source\\PSoC5/Timer.h"
 438              		.section	.debug_info,"",%progbits
 439              	.Ldebug_info0:
 440 0000 3A060000 		.4byte	0x63a
 441 0004 0400     		.2byte	0x4
 442 0006 00000000 		.4byte	.Ldebug_abbrev0
 443 000a 04       		.byte	0x4
 444 000b 01       		.uleb128 0x1
 445 000c 01010000 		.4byte	.LASF52
ARM GAS  C:\Users\indya\AppData\Local\Temp\ccH3Jdhp.s 			page 15


 446 0010 0C       		.byte	0xc
 447 0011 BF020000 		.4byte	.LASF53
 448 0015 62000000 		.4byte	.LASF54
 449 0019 00000000 		.4byte	.Ldebug_ranges0+0
 450 001d 00000000 		.4byte	0
 451 0021 00000000 		.4byte	.Ldebug_line0
 452 0025 02       		.uleb128 0x2
 453 0026 01       		.byte	0x1
 454 0027 06       		.byte	0x6
 455 0028 35030000 		.4byte	.LASF0
 456 002c 03       		.uleb128 0x3
 457 002d 0F000000 		.4byte	.LASF2
 458 0031 02       		.byte	0x2
 459 0032 1D       		.byte	0x1d
 460 0033 37000000 		.4byte	0x37
 461 0037 02       		.uleb128 0x2
 462 0038 01       		.byte	0x1
 463 0039 08       		.byte	0x8
 464 003a F3000000 		.4byte	.LASF1
 465 003e 03       		.uleb128 0x3
 466 003f 17020000 		.4byte	.LASF3
 467 0043 02       		.byte	0x2
 468 0044 29       		.byte	0x29
 469 0045 49000000 		.4byte	0x49
 470 0049 02       		.uleb128 0x2
 471 004a 02       		.byte	0x2
 472 004b 05       		.byte	0x5
 473 004c E7020000 		.4byte	.LASF4
 474 0050 02       		.uleb128 0x2
 475 0051 02       		.byte	0x2
 476 0052 07       		.byte	0x7
 477 0053 A7010000 		.4byte	.LASF5
 478 0057 03       		.uleb128 0x3
 479 0058 4F000000 		.4byte	.LASF6
 480 005c 02       		.byte	0x2
 481 005d 3F       		.byte	0x3f
 482 005e 62000000 		.4byte	0x62
 483 0062 02       		.uleb128 0x2
 484 0063 04       		.byte	0x4
 485 0064 05       		.byte	0x5
 486 0065 59000000 		.4byte	.LASF7
 487 0069 02       		.uleb128 0x2
 488 006a 04       		.byte	0x4
 489 006b 07       		.byte	0x7
 490 006c 95010000 		.4byte	.LASF8
 491 0070 02       		.uleb128 0x2
 492 0071 08       		.byte	0x8
 493 0072 05       		.byte	0x5
 494 0073 A0020000 		.4byte	.LASF9
 495 0077 02       		.uleb128 0x2
 496 0078 08       		.byte	0x8
 497 0079 07       		.byte	0x7
 498 007a 4E020000 		.4byte	.LASF10
 499 007e 04       		.uleb128 0x4
 500 007f 04       		.byte	0x4
 501 0080 05       		.byte	0x5
 502 0081 696E7400 		.ascii	"int\000"
ARM GAS  C:\Users\indya\AppData\Local\Temp\ccH3Jdhp.s 			page 16


 503 0085 02       		.uleb128 0x2
 504 0086 04       		.byte	0x4
 505 0087 07       		.byte	0x7
 506 0088 41020000 		.4byte	.LASF11
 507 008c 03       		.uleb128 0x3
 508 008d 65020000 		.4byte	.LASF12
 509 0091 03       		.byte	0x3
 510 0092 18       		.byte	0x18
 511 0093 2C000000 		.4byte	0x2c
 512 0097 03       		.uleb128 0x3
 513 0098 6D020000 		.4byte	.LASF13
 514 009c 03       		.byte	0x3
 515 009d 20       		.byte	0x20
 516 009e 3E000000 		.4byte	0x3e
 517 00a2 03       		.uleb128 0x3
 518 00a3 D1000000 		.4byte	.LASF14
 519 00a7 03       		.byte	0x3
 520 00a8 2C       		.byte	0x2c
 521 00a9 57000000 		.4byte	0x57
 522 00ad 05       		.uleb128 0x5
 523 00ae F1020000 		.4byte	.LASF15
 524 00b2 04       		.byte	0x4
 525 00b3 E401     		.2byte	0x1e4
 526 00b5 37000000 		.4byte	0x37
 527 00b9 05       		.uleb128 0x5
 528 00ba 8F010000 		.4byte	.LASF16
 529 00be 04       		.byte	0x4
 530 00bf E801     		.2byte	0x1e8
 531 00c1 49000000 		.4byte	0x49
 532 00c5 02       		.uleb128 0x2
 533 00c6 04       		.byte	0x4
 534 00c7 04       		.byte	0x4
 535 00c8 E4000000 		.4byte	.LASF17
 536 00cc 02       		.uleb128 0x2
 537 00cd 08       		.byte	0x8
 538 00ce 04       		.byte	0x4
 539 00cf C1010000 		.4byte	.LASF18
 540 00d3 02       		.uleb128 0x2
 541 00d4 01       		.byte	0x1
 542 00d5 08       		.byte	0x8
 543 00d6 C6020000 		.4byte	.LASF19
 544 00da 06       		.uleb128 0x6
 545 00db AD000000 		.4byte	0xad
 546 00df 07       		.uleb128 0x7
 547 00e0 01       		.byte	0x1
 548 00e1 37000000 		.4byte	0x37
 549 00e5 05       		.byte	0x5
 550 00e6 15       		.byte	0x15
 551 00e7 F8000000 		.4byte	0xf8
 552 00eb 08       		.uleb128 0x8
 553 00ec F7020000 		.4byte	.LASF20
 554 00f0 00       		.byte	0
 555 00f1 08       		.uleb128 0x8
 556 00f2 13030000 		.4byte	.LASF21
 557 00f6 01       		.byte	0x1
 558 00f7 00       		.byte	0
 559 00f8 03       		.uleb128 0x3
ARM GAS  C:\Users\indya\AppData\Local\Temp\ccH3Jdhp.s 			page 17


 560 00f9 C7000000 		.4byte	.LASF22
 561 00fd 05       		.byte	0x5
 562 00fe 18       		.byte	0x18
 563 00ff DF000000 		.4byte	0xdf
 564 0103 02       		.uleb128 0x2
 565 0104 08       		.byte	0x8
 566 0105 04       		.byte	0x4
 567 0106 29030000 		.4byte	.LASF23
 568 010a 02       		.uleb128 0x2
 569 010b 04       		.byte	0x4
 570 010c 07       		.byte	0x7
 571 010d 91020000 		.4byte	.LASF24
 572 0111 09       		.uleb128 0x9
 573 0112 06020000 		.4byte	.LASF55
 574 0116 01       		.byte	0x1
 575 0117 43       		.byte	0x43
 576 0118 7E000000 		.4byte	0x7e
 577 011c 00000000 		.4byte	.LFB64
 578 0120 20020000 		.4byte	.LFE64-.LFB64
 579 0124 01       		.uleb128 0x1
 580 0125 9C       		.byte	0x9c
 581 0126 5C050000 		.4byte	0x55c
 582 012a 0A       		.uleb128 0xa
 583 012b 00000000 		.4byte	.LASF25
 584 012f 01       		.byte	0x1
 585 0130 4E       		.byte	0x4e
 586 0131 5C050000 		.4byte	0x55c
 587 0135 02       		.uleb128 0x2
 588 0136 91       		.byte	0x91
 589 0137 44       		.sleb128 -60
 590 0138 0B       		.uleb128 0xb
 591 0139 9A020000 		.4byte	.LASF26
 592 013d 01       		.byte	0x1
 593 013e 61       		.byte	0x61
 594 013f F8000000 		.4byte	0xf8
 595 0143 00000000 		.4byte	.LLST0
 596 0147 0A       		.uleb128 0xa
 597 0148 19030000 		.4byte	.LASF27
 598 014c 01       		.byte	0x1
 599 014d 68       		.byte	0x68
 600 014e 8C000000 		.4byte	0x8c
 601 0152 02       		.uleb128 0x2
 602 0153 91       		.byte	0x91
 603 0154 43       		.sleb128 -61
 604 0155 0A       		.uleb128 0xa
 605 0156 21020000 		.4byte	.LASF28
 606 015a 01       		.byte	0x1
 607 015b 7A       		.byte	0x7a
 608 015c 8C000000 		.4byte	0x8c
 609 0160 02       		.uleb128 0x2
 610 0161 91       		.byte	0x91
 611 0162 42       		.sleb128 -62
 612 0163 0A       		.uleb128 0xa
 613 0164 37020000 		.4byte	.LASF29
 614 0168 01       		.byte	0x1
 615 0169 BC       		.byte	0xbc
 616 016a 8C000000 		.4byte	0x8c
ARM GAS  C:\Users\indya\AppData\Local\Temp\ccH3Jdhp.s 			page 18


 617 016e 02       		.uleb128 0x2
 618 016f 91       		.byte	0x91
 619 0170 41       		.sleb128 -63
 620 0171 0B       		.uleb128 0xb
 621 0172 82020000 		.4byte	.LASF30
 622 0176 01       		.byte	0x1
 623 0177 E2       		.byte	0xe2
 624 0178 97000000 		.4byte	0x97
 625 017c 97000000 		.4byte	.LLST1
 626 0180 0B       		.uleb128 0xb
 627 0181 87020000 		.4byte	.LASF31
 628 0185 01       		.byte	0x1
 629 0186 E3       		.byte	0xe3
 630 0187 97000000 		.4byte	0x97
 631 018b EA000000 		.4byte	.LLST2
 632 018f 0B       		.uleb128 0xb
 633 0190 8C020000 		.4byte	.LASF32
 634 0194 01       		.byte	0x1
 635 0195 E4       		.byte	0xe4
 636 0196 97000000 		.4byte	0x97
 637 019a 3F010000 		.4byte	.LLST3
 638 019e 0C       		.uleb128 0xc
 639 019f 08000000 		.4byte	.LASF33
 640 01a3 01       		.byte	0x1
 641 01a4 E7       		.byte	0xe7
 642 01a5 8C000000 		.4byte	0x8c
 643 01a9 A07F     		.sleb128 -96
 644 01ab 0C       		.uleb128 0xc
 645 01ac BA010000 		.4byte	.LASF34
 646 01b0 01       		.byte	0x1
 647 01b1 E8       		.byte	0xe8
 648 01b2 8C000000 		.4byte	0x8c
 649 01b6 40       		.sleb128 -64
 650 01b7 0A       		.uleb128 0xa
 651 01b8 EA000000 		.4byte	.LASF35
 652 01bc 01       		.byte	0x1
 653 01bd E9       		.byte	0xe9
 654 01be 6C050000 		.4byte	0x56c
 655 01c2 03       		.uleb128 0x3
 656 01c3 91       		.byte	0x91
 657 01c4 B87F     		.sleb128 -72
 658 01c6 0A       		.uleb128 0xa
 659 01c7 51030000 		.4byte	.LASF36
 660 01cb 01       		.byte	0x1
 661 01cc EA       		.byte	0xea
 662 01cd 7C050000 		.4byte	0x57c
 663 01d1 03       		.uleb128 0x3
 664 01d2 91       		.byte	0x91
 665 01d3 B07F     		.sleb128 -80
 666 01d5 0D       		.uleb128 0xd
 667 01d6 14000000 		.4byte	.LBB2
 668 01da 22000000 		.4byte	.LBE2-.LBB2
 669 01de 37020000 		.4byte	0x237
 670 01e2 0E       		.uleb128 0xe
 671 01e3 6900     		.ascii	"i\000"
 672 01e5 01       		.byte	0x1
 673 01e6 51       		.byte	0x51
ARM GAS  C:\Users\indya\AppData\Local\Temp\ccH3Jdhp.s 			page 19


 674 01e7 7E000000 		.4byte	0x7e
 675 01eb 70010000 		.4byte	.LLST4
 676 01ef 0F       		.uleb128 0xf
 677 01f0 1E000000 		.4byte	.LVL4
 678 01f4 AE050000 		.4byte	0x5ae
 679 01f8 03020000 		.4byte	0x203
 680 01fc 10       		.uleb128 0x10
 681 01fd 01       		.uleb128 0x1
 682 01fe 50       		.byte	0x50
 683 01ff 02       		.uleb128 0x2
 684 0200 74       		.byte	0x74
 685 0201 00       		.sleb128 0
 686 0202 00       		.byte	0
 687 0203 0F       		.uleb128 0xf
 688 0204 2A000000 		.4byte	.LVL5
 689 0208 B9050000 		.4byte	0x5b9
 690 020c 26020000 		.4byte	0x226
 691 0210 10       		.uleb128 0x10
 692 0211 01       		.uleb128 0x1
 693 0212 50       		.byte	0x50
 694 0213 02       		.uleb128 0x2
 695 0214 91       		.byte	0x91
 696 0215 44       		.sleb128 -60
 697 0216 10       		.uleb128 0x10
 698 0217 01       		.uleb128 0x1
 699 0218 51       		.byte	0x51
 700 0219 05       		.uleb128 0x5
 701 021a 03       		.byte	0x3
 702 021b 00000000 		.4byte	.LC0
 703 021f 10       		.uleb128 0x10
 704 0220 01       		.uleb128 0x1
 705 0221 52       		.byte	0x52
 706 0222 02       		.uleb128 0x2
 707 0223 74       		.byte	0x74
 708 0224 00       		.sleb128 0
 709 0225 00       		.byte	0
 710 0226 11       		.uleb128 0x11
 711 0227 30000000 		.4byte	.LVL6
 712 022b C4050000 		.4byte	0x5c4
 713 022f 10       		.uleb128 0x10
 714 0230 01       		.uleb128 0x1
 715 0231 50       		.byte	0x50
 716 0232 02       		.uleb128 0x2
 717 0233 91       		.byte	0x91
 718 0234 44       		.sleb128 -60
 719 0235 00       		.byte	0
 720 0236 00       		.byte	0
 721 0237 12       		.uleb128 0x12
 722 0238 0A000000 		.4byte	.LVL0
 723 023c CF050000 		.4byte	0x5cf
 724 0240 12       		.uleb128 0x12
 725 0241 0E000000 		.4byte	.LVL1
 726 0245 DA050000 		.4byte	0x5da
 727 0249 0F       		.uleb128 0xf
 728 024a 14000000 		.4byte	.LVL2
 729 024e E5050000 		.4byte	0x5e5
 730 0252 5C020000 		.4byte	0x25c
ARM GAS  C:\Users\indya\AppData\Local\Temp\ccH3Jdhp.s 			page 20


 731 0256 10       		.uleb128 0x10
 732 0257 01       		.uleb128 0x1
 733 0258 50       		.byte	0x50
 734 0259 01       		.uleb128 0x1
 735 025a 35       		.byte	0x35
 736 025b 00       		.byte	0
 737 025c 0F       		.uleb128 0xf
 738 025d 42000000 		.4byte	.LVL8
 739 0261 F0050000 		.4byte	0x5f0
 740 0265 7B020000 		.4byte	0x27b
 741 0269 10       		.uleb128 0x10
 742 026a 01       		.uleb128 0x1
 743 026b 50       		.byte	0x50
 744 026c 01       		.uleb128 0x1
 745 026d 48       		.byte	0x48
 746 026e 10       		.uleb128 0x10
 747 026f 01       		.uleb128 0x1
 748 0270 51       		.byte	0x51
 749 0271 02       		.uleb128 0x2
 750 0272 08       		.byte	0x8
 751 0273 27       		.byte	0x27
 752 0274 10       		.uleb128 0x10
 753 0275 01       		.uleb128 0x1
 754 0276 52       		.byte	0x52
 755 0277 02       		.uleb128 0x2
 756 0278 91       		.byte	0x91
 757 0279 43       		.sleb128 -61
 758 027a 00       		.byte	0
 759 027b 0F       		.uleb128 0xf
 760 027c 50000000 		.4byte	.LVL10
 761 0280 B9050000 		.4byte	0x5b9
 762 0284 98020000 		.4byte	0x298
 763 0288 10       		.uleb128 0x10
 764 0289 01       		.uleb128 0x1
 765 028a 50       		.byte	0x50
 766 028b 02       		.uleb128 0x2
 767 028c 91       		.byte	0x91
 768 028d 44       		.sleb128 -60
 769 028e 10       		.uleb128 0x10
 770 028f 01       		.uleb128 0x1
 771 0290 51       		.byte	0x51
 772 0291 05       		.uleb128 0x5
 773 0292 03       		.byte	0x3
 774 0293 20000000 		.4byte	.LC1
 775 0297 00       		.byte	0
 776 0298 0F       		.uleb128 0xf
 777 0299 56000000 		.4byte	.LVL11
 778 029d C4050000 		.4byte	0x5c4
 779 02a1 AC020000 		.4byte	0x2ac
 780 02a5 10       		.uleb128 0x10
 781 02a6 01       		.uleb128 0x1
 782 02a7 50       		.byte	0x50
 783 02a8 02       		.uleb128 0x2
 784 02a9 91       		.byte	0x91
 785 02aa 44       		.sleb128 -60
 786 02ab 00       		.byte	0
 787 02ac 0F       		.uleb128 0xf
ARM GAS  C:\Users\indya\AppData\Local\Temp\ccH3Jdhp.s 			page 21


 788 02ad 5E000000 		.4byte	.LVL14
 789 02b1 C4050000 		.4byte	0x5c4
 790 02b5 C3020000 		.4byte	0x2c3
 791 02b9 10       		.uleb128 0x10
 792 02ba 01       		.uleb128 0x1
 793 02bb 50       		.byte	0x50
 794 02bc 05       		.uleb128 0x5
 795 02bd 03       		.byte	0x3
 796 02be 3C000000 		.4byte	.LC2
 797 02c2 00       		.byte	0
 798 02c3 0F       		.uleb128 0xf
 799 02c4 6A000000 		.4byte	.LVL15
 800 02c8 F0050000 		.4byte	0x5f0
 801 02cc E2020000 		.4byte	0x2e2
 802 02d0 10       		.uleb128 0x10
 803 02d1 01       		.uleb128 0x1
 804 02d2 50       		.byte	0x50
 805 02d3 01       		.uleb128 0x1
 806 02d4 48       		.byte	0x48
 807 02d5 10       		.uleb128 0x10
 808 02d6 01       		.uleb128 0x1
 809 02d7 51       		.byte	0x51
 810 02d8 02       		.uleb128 0x2
 811 02d9 08       		.byte	0x8
 812 02da 20       		.byte	0x20
 813 02db 10       		.uleb128 0x10
 814 02dc 01       		.uleb128 0x1
 815 02dd 52       		.byte	0x52
 816 02de 02       		.uleb128 0x2
 817 02df 91       		.byte	0x91
 818 02e0 42       		.sleb128 -62
 819 02e1 00       		.byte	0
 820 02e2 0F       		.uleb128 0xf
 821 02e3 78000000 		.4byte	.LVL17
 822 02e7 B9050000 		.4byte	0x5b9
 823 02eb FF020000 		.4byte	0x2ff
 824 02ef 10       		.uleb128 0x10
 825 02f0 01       		.uleb128 0x1
 826 02f1 50       		.byte	0x50
 827 02f2 02       		.uleb128 0x2
 828 02f3 91       		.byte	0x91
 829 02f4 44       		.sleb128 -60
 830 02f5 10       		.uleb128 0x10
 831 02f6 01       		.uleb128 0x1
 832 02f7 51       		.byte	0x51
 833 02f8 05       		.uleb128 0x5
 834 02f9 03       		.byte	0x3
 835 02fa 78000000 		.4byte	.LC3
 836 02fe 00       		.byte	0
 837 02ff 0F       		.uleb128 0xf
 838 0300 7E000000 		.4byte	.LVL18
 839 0304 C4050000 		.4byte	0x5c4
 840 0308 13030000 		.4byte	0x313
 841 030c 10       		.uleb128 0x10
 842 030d 01       		.uleb128 0x1
 843 030e 50       		.byte	0x50
 844 030f 02       		.uleb128 0x2
ARM GAS  C:\Users\indya\AppData\Local\Temp\ccH3Jdhp.s 			page 22


 845 0310 91       		.byte	0x91
 846 0311 44       		.sleb128 -60
 847 0312 00       		.byte	0
 848 0313 0F       		.uleb128 0xf
 849 0314 86000000 		.4byte	.LVL21
 850 0318 C4050000 		.4byte	0x5c4
 851 031c 2A030000 		.4byte	0x32a
 852 0320 10       		.uleb128 0x10
 853 0321 01       		.uleb128 0x1
 854 0322 50       		.byte	0x50
 855 0323 05       		.uleb128 0x5
 856 0324 03       		.byte	0x3
 857 0325 98000000 		.4byte	.LC4
 858 0329 00       		.byte	0
 859 032a 0F       		.uleb128 0xf
 860 032b 8C000000 		.4byte	.LVL22
 861 032f C4050000 		.4byte	0x5c4
 862 0333 41030000 		.4byte	0x341
 863 0337 10       		.uleb128 0x10
 864 0338 01       		.uleb128 0x1
 865 0339 50       		.byte	0x50
 866 033a 05       		.uleb128 0x5
 867 033b 03       		.byte	0x3
 868 033c D4000000 		.4byte	.LC5
 869 0340 00       		.byte	0
 870 0341 0F       		.uleb128 0xf
 871 0342 A2000000 		.4byte	.LVL23
 872 0346 FB050000 		.4byte	0x5fb
 873 034a 60030000 		.4byte	0x360
 874 034e 10       		.uleb128 0x10
 875 034f 01       		.uleb128 0x1
 876 0350 50       		.byte	0x50
 877 0351 01       		.uleb128 0x1
 878 0352 48       		.byte	0x48
 879 0353 10       		.uleb128 0x10
 880 0354 01       		.uleb128 0x1
 881 0355 51       		.byte	0x51
 882 0356 02       		.uleb128 0x2
 883 0357 08       		.byte	0x8
 884 0358 20       		.byte	0x20
 885 0359 10       		.uleb128 0x10
 886 035a 01       		.uleb128 0x1
 887 035b 52       		.byte	0x52
 888 035c 02       		.uleb128 0x2
 889 035d 08       		.byte	0x8
 890 035e 57       		.byte	0x57
 891 035f 00       		.byte	0
 892 0360 0F       		.uleb128 0xf
 893 0361 B0000000 		.4byte	.LVL25
 894 0365 B9050000 		.4byte	0x5b9
 895 0369 7D030000 		.4byte	0x37d
 896 036d 10       		.uleb128 0x10
 897 036e 01       		.uleb128 0x1
 898 036f 50       		.byte	0x50
 899 0370 02       		.uleb128 0x2
 900 0371 91       		.byte	0x91
 901 0372 44       		.sleb128 -60
ARM GAS  C:\Users\indya\AppData\Local\Temp\ccH3Jdhp.s 			page 23


 902 0373 10       		.uleb128 0x10
 903 0374 01       		.uleb128 0x1
 904 0375 51       		.byte	0x51
 905 0376 05       		.uleb128 0x5
 906 0377 03       		.byte	0x3
 907 0378 F0000000 		.4byte	.LC6
 908 037c 00       		.byte	0
 909 037d 0F       		.uleb128 0xf
 910 037e B6000000 		.4byte	.LVL26
 911 0382 C4050000 		.4byte	0x5c4
 912 0386 91030000 		.4byte	0x391
 913 038a 10       		.uleb128 0x10
 914 038b 01       		.uleb128 0x1
 915 038c 50       		.byte	0x50
 916 038d 02       		.uleb128 0x2
 917 038e 91       		.byte	0x91
 918 038f 44       		.sleb128 -60
 919 0390 00       		.byte	0
 920 0391 0F       		.uleb128 0xf
 921 0392 BE000000 		.4byte	.LVL29
 922 0396 C4050000 		.4byte	0x5c4
 923 039a A8030000 		.4byte	0x3a8
 924 039e 10       		.uleb128 0x10
 925 039f 01       		.uleb128 0x1
 926 03a0 50       		.byte	0x50
 927 03a1 05       		.uleb128 0x5
 928 03a2 03       		.byte	0x3
 929 03a3 28010000 		.4byte	.LC7
 930 03a7 00       		.byte	0
 931 03a8 0F       		.uleb128 0xf
 932 03a9 CA000000 		.4byte	.LVL30
 933 03ad F0050000 		.4byte	0x5f0
 934 03b1 C7030000 		.4byte	0x3c7
 935 03b5 10       		.uleb128 0x10
 936 03b6 01       		.uleb128 0x1
 937 03b7 50       		.byte	0x50
 938 03b8 01       		.uleb128 0x1
 939 03b9 48       		.byte	0x48
 940 03ba 10       		.uleb128 0x10
 941 03bb 01       		.uleb128 0x1
 942 03bc 51       		.byte	0x51
 943 03bd 02       		.uleb128 0x2
 944 03be 08       		.byte	0x8
 945 03bf 20       		.byte	0x20
 946 03c0 10       		.uleb128 0x10
 947 03c1 01       		.uleb128 0x1
 948 03c2 52       		.byte	0x52
 949 03c3 02       		.uleb128 0x2
 950 03c4 91       		.byte	0x91
 951 03c5 42       		.sleb128 -62
 952 03c6 00       		.byte	0
 953 03c7 0F       		.uleb128 0xf
 954 03c8 D8000000 		.4byte	.LVL32
 955 03cc B9050000 		.4byte	0x5b9
 956 03d0 E4030000 		.4byte	0x3e4
 957 03d4 10       		.uleb128 0x10
 958 03d5 01       		.uleb128 0x1
ARM GAS  C:\Users\indya\AppData\Local\Temp\ccH3Jdhp.s 			page 24


 959 03d6 50       		.byte	0x50
 960 03d7 02       		.uleb128 0x2
 961 03d8 91       		.byte	0x91
 962 03d9 44       		.sleb128 -60
 963 03da 10       		.uleb128 0x10
 964 03db 01       		.uleb128 0x1
 965 03dc 51       		.byte	0x51
 966 03dd 05       		.uleb128 0x5
 967 03de 03       		.byte	0x3
 968 03df 64010000 		.4byte	.LC8
 969 03e3 00       		.byte	0
 970 03e4 0F       		.uleb128 0xf
 971 03e5 DE000000 		.4byte	.LVL33
 972 03e9 C4050000 		.4byte	0x5c4
 973 03ed F8030000 		.4byte	0x3f8
 974 03f1 10       		.uleb128 0x10
 975 03f2 01       		.uleb128 0x1
 976 03f3 50       		.byte	0x50
 977 03f4 02       		.uleb128 0x2
 978 03f5 91       		.byte	0x91
 979 03f6 44       		.sleb128 -60
 980 03f7 00       		.byte	0
 981 03f8 0F       		.uleb128 0xf
 982 03f9 E6000000 		.4byte	.LVL36
 983 03fd C4050000 		.4byte	0x5c4
 984 0401 0F040000 		.4byte	0x40f
 985 0405 10       		.uleb128 0x10
 986 0406 01       		.uleb128 0x1
 987 0407 50       		.byte	0x50
 988 0408 05       		.uleb128 0x5
 989 0409 03       		.byte	0x3
 990 040a 98000000 		.4byte	.LC4
 991 040e 00       		.byte	0
 992 040f 0F       		.uleb128 0xf
 993 0410 F2000000 		.4byte	.LVL37
 994 0414 F0050000 		.4byte	0x5f0
 995 0418 2E040000 		.4byte	0x42e
 996 041c 10       		.uleb128 0x10
 997 041d 01       		.uleb128 0x1
 998 041e 50       		.byte	0x50
 999 041f 01       		.uleb128 0x1
 1000 0420 48       		.byte	0x48
 1001 0421 10       		.uleb128 0x10
 1002 0422 01       		.uleb128 0x1
 1003 0423 51       		.byte	0x51
 1004 0424 02       		.uleb128 0x2
 1005 0425 08       		.byte	0x8
 1006 0426 23       		.byte	0x23
 1007 0427 10       		.uleb128 0x10
 1008 0428 01       		.uleb128 0x1
 1009 0429 52       		.byte	0x52
 1010 042a 02       		.uleb128 0x2
 1011 042b 91       		.byte	0x91
 1012 042c 41       		.sleb128 -63
 1013 042d 00       		.byte	0
 1014 042e 0F       		.uleb128 0xf
 1015 042f 00010000 		.4byte	.LVL39
ARM GAS  C:\Users\indya\AppData\Local\Temp\ccH3Jdhp.s 			page 25


 1016 0433 B9050000 		.4byte	0x5b9
 1017 0437 4B040000 		.4byte	0x44b
 1018 043b 10       		.uleb128 0x10
 1019 043c 01       		.uleb128 0x1
 1020 043d 50       		.byte	0x50
 1021 043e 02       		.uleb128 0x2
 1022 043f 91       		.byte	0x91
 1023 0440 44       		.sleb128 -60
 1024 0441 10       		.uleb128 0x10
 1025 0442 01       		.uleb128 0x1
 1026 0443 51       		.byte	0x51
 1027 0444 05       		.uleb128 0x5
 1028 0445 03       		.byte	0x3
 1029 0446 9C010000 		.4byte	.LC9
 1030 044a 00       		.byte	0
 1031 044b 0F       		.uleb128 0xf
 1032 044c 06010000 		.4byte	.LVL40
 1033 0450 C4050000 		.4byte	0x5c4
 1034 0454 5F040000 		.4byte	0x45f
 1035 0458 10       		.uleb128 0x10
 1036 0459 01       		.uleb128 0x1
 1037 045a 50       		.byte	0x50
 1038 045b 02       		.uleb128 0x2
 1039 045c 91       		.byte	0x91
 1040 045d 44       		.sleb128 -60
 1041 045e 00       		.byte	0
 1042 045f 0F       		.uleb128 0xf
 1043 0460 0E010000 		.4byte	.LVL43
 1044 0464 C4050000 		.4byte	0x5c4
 1045 0468 76040000 		.4byte	0x476
 1046 046c 10       		.uleb128 0x10
 1047 046d 01       		.uleb128 0x1
 1048 046e 50       		.byte	0x50
 1049 046f 05       		.uleb128 0x5
 1050 0470 03       		.byte	0x3
 1051 0471 BC010000 		.4byte	.LC10
 1052 0475 00       		.byte	0
 1053 0476 0F       		.uleb128 0xf
 1054 0477 1E010000 		.4byte	.LVL45
 1055 047b FB050000 		.4byte	0x5fb
 1056 047f 95040000 		.4byte	0x495
 1057 0483 10       		.uleb128 0x10
 1058 0484 01       		.uleb128 0x1
 1059 0485 50       		.byte	0x50
 1060 0486 01       		.uleb128 0x1
 1061 0487 48       		.byte	0x48
 1062 0488 10       		.uleb128 0x10
 1063 0489 01       		.uleb128 0x1
 1064 048a 51       		.byte	0x51
 1065 048b 02       		.uleb128 0x2
 1066 048c 08       		.byte	0x8
 1067 048d 23       		.byte	0x23
 1068 048e 10       		.uleb128 0x10
 1069 048f 01       		.uleb128 0x1
 1070 0490 52       		.byte	0x52
 1071 0491 02       		.uleb128 0x2
 1072 0492 09       		.byte	0x9
ARM GAS  C:\Users\indya\AppData\Local\Temp\ccH3Jdhp.s 			page 26


 1073 0493 80       		.byte	0x80
 1074 0494 00       		.byte	0
 1075 0495 0F       		.uleb128 0xf
 1076 0496 28010000 		.4byte	.LVL46
 1077 049a F0050000 		.4byte	0x5f0
 1078 049e B4040000 		.4byte	0x4b4
 1079 04a2 10       		.uleb128 0x10
 1080 04a3 01       		.uleb128 0x1
 1081 04a4 50       		.byte	0x50
 1082 04a5 01       		.uleb128 0x1
 1083 04a6 48       		.byte	0x48
 1084 04a7 10       		.uleb128 0x10
 1085 04a8 01       		.uleb128 0x1
 1086 04a9 51       		.byte	0x51
 1087 04aa 02       		.uleb128 0x2
 1088 04ab 08       		.byte	0x8
 1089 04ac 23       		.byte	0x23
 1090 04ad 10       		.uleb128 0x10
 1091 04ae 01       		.uleb128 0x1
 1092 04af 52       		.byte	0x52
 1093 04b0 02       		.uleb128 0x2
 1094 04b1 74       		.byte	0x74
 1095 04b2 00       		.sleb128 0
 1096 04b3 00       		.byte	0
 1097 04b4 0F       		.uleb128 0xf
 1098 04b5 36010000 		.4byte	.LVL48
 1099 04b9 B9050000 		.4byte	0x5b9
 1100 04bd D1040000 		.4byte	0x4d1
 1101 04c1 10       		.uleb128 0x10
 1102 04c2 01       		.uleb128 0x1
 1103 04c3 50       		.byte	0x50
 1104 04c4 02       		.uleb128 0x2
 1105 04c5 91       		.byte	0x91
 1106 04c6 44       		.sleb128 -60
 1107 04c7 10       		.uleb128 0x10
 1108 04c8 01       		.uleb128 0x1
 1109 04c9 51       		.byte	0x51
 1110 04ca 05       		.uleb128 0x5
 1111 04cb 03       		.byte	0x3
 1112 04cc F8010000 		.4byte	.LC11
 1113 04d0 00       		.byte	0
 1114 04d1 0F       		.uleb128 0xf
 1115 04d2 3C010000 		.4byte	.LVL49
 1116 04d6 C4050000 		.4byte	0x5c4
 1117 04da E5040000 		.4byte	0x4e5
 1118 04de 10       		.uleb128 0x10
 1119 04df 01       		.uleb128 0x1
 1120 04e0 50       		.byte	0x50
 1121 04e1 02       		.uleb128 0x2
 1122 04e2 91       		.byte	0x91
 1123 04e3 44       		.sleb128 -60
 1124 04e4 00       		.byte	0
 1125 04e5 0F       		.uleb128 0xf
 1126 04e6 44010000 		.4byte	.LVL52
 1127 04ea C4050000 		.4byte	0x5c4
 1128 04ee FC040000 		.4byte	0x4fc
 1129 04f2 10       		.uleb128 0x10
ARM GAS  C:\Users\indya\AppData\Local\Temp\ccH3Jdhp.s 			page 27


 1130 04f3 01       		.uleb128 0x1
 1131 04f4 50       		.byte	0x50
 1132 04f5 05       		.uleb128 0x5
 1133 04f6 03       		.byte	0x3
 1134 04f7 BC010000 		.4byte	.LC10
 1135 04fb 00       		.byte	0
 1136 04fc 12       		.uleb128 0x12
 1137 04fd 5C010000 		.4byte	.LVL53
 1138 0501 06060000 		.4byte	0x606
 1139 0505 0F       		.uleb128 0xf
 1140 0506 62010000 		.4byte	.LVL54
 1141 050a 11060000 		.4byte	0x611
 1142 050e 18050000 		.4byte	0x518
 1143 0512 10       		.uleb128 0x10
 1144 0513 01       		.uleb128 0x1
 1145 0514 50       		.byte	0x50
 1146 0515 01       		.uleb128 0x1
 1147 0516 35       		.byte	0x35
 1148 0517 00       		.byte	0
 1149 0518 12       		.uleb128 0x12
 1150 0519 66010000 		.4byte	.LVL55
 1151 051d 1C060000 		.4byte	0x61c
 1152 0521 0F       		.uleb128 0xf
 1153 0522 82010000 		.4byte	.LVL56
 1154 0526 27060000 		.4byte	0x627
 1155 052a 45050000 		.4byte	0x545
 1156 052e 10       		.uleb128 0x10
 1157 052f 01       		.uleb128 0x1
 1158 0530 50       		.byte	0x50
 1159 0531 01       		.uleb128 0x1
 1160 0532 48       		.byte	0x48
 1161 0533 10       		.uleb128 0x10
 1162 0534 01       		.uleb128 0x1
 1163 0535 51       		.byte	0x51
 1164 0536 02       		.uleb128 0x2
 1165 0537 08       		.byte	0x8
 1166 0538 28       		.byte	0x28
 1167 0539 10       		.uleb128 0x10
 1168 053a 01       		.uleb128 0x1
 1169 053b 52       		.byte	0x52
 1170 053c 01       		.uleb128 0x1
 1171 053d 36       		.byte	0x36
 1172 053e 10       		.uleb128 0x10
 1173 053f 01       		.uleb128 0x1
 1174 0540 53       		.byte	0x53
 1175 0541 02       		.uleb128 0x2
 1176 0542 7D       		.byte	0x7d
 1177 0543 00       		.sleb128 0
 1178 0544 00       		.byte	0
 1179 0545 11       		.uleb128 0x11
 1180 0546 E4010000 		.4byte	.LVL66
 1181 054a 32060000 		.4byte	0x632
 1182 054e 10       		.uleb128 0x10
 1183 054f 01       		.uleb128 0x1
 1184 0550 50       		.byte	0x50
 1185 0551 03       		.uleb128 0x3
 1186 0552 91       		.byte	0x91
ARM GAS  C:\Users\indya\AppData\Local\Temp\ccH3Jdhp.s 			page 28


 1187 0553 B87F     		.sleb128 -72
 1188 0555 10       		.uleb128 0x10
 1189 0556 01       		.uleb128 0x1
 1190 0557 51       		.byte	0x51
 1191 0558 01       		.uleb128 0x1
 1192 0559 38       		.byte	0x38
 1193 055a 00       		.byte	0
 1194 055b 00       		.byte	0
 1195 055c 13       		.uleb128 0x13
 1196 055d D3000000 		.4byte	0xd3
 1197 0561 6C050000 		.4byte	0x56c
 1198 0565 14       		.uleb128 0x14
 1199 0566 0A010000 		.4byte	0x10a
 1200 056a 31       		.byte	0x31
 1201 056b 00       		.byte	0
 1202 056c 13       		.uleb128 0x13
 1203 056d 8C000000 		.4byte	0x8c
 1204 0571 7C050000 		.4byte	0x57c
 1205 0575 14       		.uleb128 0x14
 1206 0576 0A010000 		.4byte	0x10a
 1207 057a 07       		.byte	0x7
 1208 057b 00       		.byte	0
 1209 057c 13       		.uleb128 0x13
 1210 057d 8C000000 		.4byte	0x8c
 1211 0581 8C050000 		.4byte	0x58c
 1212 0585 14       		.uleb128 0x14
 1213 0586 0A010000 		.4byte	0x10a
 1214 058a 05       		.byte	0x5
 1215 058b 00       		.byte	0
 1216 058c 15       		.uleb128 0x15
 1217 058d D9000000 		.4byte	.LASF37
 1218 0591 06       		.byte	0x6
 1219 0592 14       		.byte	0x14
 1220 0593 DA000000 		.4byte	0xda
 1221 0597 05       		.uleb128 0x5
 1222 0598 03       		.byte	0x3
 1223 0599 00000000 		.4byte	timer_flag
 1224 059d 16       		.uleb128 0x16
 1225 059e 75020000 		.4byte	.LASF38
 1226 05a2 07       		.byte	0x7
 1227 05a3 1207     		.2byte	0x712
 1228 05a5 A9050000 		.4byte	0x5a9
 1229 05a9 06       		.uleb128 0x6
 1230 05aa A2000000 		.4byte	0xa2
 1231 05ae 17       		.uleb128 0x17
 1232 05af 2E000000 		.4byte	.LASF39
 1233 05b3 2E000000 		.4byte	.LASF39
 1234 05b7 08       		.byte	0x8
 1235 05b8 5D       		.byte	0x5d
 1236 05b9 17       		.uleb128 0x17
 1237 05ba 41030000 		.4byte	.LASF40
 1238 05be 41030000 		.4byte	.LASF40
 1239 05c2 09       		.byte	0x9
 1240 05c3 E7       		.byte	0xe7
 1241 05c4 17       		.uleb128 0x17
 1242 05c5 19000000 		.4byte	.LASF41
 1243 05c9 19000000 		.4byte	.LASF41
ARM GAS  C:\Users\indya\AppData\Local\Temp\ccH3Jdhp.s 			page 29


 1244 05cd 0A       		.byte	0xa
 1245 05ce 8B       		.byte	0x8b
 1246 05cf 17       		.uleb128 0x17
 1247 05d0 62030000 		.4byte	.LASF42
 1248 05d4 62030000 		.4byte	.LASF42
 1249 05d8 08       		.byte	0x8
 1250 05d9 17       		.byte	0x17
 1251 05da 17       		.uleb128 0x17
 1252 05db AE020000 		.4byte	.LASF43
 1253 05df AE020000 		.4byte	.LASF43
 1254 05e3 0A       		.byte	0xa
 1255 05e4 54       		.byte	0x54
 1256 05e5 17       		.uleb128 0x17
 1257 05e6 49030000 		.4byte	.LASF44
 1258 05ea 49030000 		.4byte	.LASF44
 1259 05ee 0B       		.byte	0xb
 1260 05ef 76       		.byte	0x76
 1261 05f0 17       		.uleb128 0x17
 1262 05f1 CB020000 		.4byte	.LASF45
 1263 05f5 CB020000 		.4byte	.LASF45
 1264 05f9 08       		.byte	0x8
 1265 05fa 28       		.byte	0x28
 1266 05fb 17       		.uleb128 0x17
 1267 05fc E9010000 		.4byte	.LASF46
 1268 0600 E9010000 		.4byte	.LASF46
 1269 0604 08       		.byte	0x8
 1270 0605 43       		.byte	0x43
 1271 0606 17       		.uleb128 0x17
 1272 0607 0B020000 		.4byte	.LASF47
 1273 060b 0B020000 		.4byte	.LASF47
 1274 060f 0C       		.byte	0xc
 1275 0610 18       		.byte	0x18
 1276 0611 17       		.uleb128 0x17
 1277 0612 00030000 		.4byte	.LASF48
 1278 0616 00030000 		.4byte	.LASF48
 1279 061a 0D       		.byte	0xd
 1280 061b 6A       		.byte	0x6a
 1281 061c 17       		.uleb128 0x17
 1282 061d 2B020000 		.4byte	.LASF49
 1283 0621 2B020000 		.4byte	.LASF49
 1284 0625 0D       		.byte	0xd
 1285 0626 5A       		.byte	0x5a
 1286 0627 17       		.uleb128 0x17
 1287 0628 C8010000 		.4byte	.LASF50
 1288 062c C8010000 		.4byte	.LASF50
 1289 0630 08       		.byte	0x8
 1290 0631 36       		.byte	0x36
 1291 0632 17       		.uleb128 0x17
 1292 0633 B3000000 		.4byte	.LASF51
 1293 0637 B3000000 		.4byte	.LASF51
 1294 063b 0A       		.byte	0xa
 1295 063c 8C       		.byte	0x8c
 1296 063d 00       		.byte	0
 1297              		.section	.debug_abbrev,"",%progbits
 1298              	.Ldebug_abbrev0:
 1299 0000 01       		.uleb128 0x1
 1300 0001 11       		.uleb128 0x11
ARM GAS  C:\Users\indya\AppData\Local\Temp\ccH3Jdhp.s 			page 30


 1301 0002 01       		.byte	0x1
 1302 0003 25       		.uleb128 0x25
 1303 0004 0E       		.uleb128 0xe
 1304 0005 13       		.uleb128 0x13
 1305 0006 0B       		.uleb128 0xb
 1306 0007 03       		.uleb128 0x3
 1307 0008 0E       		.uleb128 0xe
 1308 0009 1B       		.uleb128 0x1b
 1309 000a 0E       		.uleb128 0xe
 1310 000b 55       		.uleb128 0x55
 1311 000c 17       		.uleb128 0x17
 1312 000d 11       		.uleb128 0x11
 1313 000e 01       		.uleb128 0x1
 1314 000f 10       		.uleb128 0x10
 1315 0010 17       		.uleb128 0x17
 1316 0011 00       		.byte	0
 1317 0012 00       		.byte	0
 1318 0013 02       		.uleb128 0x2
 1319 0014 24       		.uleb128 0x24
 1320 0015 00       		.byte	0
 1321 0016 0B       		.uleb128 0xb
 1322 0017 0B       		.uleb128 0xb
 1323 0018 3E       		.uleb128 0x3e
 1324 0019 0B       		.uleb128 0xb
 1325 001a 03       		.uleb128 0x3
 1326 001b 0E       		.uleb128 0xe
 1327 001c 00       		.byte	0
 1328 001d 00       		.byte	0
 1329 001e 03       		.uleb128 0x3
 1330 001f 16       		.uleb128 0x16
 1331 0020 00       		.byte	0
 1332 0021 03       		.uleb128 0x3
 1333 0022 0E       		.uleb128 0xe
 1334 0023 3A       		.uleb128 0x3a
 1335 0024 0B       		.uleb128 0xb
 1336 0025 3B       		.uleb128 0x3b
 1337 0026 0B       		.uleb128 0xb
 1338 0027 49       		.uleb128 0x49
 1339 0028 13       		.uleb128 0x13
 1340 0029 00       		.byte	0
 1341 002a 00       		.byte	0
 1342 002b 04       		.uleb128 0x4
 1343 002c 24       		.uleb128 0x24
 1344 002d 00       		.byte	0
 1345 002e 0B       		.uleb128 0xb
 1346 002f 0B       		.uleb128 0xb
 1347 0030 3E       		.uleb128 0x3e
 1348 0031 0B       		.uleb128 0xb
 1349 0032 03       		.uleb128 0x3
 1350 0033 08       		.uleb128 0x8
 1351 0034 00       		.byte	0
 1352 0035 00       		.byte	0
 1353 0036 05       		.uleb128 0x5
 1354 0037 16       		.uleb128 0x16
 1355 0038 00       		.byte	0
 1356 0039 03       		.uleb128 0x3
 1357 003a 0E       		.uleb128 0xe
ARM GAS  C:\Users\indya\AppData\Local\Temp\ccH3Jdhp.s 			page 31


 1358 003b 3A       		.uleb128 0x3a
 1359 003c 0B       		.uleb128 0xb
 1360 003d 3B       		.uleb128 0x3b
 1361 003e 05       		.uleb128 0x5
 1362 003f 49       		.uleb128 0x49
 1363 0040 13       		.uleb128 0x13
 1364 0041 00       		.byte	0
 1365 0042 00       		.byte	0
 1366 0043 06       		.uleb128 0x6
 1367 0044 35       		.uleb128 0x35
 1368 0045 00       		.byte	0
 1369 0046 49       		.uleb128 0x49
 1370 0047 13       		.uleb128 0x13
 1371 0048 00       		.byte	0
 1372 0049 00       		.byte	0
 1373 004a 07       		.uleb128 0x7
 1374 004b 04       		.uleb128 0x4
 1375 004c 01       		.byte	0x1
 1376 004d 0B       		.uleb128 0xb
 1377 004e 0B       		.uleb128 0xb
 1378 004f 49       		.uleb128 0x49
 1379 0050 13       		.uleb128 0x13
 1380 0051 3A       		.uleb128 0x3a
 1381 0052 0B       		.uleb128 0xb
 1382 0053 3B       		.uleb128 0x3b
 1383 0054 0B       		.uleb128 0xb
 1384 0055 01       		.uleb128 0x1
 1385 0056 13       		.uleb128 0x13
 1386 0057 00       		.byte	0
 1387 0058 00       		.byte	0
 1388 0059 08       		.uleb128 0x8
 1389 005a 28       		.uleb128 0x28
 1390 005b 00       		.byte	0
 1391 005c 03       		.uleb128 0x3
 1392 005d 0E       		.uleb128 0xe
 1393 005e 1C       		.uleb128 0x1c
 1394 005f 0B       		.uleb128 0xb
 1395 0060 00       		.byte	0
 1396 0061 00       		.byte	0
 1397 0062 09       		.uleb128 0x9
 1398 0063 2E       		.uleb128 0x2e
 1399 0064 01       		.byte	0x1
 1400 0065 3F       		.uleb128 0x3f
 1401 0066 19       		.uleb128 0x19
 1402 0067 03       		.uleb128 0x3
 1403 0068 0E       		.uleb128 0xe
 1404 0069 3A       		.uleb128 0x3a
 1405 006a 0B       		.uleb128 0xb
 1406 006b 3B       		.uleb128 0x3b
 1407 006c 0B       		.uleb128 0xb
 1408 006d 27       		.uleb128 0x27
 1409 006e 19       		.uleb128 0x19
 1410 006f 49       		.uleb128 0x49
 1411 0070 13       		.uleb128 0x13
 1412 0071 8701     		.uleb128 0x87
 1413 0073 19       		.uleb128 0x19
 1414 0074 11       		.uleb128 0x11
ARM GAS  C:\Users\indya\AppData\Local\Temp\ccH3Jdhp.s 			page 32


 1415 0075 01       		.uleb128 0x1
 1416 0076 12       		.uleb128 0x12
 1417 0077 06       		.uleb128 0x6
 1418 0078 40       		.uleb128 0x40
 1419 0079 18       		.uleb128 0x18
 1420 007a 9742     		.uleb128 0x2117
 1421 007c 19       		.uleb128 0x19
 1422 007d 01       		.uleb128 0x1
 1423 007e 13       		.uleb128 0x13
 1424 007f 00       		.byte	0
 1425 0080 00       		.byte	0
 1426 0081 0A       		.uleb128 0xa
 1427 0082 34       		.uleb128 0x34
 1428 0083 00       		.byte	0
 1429 0084 03       		.uleb128 0x3
 1430 0085 0E       		.uleb128 0xe
 1431 0086 3A       		.uleb128 0x3a
 1432 0087 0B       		.uleb128 0xb
 1433 0088 3B       		.uleb128 0x3b
 1434 0089 0B       		.uleb128 0xb
 1435 008a 49       		.uleb128 0x49
 1436 008b 13       		.uleb128 0x13
 1437 008c 02       		.uleb128 0x2
 1438 008d 18       		.uleb128 0x18
 1439 008e 00       		.byte	0
 1440 008f 00       		.byte	0
 1441 0090 0B       		.uleb128 0xb
 1442 0091 34       		.uleb128 0x34
 1443 0092 00       		.byte	0
 1444 0093 03       		.uleb128 0x3
 1445 0094 0E       		.uleb128 0xe
 1446 0095 3A       		.uleb128 0x3a
 1447 0096 0B       		.uleb128 0xb
 1448 0097 3B       		.uleb128 0x3b
 1449 0098 0B       		.uleb128 0xb
 1450 0099 49       		.uleb128 0x49
 1451 009a 13       		.uleb128 0x13
 1452 009b 02       		.uleb128 0x2
 1453 009c 17       		.uleb128 0x17
 1454 009d 00       		.byte	0
 1455 009e 00       		.byte	0
 1456 009f 0C       		.uleb128 0xc
 1457 00a0 34       		.uleb128 0x34
 1458 00a1 00       		.byte	0
 1459 00a2 03       		.uleb128 0x3
 1460 00a3 0E       		.uleb128 0xe
 1461 00a4 3A       		.uleb128 0x3a
 1462 00a5 0B       		.uleb128 0xb
 1463 00a6 3B       		.uleb128 0x3b
 1464 00a7 0B       		.uleb128 0xb
 1465 00a8 49       		.uleb128 0x49
 1466 00a9 13       		.uleb128 0x13
 1467 00aa 1C       		.uleb128 0x1c
 1468 00ab 0D       		.uleb128 0xd
 1469 00ac 00       		.byte	0
 1470 00ad 00       		.byte	0
 1471 00ae 0D       		.uleb128 0xd
ARM GAS  C:\Users\indya\AppData\Local\Temp\ccH3Jdhp.s 			page 33


 1472 00af 0B       		.uleb128 0xb
 1473 00b0 01       		.byte	0x1
 1474 00b1 11       		.uleb128 0x11
 1475 00b2 01       		.uleb128 0x1
 1476 00b3 12       		.uleb128 0x12
 1477 00b4 06       		.uleb128 0x6
 1478 00b5 01       		.uleb128 0x1
 1479 00b6 13       		.uleb128 0x13
 1480 00b7 00       		.byte	0
 1481 00b8 00       		.byte	0
 1482 00b9 0E       		.uleb128 0xe
 1483 00ba 34       		.uleb128 0x34
 1484 00bb 00       		.byte	0
 1485 00bc 03       		.uleb128 0x3
 1486 00bd 08       		.uleb128 0x8
 1487 00be 3A       		.uleb128 0x3a
 1488 00bf 0B       		.uleb128 0xb
 1489 00c0 3B       		.uleb128 0x3b
 1490 00c1 0B       		.uleb128 0xb
 1491 00c2 49       		.uleb128 0x49
 1492 00c3 13       		.uleb128 0x13
 1493 00c4 02       		.uleb128 0x2
 1494 00c5 17       		.uleb128 0x17
 1495 00c6 00       		.byte	0
 1496 00c7 00       		.byte	0
 1497 00c8 0F       		.uleb128 0xf
 1498 00c9 898201   		.uleb128 0x4109
 1499 00cc 01       		.byte	0x1
 1500 00cd 11       		.uleb128 0x11
 1501 00ce 01       		.uleb128 0x1
 1502 00cf 31       		.uleb128 0x31
 1503 00d0 13       		.uleb128 0x13
 1504 00d1 01       		.uleb128 0x1
 1505 00d2 13       		.uleb128 0x13
 1506 00d3 00       		.byte	0
 1507 00d4 00       		.byte	0
 1508 00d5 10       		.uleb128 0x10
 1509 00d6 8A8201   		.uleb128 0x410a
 1510 00d9 00       		.byte	0
 1511 00da 02       		.uleb128 0x2
 1512 00db 18       		.uleb128 0x18
 1513 00dc 9142     		.uleb128 0x2111
 1514 00de 18       		.uleb128 0x18
 1515 00df 00       		.byte	0
 1516 00e0 00       		.byte	0
 1517 00e1 11       		.uleb128 0x11
 1518 00e2 898201   		.uleb128 0x4109
 1519 00e5 01       		.byte	0x1
 1520 00e6 11       		.uleb128 0x11
 1521 00e7 01       		.uleb128 0x1
 1522 00e8 31       		.uleb128 0x31
 1523 00e9 13       		.uleb128 0x13
 1524 00ea 00       		.byte	0
 1525 00eb 00       		.byte	0
 1526 00ec 12       		.uleb128 0x12
 1527 00ed 898201   		.uleb128 0x4109
 1528 00f0 00       		.byte	0
ARM GAS  C:\Users\indya\AppData\Local\Temp\ccH3Jdhp.s 			page 34


 1529 00f1 11       		.uleb128 0x11
 1530 00f2 01       		.uleb128 0x1
 1531 00f3 31       		.uleb128 0x31
 1532 00f4 13       		.uleb128 0x13
 1533 00f5 00       		.byte	0
 1534 00f6 00       		.byte	0
 1535 00f7 13       		.uleb128 0x13
 1536 00f8 01       		.uleb128 0x1
 1537 00f9 01       		.byte	0x1
 1538 00fa 49       		.uleb128 0x49
 1539 00fb 13       		.uleb128 0x13
 1540 00fc 01       		.uleb128 0x1
 1541 00fd 13       		.uleb128 0x13
 1542 00fe 00       		.byte	0
 1543 00ff 00       		.byte	0
 1544 0100 14       		.uleb128 0x14
 1545 0101 21       		.uleb128 0x21
 1546 0102 00       		.byte	0
 1547 0103 49       		.uleb128 0x49
 1548 0104 13       		.uleb128 0x13
 1549 0105 2F       		.uleb128 0x2f
 1550 0106 0B       		.uleb128 0xb
 1551 0107 00       		.byte	0
 1552 0108 00       		.byte	0
 1553 0109 15       		.uleb128 0x15
 1554 010a 34       		.uleb128 0x34
 1555 010b 00       		.byte	0
 1556 010c 03       		.uleb128 0x3
 1557 010d 0E       		.uleb128 0xe
 1558 010e 3A       		.uleb128 0x3a
 1559 010f 0B       		.uleb128 0xb
 1560 0110 3B       		.uleb128 0x3b
 1561 0111 0B       		.uleb128 0xb
 1562 0112 49       		.uleb128 0x49
 1563 0113 13       		.uleb128 0x13
 1564 0114 3F       		.uleb128 0x3f
 1565 0115 19       		.uleb128 0x19
 1566 0116 02       		.uleb128 0x2
 1567 0117 18       		.uleb128 0x18
 1568 0118 00       		.byte	0
 1569 0119 00       		.byte	0
 1570 011a 16       		.uleb128 0x16
 1571 011b 34       		.uleb128 0x34
 1572 011c 00       		.byte	0
 1573 011d 03       		.uleb128 0x3
 1574 011e 0E       		.uleb128 0xe
 1575 011f 3A       		.uleb128 0x3a
 1576 0120 0B       		.uleb128 0xb
 1577 0121 3B       		.uleb128 0x3b
 1578 0122 05       		.uleb128 0x5
 1579 0123 49       		.uleb128 0x49
 1580 0124 13       		.uleb128 0x13
 1581 0125 3F       		.uleb128 0x3f
 1582 0126 19       		.uleb128 0x19
 1583 0127 3C       		.uleb128 0x3c
 1584 0128 19       		.uleb128 0x19
 1585 0129 00       		.byte	0
ARM GAS  C:\Users\indya\AppData\Local\Temp\ccH3Jdhp.s 			page 35


 1586 012a 00       		.byte	0
 1587 012b 17       		.uleb128 0x17
 1588 012c 2E       		.uleb128 0x2e
 1589 012d 00       		.byte	0
 1590 012e 3F       		.uleb128 0x3f
 1591 012f 19       		.uleb128 0x19
 1592 0130 3C       		.uleb128 0x3c
 1593 0131 19       		.uleb128 0x19
 1594 0132 6E       		.uleb128 0x6e
 1595 0133 0E       		.uleb128 0xe
 1596 0134 03       		.uleb128 0x3
 1597 0135 0E       		.uleb128 0xe
 1598 0136 3A       		.uleb128 0x3a
 1599 0137 0B       		.uleb128 0xb
 1600 0138 3B       		.uleb128 0x3b
 1601 0139 0B       		.uleb128 0xb
 1602 013a 00       		.byte	0
 1603 013b 00       		.byte	0
 1604 013c 00       		.byte	0
 1605              		.section	.debug_loc,"",%progbits
 1606              	.Ldebug_loc0:
 1607              	.LLST0:
 1608 0000 42000000 		.4byte	.LVL8
 1609 0004 4C000000 		.4byte	.LVL9
 1610 0008 0100     		.2byte	0x1
 1611 000a 50       		.byte	0x50
 1612 000b 58000000 		.4byte	.LVL12
 1613 000f 5A000000 		.4byte	.LVL13
 1614 0013 0100     		.2byte	0x1
 1615 0015 50       		.byte	0x50
 1616 0016 6A000000 		.4byte	.LVL15
 1617 001a 74000000 		.4byte	.LVL16
 1618 001e 0100     		.2byte	0x1
 1619 0020 50       		.byte	0x50
 1620 0021 80000000 		.4byte	.LVL19
 1621 0025 82000000 		.4byte	.LVL20
 1622 0029 0100     		.2byte	0x1
 1623 002b 50       		.byte	0x50
 1624 002c A2000000 		.4byte	.LVL23
 1625 0030 AC000000 		.4byte	.LVL24
 1626 0034 0100     		.2byte	0x1
 1627 0036 50       		.byte	0x50
 1628 0037 B8000000 		.4byte	.LVL27
 1629 003b BA000000 		.4byte	.LVL28
 1630 003f 0100     		.2byte	0x1
 1631 0041 50       		.byte	0x50
 1632 0042 CA000000 		.4byte	.LVL30
 1633 0046 D4000000 		.4byte	.LVL31
 1634 004a 0100     		.2byte	0x1
 1635 004c 50       		.byte	0x50
 1636 004d E0000000 		.4byte	.LVL34
 1637 0051 E2000000 		.4byte	.LVL35
 1638 0055 0100     		.2byte	0x1
 1639 0057 50       		.byte	0x50
 1640 0058 F2000000 		.4byte	.LVL37
 1641 005c FC000000 		.4byte	.LVL38
 1642 0060 0100     		.2byte	0x1
ARM GAS  C:\Users\indya\AppData\Local\Temp\ccH3Jdhp.s 			page 36


 1643 0062 50       		.byte	0x50
 1644 0063 08010000 		.4byte	.LVL41
 1645 0067 0A010000 		.4byte	.LVL42
 1646 006b 0100     		.2byte	0x1
 1647 006d 50       		.byte	0x50
 1648 006e 28010000 		.4byte	.LVL46
 1649 0072 32010000 		.4byte	.LVL47
 1650 0076 0100     		.2byte	0x1
 1651 0078 50       		.byte	0x50
 1652 0079 3E010000 		.4byte	.LVL50
 1653 007d 40010000 		.4byte	.LVL51
 1654 0081 0100     		.2byte	0x1
 1655 0083 50       		.byte	0x50
 1656 0084 82010000 		.4byte	.LVL56
 1657 0088 E0010000 		.4byte	.LVL65
 1658 008c 0100     		.2byte	0x1
 1659 008e 50       		.byte	0x50
 1660 008f 00000000 		.4byte	0
 1661 0093 00000000 		.4byte	0
 1662              	.LLST1:
 1663 0097 96010000 		.4byte	.LVL57
 1664 009b 9E010000 		.4byte	.LVL58
 1665 009f 0100     		.2byte	0x1
 1666 00a1 53       		.byte	0x53
 1667 00a2 9E010000 		.4byte	.LVL58
 1668 00a6 AA010000 		.4byte	.LVL59
 1669 00aa 1300     		.2byte	0x13
 1670 00ac 72       		.byte	0x72
 1671 00ad 00       		.sleb128 0
 1672 00ae 38       		.byte	0x38
 1673 00af 24       		.byte	0x24
 1674 00b0 7D       		.byte	0x7d
 1675 00b1 00       		.sleb128 0
 1676 00b2 94       		.byte	0x94
 1677 00b3 01       		.byte	0x1
 1678 00b4 08       		.byte	0x8
 1679 00b5 FF       		.byte	0xff
 1680 00b6 1A       		.byte	0x1a
 1681 00b7 21       		.byte	0x21
 1682 00b8 09       		.byte	0x9
 1683 00b9 F4       		.byte	0xf4
 1684 00ba 24       		.byte	0x24
 1685 00bb 09       		.byte	0x9
 1686 00bc F8       		.byte	0xf8
 1687 00bd 26       		.byte	0x26
 1688 00be 9F       		.byte	0x9f
 1689 00bf AA010000 		.4byte	.LVL59
 1690 00c3 E3010000 		.4byte	.LVL66-1
 1691 00c7 1900     		.2byte	0x19
 1692 00c9 91       		.byte	0x91
 1693 00ca B17F     		.sleb128 -79
 1694 00cc 94       		.byte	0x94
 1695 00cd 01       		.byte	0x1
 1696 00ce 08       		.byte	0x8
 1697 00cf FF       		.byte	0xff
 1698 00d0 1A       		.byte	0x1a
 1699 00d1 38       		.byte	0x38
ARM GAS  C:\Users\indya\AppData\Local\Temp\ccH3Jdhp.s 			page 37


 1700 00d2 24       		.byte	0x24
 1701 00d3 7D       		.byte	0x7d
 1702 00d4 00       		.sleb128 0
 1703 00d5 94       		.byte	0x94
 1704 00d6 01       		.byte	0x1
 1705 00d7 08       		.byte	0x8
 1706 00d8 FF       		.byte	0xff
 1707 00d9 1A       		.byte	0x1a
 1708 00da 21       		.byte	0x21
 1709 00db 09       		.byte	0x9
 1710 00dc F4       		.byte	0xf4
 1711 00dd 24       		.byte	0x24
 1712 00de 09       		.byte	0x9
 1713 00df F8       		.byte	0xf8
 1714 00e0 26       		.byte	0x26
 1715 00e1 9F       		.byte	0x9f
 1716 00e2 00000000 		.4byte	0
 1717 00e6 00000000 		.4byte	0
 1718              	.LLST2:
 1719 00ea B2010000 		.4byte	.LVL60
 1720 00ee BA010000 		.4byte	.LVL61
 1721 00f2 0100     		.2byte	0x1
 1722 00f4 53       		.byte	0x53
 1723 00f5 BA010000 		.4byte	.LVL61
 1724 00f9 C6010000 		.4byte	.LVL62
 1725 00fd 1400     		.2byte	0x14
 1726 00ff 72       		.byte	0x72
 1727 0100 00       		.sleb128 0
 1728 0101 38       		.byte	0x38
 1729 0102 24       		.byte	0x24
 1730 0103 91       		.byte	0x91
 1731 0104 B27F     		.sleb128 -78
 1732 0106 94       		.byte	0x94
 1733 0107 01       		.byte	0x1
 1734 0108 08       		.byte	0x8
 1735 0109 FF       		.byte	0xff
 1736 010a 1A       		.byte	0x1a
 1737 010b 21       		.byte	0x21
 1738 010c 09       		.byte	0x9
 1739 010d F4       		.byte	0xf4
 1740 010e 24       		.byte	0x24
 1741 010f 09       		.byte	0x9
 1742 0110 F8       		.byte	0xf8
 1743 0111 26       		.byte	0x26
 1744 0112 9F       		.byte	0x9f
 1745 0113 C6010000 		.4byte	.LVL62
 1746 0117 E3010000 		.4byte	.LVL66-1
 1747 011b 1A00     		.2byte	0x1a
 1748 011d 91       		.byte	0x91
 1749 011e B37F     		.sleb128 -77
 1750 0120 94       		.byte	0x94
 1751 0121 01       		.byte	0x1
 1752 0122 08       		.byte	0x8
 1753 0123 FF       		.byte	0xff
 1754 0124 1A       		.byte	0x1a
 1755 0125 38       		.byte	0x38
 1756 0126 24       		.byte	0x24
ARM GAS  C:\Users\indya\AppData\Local\Temp\ccH3Jdhp.s 			page 38


 1757 0127 91       		.byte	0x91
 1758 0128 B27F     		.sleb128 -78
 1759 012a 94       		.byte	0x94
 1760 012b 01       		.byte	0x1
 1761 012c 08       		.byte	0x8
 1762 012d FF       		.byte	0xff
 1763 012e 1A       		.byte	0x1a
 1764 012f 21       		.byte	0x21
 1765 0130 09       		.byte	0x9
 1766 0131 F4       		.byte	0xf4
 1767 0132 24       		.byte	0x24
 1768 0133 09       		.byte	0x9
 1769 0134 F8       		.byte	0xf8
 1770 0135 26       		.byte	0x26
 1771 0136 9F       		.byte	0x9f
 1772 0137 00000000 		.4byte	0
 1773 013b 00000000 		.4byte	0
 1774              	.LLST3:
 1775 013f CE010000 		.4byte	.LVL63
 1776 0143 D6010000 		.4byte	.LVL64
 1777 0147 0100     		.2byte	0x1
 1778 0149 53       		.byte	0x53
 1779 014a D6010000 		.4byte	.LVL64
 1780 014e E3010000 		.4byte	.LVL66-1
 1781 0152 1400     		.2byte	0x14
 1782 0154 72       		.byte	0x72
 1783 0155 00       		.sleb128 0
 1784 0156 38       		.byte	0x38
 1785 0157 24       		.byte	0x24
 1786 0158 91       		.byte	0x91
 1787 0159 B47F     		.sleb128 -76
 1788 015b 94       		.byte	0x94
 1789 015c 01       		.byte	0x1
 1790 015d 08       		.byte	0x8
 1791 015e FF       		.byte	0xff
 1792 015f 1A       		.byte	0x1a
 1793 0160 21       		.byte	0x21
 1794 0161 09       		.byte	0x9
 1795 0162 F4       		.byte	0xf4
 1796 0163 24       		.byte	0x24
 1797 0164 09       		.byte	0x9
 1798 0165 F8       		.byte	0xf8
 1799 0166 26       		.byte	0x26
 1800 0167 9F       		.byte	0x9f
 1801 0168 00000000 		.4byte	0
 1802 016c 00000000 		.4byte	0
 1803              	.LLST4:
 1804 0170 14000000 		.4byte	.LVL2
 1805 0174 18000000 		.4byte	.LVL3
 1806 0178 0200     		.2byte	0x2
 1807 017a 30       		.byte	0x30
 1808 017b 9F       		.byte	0x9f
 1809 017c 18000000 		.4byte	.LVL3
 1810 0180 12010000 		.4byte	.LVL44
 1811 0184 0100     		.2byte	0x1
 1812 0186 54       		.byte	0x54
 1813 0187 00000000 		.4byte	0
ARM GAS  C:\Users\indya\AppData\Local\Temp\ccH3Jdhp.s 			page 39


 1814 018b 00000000 		.4byte	0
 1815              		.section	.debug_aranges,"",%progbits
 1816 0000 1C000000 		.4byte	0x1c
 1817 0004 0200     		.2byte	0x2
 1818 0006 00000000 		.4byte	.Ldebug_info0
 1819 000a 04       		.byte	0x4
 1820 000b 00       		.byte	0
 1821 000c 0000     		.2byte	0
 1822 000e 0000     		.2byte	0
 1823 0010 00000000 		.4byte	.LFB64
 1824 0014 20020000 		.4byte	.LFE64-.LFB64
 1825 0018 00000000 		.4byte	0
 1826 001c 00000000 		.4byte	0
 1827              		.section	.debug_ranges,"",%progbits
 1828              	.Ldebug_ranges0:
 1829 0000 00000000 		.4byte	.LFB64
 1830 0004 20020000 		.4byte	.LFE64
 1831 0008 00000000 		.4byte	0
 1832 000c 00000000 		.4byte	0
 1833              		.section	.debug_line,"",%progbits
 1834              	.Ldebug_line0:
 1835 0000 91020000 		.section	.debug_str,"MS",%progbits,1
 1835      02002802 
 1835      00000201 
 1835      FB0E0D00 
 1835      01010101 
 1836              	.LASF25:
 1837 0000 6D657373 		.ascii	"message\000"
 1837      61676500 
 1838              	.LASF33:
 1839 0008 68656164 		.ascii	"header\000"
 1839      657200
 1840              	.LASF2:
 1841 000f 5F5F7569 		.ascii	"__uint8_t\000"
 1841      6E74385F 
 1841      7400
 1842              	.LASF41:
 1843 0019 55415254 		.ascii	"UART_Debug_PutString\000"
 1843      5F446562 
 1843      75675F50 
 1843      75745374 
 1843      72696E67 
 1844              	.LASF39:
 1845 002e 4932435F 		.ascii	"I2C_Peripheral_IsDeviceConnected\000"
 1845      50657269 
 1845      70686572 
 1845      616C5F49 
 1845      73446576 
 1846              	.LASF6:
 1847 004f 5F5F696E 		.ascii	"__int32_t\000"
 1847      7433325F 
 1847      7400
 1848              	.LASF7:
 1849 0059 6C6F6E67 		.ascii	"long int\000"
 1849      20696E74 
 1849      00
 1850              	.LASF54:
ARM GAS  C:\Users\indya\AppData\Local\Temp\ccH3Jdhp.s 			page 40


 1851 0062 433A5C55 		.ascii	"C:\\Users\\indya\\Desktop\\AY1920_II_HW_05_CERONI_I"
 1851      73657273 
 1851      5C696E64 
 1851      79615C44 
 1851      65736B74 
 1852 0091 4E445941 		.ascii	"NDYA\\AY1920_II_HW_05_PROJ_2.cydsn\000"
 1852      5C415931 
 1852      3932305F 
 1852      49495F48 
 1852      575F3035 
 1853              	.LASF51:
 1854 00b3 55415254 		.ascii	"UART_Debug_PutArray\000"
 1854      5F446562 
 1854      75675F50 
 1854      75744172 
 1854      72617900 
 1855              	.LASF22:
 1856 00c7 4572726F 		.ascii	"ErrorCode\000"
 1856      72436F64 
 1856      6500
 1857              	.LASF14:
 1858 00d1 696E7433 		.ascii	"int32_t\000"
 1858      325F7400 
 1859              	.LASF37:
 1860 00d9 74696D65 		.ascii	"timer_flag\000"
 1860      725F666C 
 1860      616700
 1861              	.LASF17:
 1862 00e4 666C6F61 		.ascii	"float\000"
 1862      7400
 1863              	.LASF35:
 1864 00ea 4F757441 		.ascii	"OutArray\000"
 1864      72726179 
 1864      00
 1865              	.LASF1:
 1866 00f3 756E7369 		.ascii	"unsigned char\000"
 1866      676E6564 
 1866      20636861 
 1866      7200
 1867              	.LASF52:
 1868 0101 474E5520 		.ascii	"GNU C11 5.4.1 20160609 (release) [ARM/embedded-5-br"
 1868      43313120 
 1868      352E342E 
 1868      31203230 
 1868      31363036 
 1869 0134 616E6368 		.ascii	"anch revision 237715] -mcpu=cortex-m3 -mthumb -g -O"
 1869      20726576 
 1869      6973696F 
 1869      6E203233 
 1869      37373135 
 1870 0167 67202D66 		.ascii	"g -ffunction-sections -ffat-lto-objects\000"
 1870      66756E63 
 1870      74696F6E 
 1870      2D736563 
 1870      74696F6E 
 1871              	.LASF16:
 1872 018f 696E7431 		.ascii	"int16\000"
ARM GAS  C:\Users\indya\AppData\Local\Temp\ccH3Jdhp.s 			page 41


 1872      3600
 1873              	.LASF8:
 1874 0195 6C6F6E67 		.ascii	"long unsigned int\000"
 1874      20756E73 
 1874      69676E65 
 1874      6420696E 
 1874      7400
 1875              	.LASF5:
 1876 01a7 73686F72 		.ascii	"short unsigned int\000"
 1876      7420756E 
 1876      7369676E 
 1876      65642069 
 1876      6E7400
 1877              	.LASF34:
 1878 01ba 666F6F74 		.ascii	"footer\000"
 1878      657200
 1879              	.LASF18:
 1880 01c1 646F7562 		.ascii	"double\000"
 1880      6C6500
 1881              	.LASF50:
 1882 01c8 4932435F 		.ascii	"I2C_Peripheral_ReadRegisterMulti\000"
 1882      50657269 
 1882      70686572 
 1882      616C5F52 
 1882      65616452 
 1883              	.LASF46:
 1884 01e9 4932435F 		.ascii	"I2C_Peripheral_WriteRegister\000"
 1884      50657269 
 1884      70686572 
 1884      616C5F57 
 1884      72697465 
 1885              	.LASF55:
 1886 0206 6D61696E 		.ascii	"main\000"
 1886      00
 1887              	.LASF47:
 1888 020b 6973725F 		.ascii	"isr_StartEx\000"
 1888      53746172 
 1888      74457800 
 1889              	.LASF3:
 1890 0217 5F5F696E 		.ascii	"__int16_t\000"
 1890      7431365F 
 1890      7400
 1891              	.LASF28:
 1892 0221 6374726C 		.ascii	"ctrl_reg1\000"
 1892      5F726567 
 1892      3100
 1893              	.LASF49:
 1894 022b 54696D65 		.ascii	"Timer_Start\000"
 1894      725F5374 
 1894      61727400 
 1895              	.LASF29:
 1896 0237 6374726C 		.ascii	"ctrl_reg4\000"
 1896      5F726567 
 1896      3400
 1897              	.LASF11:
 1898 0241 756E7369 		.ascii	"unsigned int\000"
 1898      676E6564 
ARM GAS  C:\Users\indya\AppData\Local\Temp\ccH3Jdhp.s 			page 42


 1898      20696E74 
 1898      00
 1899              	.LASF10:
 1900 024e 6C6F6E67 		.ascii	"long long unsigned int\000"
 1900      206C6F6E 
 1900      6720756E 
 1900      7369676E 
 1900      65642069 
 1901              	.LASF12:
 1902 0265 75696E74 		.ascii	"uint8_t\000"
 1902      385F7400 
 1903              	.LASF13:
 1904 026d 696E7431 		.ascii	"int16_t\000"
 1904      365F7400 
 1905              	.LASF38:
 1906 0275 49544D5F 		.ascii	"ITM_RxBuffer\000"
 1906      52784275 
 1906      66666572 
 1906      00
 1907              	.LASF30:
 1908 0282 4F757458 		.ascii	"OutX\000"
 1908      00
 1909              	.LASF31:
 1910 0287 4F757459 		.ascii	"OutY\000"
 1910      00
 1911              	.LASF32:
 1912 028c 4F75745A 		.ascii	"OutZ\000"
 1912      00
 1913              	.LASF24:
 1914 0291 73697A65 		.ascii	"sizetype\000"
 1914      74797065 
 1914      00
 1915              	.LASF26:
 1916 029a 6572726F 		.ascii	"error\000"
 1916      7200
 1917              	.LASF9:
 1918 02a0 6C6F6E67 		.ascii	"long long int\000"
 1918      206C6F6E 
 1918      6720696E 
 1918      7400
 1919              	.LASF43:
 1920 02ae 55415254 		.ascii	"UART_Debug_Start\000"
 1920      5F446562 
 1920      75675F53 
 1920      74617274 
 1920      00
 1921              	.LASF53:
 1922 02bf 6D61696E 		.ascii	"main.c\000"
 1922      2E6300
 1923              	.LASF19:
 1924 02c6 63686172 		.ascii	"char\000"
 1924      00
 1925              	.LASF45:
 1926 02cb 4932435F 		.ascii	"I2C_Peripheral_ReadRegister\000"
 1926      50657269 
 1926      70686572 
 1926      616C5F52 
ARM GAS  C:\Users\indya\AppData\Local\Temp\ccH3Jdhp.s 			page 43


 1926      65616452 
 1927              	.LASF4:
 1928 02e7 73686F72 		.ascii	"short int\000"
 1928      7420696E 
 1928      7400
 1929              	.LASF15:
 1930 02f1 75696E74 		.ascii	"uint8\000"
 1930      3800
 1931              	.LASF20:
 1932 02f7 4E4F5F45 		.ascii	"NO_ERROR\000"
 1932      52524F52 
 1932      00
 1933              	.LASF48:
 1934 0300 54696D65 		.ascii	"Timer_WriteCounter\000"
 1934      725F5772 
 1934      69746543 
 1934      6F756E74 
 1934      657200
 1935              	.LASF21:
 1936 0313 4552524F 		.ascii	"ERROR\000"
 1936      5200
 1937              	.LASF27:
 1938 0319 73746174 		.ascii	"status_register\000"
 1938      75735F72 
 1938      65676973 
 1938      74657200 
 1939              	.LASF23:
 1940 0329 6C6F6E67 		.ascii	"long double\000"
 1940      20646F75 
 1940      626C6500 
 1941              	.LASF0:
 1942 0335 7369676E 		.ascii	"signed char\000"
 1942      65642063 
 1942      68617200 
 1943              	.LASF40:
 1944 0341 73707269 		.ascii	"sprintf\000"
 1944      6E746600 
 1945              	.LASF44:
 1946 0349 43794465 		.ascii	"CyDelay\000"
 1946      6C617900 
 1947              	.LASF36:
 1948 0351 41636365 		.ascii	"AccelerationData\000"
 1948      6C657261 
 1948      74696F6E 
 1948      44617461 
 1948      00
 1949              	.LASF42:
 1950 0362 4932435F 		.ascii	"I2C_Peripheral_Start\000"
 1950      50657269 
 1950      70686572 
 1950      616C5F53 
 1950      74617274 
 1951              		.ident	"GCC: (GNU Tools for ARM Embedded Processors) 5.4.1 20160609 (release) [ARM/embedded-5-bran
