ARM GAS  C:\Users\indya\AppData\Local\Temp\ccpy6Ijb.s 			page 1


   1              		.syntax unified
   2              		.cpu cortex-m3
   3              		.fpu softvfp
   4              		.eabi_attribute 20, 1
   5              		.eabi_attribute 21, 1
   6              		.eabi_attribute 23, 3
   7              		.eabi_attribute 24, 1
   8              		.eabi_attribute 25, 1
   9              		.eabi_attribute 26, 1
  10              		.eabi_attribute 30, 1
  11              		.eabi_attribute 34, 1
  12              		.eabi_attribute 18, 4
  13              		.thumb
  14              		.syntax unified
  15              		.file	"I2C_Interface.c"
  16              		.text
  17              	.Ltext0:
  18              		.cfi_sections	.debug_frame
  19              		.section	.text.I2C_Peripheral_Start,"ax",%progbits
  20              		.align	2
  21              		.global	I2C_Peripheral_Start
  22              		.thumb
  23              		.thumb_func
  24              		.type	I2C_Peripheral_Start, %function
  25              	I2C_Peripheral_Start:
  26              	.LFB0:
  27              		.file 1 "I2C_Interface.c"
   1:I2C_Interface.c **** /*
   2:I2C_Interface.c **** 
   3:I2C_Interface.c **** * This file includes all the required source code to interface
   4:I2C_Interface.c **** 
   5:I2C_Interface.c **** * the I2C peripheral.
   6:I2C_Interface.c **** 
   7:I2C_Interface.c **** */
   8:I2C_Interface.c **** 
   9:I2C_Interface.c **** 
  10:I2C_Interface.c **** 
  11:I2C_Interface.c **** /**
  12:I2C_Interface.c **** 
  13:I2C_Interface.c **** *   \brief Value returned if device present on I2C bus.
  14:I2C_Interface.c **** 
  15:I2C_Interface.c **** */
  16:I2C_Interface.c **** 
  17:I2C_Interface.c **** #ifndef DEVICE_CONNECTED
  18:I2C_Interface.c **** 
  19:I2C_Interface.c ****     #define DEVICE_CONNECTED 1
  20:I2C_Interface.c **** 
  21:I2C_Interface.c **** #endif
  22:I2C_Interface.c **** 
  23:I2C_Interface.c **** 
  24:I2C_Interface.c **** 
  25:I2C_Interface.c **** /**
  26:I2C_Interface.c **** 
  27:I2C_Interface.c **** *   \brief Value returned if device not present on I2C bus.
  28:I2C_Interface.c **** 
  29:I2C_Interface.c **** */
  30:I2C_Interface.c **** 
ARM GAS  C:\Users\indya\AppData\Local\Temp\ccpy6Ijb.s 			page 2


  31:I2C_Interface.c **** #ifndef DEVICE_UNCONNECTED
  32:I2C_Interface.c **** 
  33:I2C_Interface.c ****     #define DEVICE_UNCONNECTED 0
  34:I2C_Interface.c **** 
  35:I2C_Interface.c **** #endif
  36:I2C_Interface.c **** 
  37:I2C_Interface.c **** 
  38:I2C_Interface.c **** 
  39:I2C_Interface.c **** #include "I2C_Interface.h" 
  40:I2C_Interface.c **** 
  41:I2C_Interface.c **** #include "I2C_Master.h"
  42:I2C_Interface.c **** 
  43:I2C_Interface.c **** 
  44:I2C_Interface.c **** 
  45:I2C_Interface.c ****     ErrorCode I2C_Peripheral_Start(void) 
  46:I2C_Interface.c **** 
  47:I2C_Interface.c ****     {
  28              		.loc 1 47 0
  29              		.cfi_startproc
  30              		@ args = 0, pretend = 0, frame = 0
  31              		@ frame_needed = 0, uses_anonymous_args = 0
  32 0000 08B5     		push	{r3, lr}
  33              		.cfi_def_cfa_offset 8
  34              		.cfi_offset 3, -8
  35              		.cfi_offset 14, -4
  48:I2C_Interface.c **** 
  49:I2C_Interface.c ****         // Start I2C peripheral
  50:I2C_Interface.c **** 
  51:I2C_Interface.c ****         I2C_Master_Start();  
  36              		.loc 1 51 0
  37 0002 FFF7FEFF 		bl	I2C_Master_Start
  38              	.LVL0:
  52:I2C_Interface.c **** 
  53:I2C_Interface.c ****         
  54:I2C_Interface.c **** 
  55:I2C_Interface.c ****         // Return no error since start function does not return any error
  56:I2C_Interface.c **** 
  57:I2C_Interface.c ****         return NO_ERROR;
  58:I2C_Interface.c **** 
  59:I2C_Interface.c ****     }
  39              		.loc 1 59 0
  40 0006 0020     		movs	r0, #0
  41 0008 08BD     		pop	{r3, pc}
  42              		.cfi_endproc
  43              	.LFE0:
  44              		.size	I2C_Peripheral_Start, .-I2C_Peripheral_Start
  45 000a 00BF     		.section	.text.I2C_Peripheral_Stop,"ax",%progbits
  46              		.align	2
  47              		.global	I2C_Peripheral_Stop
  48              		.thumb
  49              		.thumb_func
  50              		.type	I2C_Peripheral_Stop, %function
  51              	I2C_Peripheral_Stop:
  52              	.LFB1:
  60:I2C_Interface.c **** 
  61:I2C_Interface.c ****     
  62:I2C_Interface.c **** 
ARM GAS  C:\Users\indya\AppData\Local\Temp\ccpy6Ijb.s 			page 3


  63:I2C_Interface.c ****     
  64:I2C_Interface.c **** 
  65:I2C_Interface.c ****     ErrorCode I2C_Peripheral_Stop(void)
  66:I2C_Interface.c **** 
  67:I2C_Interface.c ****     {
  53              		.loc 1 67 0
  54              		.cfi_startproc
  55              		@ args = 0, pretend = 0, frame = 0
  56              		@ frame_needed = 0, uses_anonymous_args = 0
  57 0000 08B5     		push	{r3, lr}
  58              		.cfi_def_cfa_offset 8
  59              		.cfi_offset 3, -8
  60              		.cfi_offset 14, -4
  68:I2C_Interface.c **** 
  69:I2C_Interface.c ****         // Stop I2C peripheral
  70:I2C_Interface.c **** 
  71:I2C_Interface.c ****         I2C_Master_Stop();
  61              		.loc 1 71 0
  62 0002 FFF7FEFF 		bl	I2C_Master_Stop
  63              	.LVL1:
  72:I2C_Interface.c **** 
  73:I2C_Interface.c ****         // Return no error since stop function does not return any error
  74:I2C_Interface.c **** 
  75:I2C_Interface.c ****         return NO_ERROR;
  76:I2C_Interface.c **** 
  77:I2C_Interface.c ****     }
  64              		.loc 1 77 0
  65 0006 0020     		movs	r0, #0
  66 0008 08BD     		pop	{r3, pc}
  67              		.cfi_endproc
  68              	.LFE1:
  69              		.size	I2C_Peripheral_Stop, .-I2C_Peripheral_Stop
  70 000a 00BF     		.section	.text.I2C_Peripheral_ReadRegister,"ax",%progbits
  71              		.align	2
  72              		.global	I2C_Peripheral_ReadRegister
  73              		.thumb
  74              		.thumb_func
  75              		.type	I2C_Peripheral_ReadRegister, %function
  76              	I2C_Peripheral_ReadRegister:
  77              	.LFB2:
  78:I2C_Interface.c **** 
  79:I2C_Interface.c **** 
  80:I2C_Interface.c **** 
  81:I2C_Interface.c ****     ErrorCode I2C_Peripheral_ReadRegister(uint8_t device_address, 
  82:I2C_Interface.c **** 
  83:I2C_Interface.c ****                                             uint8_t register_address,
  84:I2C_Interface.c **** 
  85:I2C_Interface.c ****                                             uint8_t* data)
  86:I2C_Interface.c **** 
  87:I2C_Interface.c ****     {
  78              		.loc 1 87 0
  79              		.cfi_startproc
  80              		@ args = 0, pretend = 0, frame = 0
  81              		@ frame_needed = 0, uses_anonymous_args = 0
  82              	.LVL2:
  83 0000 F8B5     		push	{r3, r4, r5, r6, r7, lr}
  84              		.cfi_def_cfa_offset 24
ARM GAS  C:\Users\indya\AppData\Local\Temp\ccpy6Ijb.s 			page 4


  85              		.cfi_offset 3, -24
  86              		.cfi_offset 4, -20
  87              		.cfi_offset 5, -16
  88              		.cfi_offset 6, -12
  89              		.cfi_offset 7, -8
  90              		.cfi_offset 14, -4
  91 0002 0646     		mov	r6, r0
  92 0004 0D46     		mov	r5, r1
  93 0006 1746     		mov	r7, r2
  88:I2C_Interface.c **** 
  89:I2C_Interface.c ****         // Send start condition
  90:I2C_Interface.c **** 
  91:I2C_Interface.c ****         uint8_t error = I2C_Master_MasterSendStart(device_address,I2C_Master_WRITE_XFER_MODE);
  94              		.loc 1 91 0
  95 0008 0021     		movs	r1, #0
  96              	.LVL3:
  97 000a FFF7FEFF 		bl	I2C_Master_MasterSendStart
  98              	.LVL4:
  92:I2C_Interface.c **** 
  93:I2C_Interface.c ****         if (error == I2C_Master_MSTR_NO_ERROR)
  99              		.loc 1 93 0
 100 000e 0446     		mov	r4, r0
 101 0010 78B9     		cbnz	r0, .L6
  94:I2C_Interface.c **** 
  95:I2C_Interface.c ****         {
  96:I2C_Interface.c **** 
  97:I2C_Interface.c ****             // Write address of register to be read
  98:I2C_Interface.c **** 
  99:I2C_Interface.c ****             error = I2C_Master_MasterWriteByte(register_address);
 102              		.loc 1 99 0
 103 0012 2846     		mov	r0, r5
 104              	.LVL5:
 105 0014 FFF7FEFF 		bl	I2C_Master_MasterWriteByte
 106              	.LVL6:
 100:I2C_Interface.c **** 
 101:I2C_Interface.c ****             if (error == I2C_Master_MSTR_NO_ERROR)
 107              		.loc 1 101 0
 108 0018 0446     		mov	r4, r0
 109 001a 50B9     		cbnz	r0, .L6
 102:I2C_Interface.c **** 
 103:I2C_Interface.c ****             {
 104:I2C_Interface.c **** 
 105:I2C_Interface.c ****                 // Send restart condition
 106:I2C_Interface.c **** 
 107:I2C_Interface.c ****                 error = I2C_Master_MasterSendRestart(device_address, I2C_Master_READ_XFER_MODE);
 110              		.loc 1 107 0
 111 001c 0121     		movs	r1, #1
 112 001e 3046     		mov	r0, r6
 113              	.LVL7:
 114 0020 FFF7FEFF 		bl	I2C_Master_MasterSendRestart
 115              	.LVL8:
 108:I2C_Interface.c **** 
 109:I2C_Interface.c ****                 if (error == I2C_Master_MSTR_NO_ERROR)
 116              		.loc 1 109 0
 117 0024 0446     		mov	r4, r0
 118 0026 20B9     		cbnz	r0, .L6
 110:I2C_Interface.c **** 
ARM GAS  C:\Users\indya\AppData\Local\Temp\ccpy6Ijb.s 			page 5


 111:I2C_Interface.c ****                 {
 112:I2C_Interface.c **** 
 113:I2C_Interface.c ****                     // Read data without acknowledgement
 114:I2C_Interface.c **** 
 115:I2C_Interface.c ****                     *data = I2C_Master_MasterReadByte(I2C_Master_NAK_DATA);
 119              		.loc 1 115 0
 120 0028 FFF7FEFF 		bl	I2C_Master_MasterReadByte
 121              	.LVL9:
 122 002c 3870     		strb	r0, [r7]
 116:I2C_Interface.c **** 
 117:I2C_Interface.c ****                     // Send stop condition and return no error
 118:I2C_Interface.c **** 
 119:I2C_Interface.c ****                     I2C_Master_MasterSendStop();
 123              		.loc 1 119 0
 124 002e FFF7FEFF 		bl	I2C_Master_MasterSendStop
 125              	.LVL10:
 126              	.L6:
 120:I2C_Interface.c **** 
 121:I2C_Interface.c ****                 }
 122:I2C_Interface.c **** 
 123:I2C_Interface.c ****             }
 124:I2C_Interface.c **** 
 125:I2C_Interface.c ****         }
 126:I2C_Interface.c **** 
 127:I2C_Interface.c ****         // Send stop condition if something went wrong
 128:I2C_Interface.c **** 
 129:I2C_Interface.c ****         I2C_Master_MasterSendStop();
 127              		.loc 1 129 0
 128 0032 FFF7FEFF 		bl	I2C_Master_MasterSendStop
 129              	.LVL11:
 130:I2C_Interface.c **** 
 131:I2C_Interface.c ****         // Return error code
 132:I2C_Interface.c **** 
 133:I2C_Interface.c ****         return error ? ERROR : NO_ERROR;
 134:I2C_Interface.c **** 
 135:I2C_Interface.c ****     }
 130              		.loc 1 135 0
 131 0036 201C     		adds	r0, r4, #0
 132 0038 18BF     		it	ne
 133 003a 0120     		movne	r0, #1
 134 003c F8BD     		pop	{r3, r4, r5, r6, r7, pc}
 135              		.cfi_endproc
 136              	.LFE2:
 137              		.size	I2C_Peripheral_ReadRegister, .-I2C_Peripheral_ReadRegister
 138 003e 00BF     		.section	.text.I2C_Peripheral_ReadRegisterMulti,"ax",%progbits
 139              		.align	2
 140              		.global	I2C_Peripheral_ReadRegisterMulti
 141              		.thumb
 142              		.thumb_func
 143              		.type	I2C_Peripheral_ReadRegisterMulti, %function
 144              	I2C_Peripheral_ReadRegisterMulti:
 145              	.LFB3:
 136:I2C_Interface.c **** 
 137:I2C_Interface.c ****     
 138:I2C_Interface.c **** 
 139:I2C_Interface.c ****     ErrorCode I2C_Peripheral_ReadRegisterMulti(uint8_t device_address,
 140:I2C_Interface.c **** 
ARM GAS  C:\Users\indya\AppData\Local\Temp\ccpy6Ijb.s 			page 6


 141:I2C_Interface.c ****                                                 uint8_t register_address,
 142:I2C_Interface.c **** 
 143:I2C_Interface.c ****                                                 uint8_t register_count,
 144:I2C_Interface.c **** 
 145:I2C_Interface.c ****                                                 uint8_t* data)
 146:I2C_Interface.c **** 
 147:I2C_Interface.c ****     {
 146              		.loc 1 147 0
 147              		.cfi_startproc
 148              		@ args = 0, pretend = 0, frame = 0
 149              		@ frame_needed = 0, uses_anonymous_args = 0
 150              	.LVL12:
 151 0000 2DE9F041 		push	{r4, r5, r6, r7, r8, lr}
 152              		.cfi_def_cfa_offset 24
 153              		.cfi_offset 4, -24
 154              		.cfi_offset 5, -20
 155              		.cfi_offset 6, -16
 156              		.cfi_offset 7, -12
 157              		.cfi_offset 8, -8
 158              		.cfi_offset 14, -4
 159 0004 8046     		mov	r8, r0
 160 0006 0C46     		mov	r4, r1
 161 0008 1646     		mov	r6, r2
 162 000a 1F46     		mov	r7, r3
 148:I2C_Interface.c **** 
 149:I2C_Interface.c ****         // Send start condition
 150:I2C_Interface.c **** 
 151:I2C_Interface.c ****         uint8_t error = I2C_Master_MasterSendStart(device_address,I2C_Master_WRITE_XFER_MODE);
 163              		.loc 1 151 0
 164 000c 0021     		movs	r1, #0
 165              	.LVL13:
 166 000e FFF7FEFF 		bl	I2C_Master_MasterSendStart
 167              	.LVL14:
 152:I2C_Interface.c **** 
 153:I2C_Interface.c ****         if (error == I2C_Master_MSTR_NO_ERROR)
 168              		.loc 1 153 0
 169 0012 0546     		mov	r5, r0
 170 0014 F0B9     		cbnz	r0, .L9
 171              	.LVL15:
 154:I2C_Interface.c **** 
 155:I2C_Interface.c ****         {
 156:I2C_Interface.c **** 
 157:I2C_Interface.c ****             // Write address of register to be read with the MSB equal to 1
 158:I2C_Interface.c **** 
 159:I2C_Interface.c ****             register_address |= 0x80;
 160:I2C_Interface.c **** 
 161:I2C_Interface.c ****             error = I2C_Master_MasterWriteByte(register_address);
 172              		.loc 1 161 0
 173 0016 44F08000 		orr	r0, r4, #128
 174              	.LVL16:
 175 001a FFF7FEFF 		bl	I2C_Master_MasterWriteByte
 176              	.LVL17:
 162:I2C_Interface.c **** 
 163:I2C_Interface.c ****             if (error == I2C_Master_MSTR_NO_ERROR)
 177              		.loc 1 163 0
 178 001e 0546     		mov	r5, r0
 179 0020 C0B9     		cbnz	r0, .L9
ARM GAS  C:\Users\indya\AppData\Local\Temp\ccpy6Ijb.s 			page 7


 164:I2C_Interface.c **** 
 165:I2C_Interface.c ****             {
 166:I2C_Interface.c **** 
 167:I2C_Interface.c ****                 // Send restart condition
 168:I2C_Interface.c **** 
 169:I2C_Interface.c ****                 error = I2C_Master_MasterSendRestart(device_address, I2C_Master_READ_XFER_MODE);
 180              		.loc 1 169 0
 181 0022 0121     		movs	r1, #1
 182 0024 4046     		mov	r0, r8
 183              	.LVL18:
 184 0026 FFF7FEFF 		bl	I2C_Master_MasterSendRestart
 185              	.LVL19:
 170:I2C_Interface.c **** 
 171:I2C_Interface.c ****                 if (error == I2C_Master_MSTR_NO_ERROR)
 186              		.loc 1 171 0
 187 002a 0546     		mov	r5, r0
 188 002c 50B1     		cbz	r0, .L12
 189 002e 11E0     		b	.L9
 190              	.LVL20:
 191              	.L11:
 192              	.LBB2:
 172:I2C_Interface.c **** 
 173:I2C_Interface.c ****                 {
 174:I2C_Interface.c **** 
 175:I2C_Interface.c ****                     // Continue reading until we have register to read
 176:I2C_Interface.c **** 
 177:I2C_Interface.c ****                     uint8_t counter = register_count;
 178:I2C_Interface.c **** 
 179:I2C_Interface.c ****                     while(counter>1)
 180:I2C_Interface.c **** 
 181:I2C_Interface.c ****                     {
 182:I2C_Interface.c **** 
 183:I2C_Interface.c ****                         data[register_count-counter] =
 193              		.loc 1 183 0
 194 0030 C4EB0608 		rsb	r8, r4, r6
 184:I2C_Interface.c **** 
 185:I2C_Interface.c ****                             I2C_Master_MasterReadByte(I2C_Master_ACK_DATA);
 195              		.loc 1 185 0
 196 0034 0120     		movs	r0, #1
 197 0036 FFF7FEFF 		bl	I2C_Master_MasterReadByte
 198              	.LVL21:
 183:I2C_Interface.c **** 
 199              		.loc 1 183 0
 200 003a 07F80800 		strb	r0, [r7, r8]
 186:I2C_Interface.c **** 
 187:I2C_Interface.c ****                         counter--;
 201              		.loc 1 187 0
 202 003e 013C     		subs	r4, r4, #1
 203              	.LVL22:
 204 0040 E4B2     		uxtb	r4, r4
 205              	.LVL23:
 206 0042 00E0     		b	.L10
 207              	.LVL24:
 208              	.L12:
 209              	.LBE2:
 210 0044 3446     		mov	r4, r6
 211              	.LVL25:
ARM GAS  C:\Users\indya\AppData\Local\Temp\ccpy6Ijb.s 			page 8


 212              	.L10:
 213              	.LBB3:
 179:I2C_Interface.c **** 
 214              		.loc 1 179 0
 215 0046 012C     		cmp	r4, #1
 216 0048 F2D8     		bhi	.L11
 188:I2C_Interface.c **** 
 189:I2C_Interface.c ****                     }
 190:I2C_Interface.c **** 
 191:I2C_Interface.c ****                     // Read last data without acknowledgement
 192:I2C_Interface.c **** 
 193:I2C_Interface.c ****                     data[register_count-1]
 217              		.loc 1 193 0
 218 004a 013E     		subs	r6, r6, #1
 194:I2C_Interface.c **** 
 195:I2C_Interface.c ****                         = I2C_Master_MasterReadByte(I2C_Master_NAK_DATA);
 219              		.loc 1 195 0
 220 004c 0020     		movs	r0, #0
 221 004e FFF7FEFF 		bl	I2C_Master_MasterReadByte
 222              	.LVL26:
 223 0052 B855     		strb	r0, [r7, r6]
 224              	.LVL27:
 225              	.L9:
 226              	.LBE3:
 196:I2C_Interface.c **** 
 197:I2C_Interface.c ****                 }
 198:I2C_Interface.c **** 
 199:I2C_Interface.c ****             }
 200:I2C_Interface.c **** 
 201:I2C_Interface.c ****         }
 202:I2C_Interface.c **** 
 203:I2C_Interface.c ****         // Send stop condition
 204:I2C_Interface.c **** 
 205:I2C_Interface.c ****         I2C_Master_MasterSendStop();
 227              		.loc 1 205 0
 228 0054 FFF7FEFF 		bl	I2C_Master_MasterSendStop
 229              	.LVL28:
 206:I2C_Interface.c **** 
 207:I2C_Interface.c ****         // Return error code
 208:I2C_Interface.c **** 
 209:I2C_Interface.c ****         return error ? ERROR : NO_ERROR;
 210:I2C_Interface.c **** 
 211:I2C_Interface.c ****     }
 230              		.loc 1 211 0
 231 0058 281C     		adds	r0, r5, #0
 232 005a 18BF     		it	ne
 233 005c 0120     		movne	r0, #1
 234 005e BDE8F081 		pop	{r4, r5, r6, r7, r8, pc}
 235              		.cfi_endproc
 236              	.LFE3:
 237              		.size	I2C_Peripheral_ReadRegisterMulti, .-I2C_Peripheral_ReadRegisterMulti
 238 0062 00BF     		.section	.text.I2C_Peripheral_WriteRegister,"ax",%progbits
 239              		.align	2
 240              		.global	I2C_Peripheral_WriteRegister
 241              		.thumb
 242              		.thumb_func
 243              		.type	I2C_Peripheral_WriteRegister, %function
ARM GAS  C:\Users\indya\AppData\Local\Temp\ccpy6Ijb.s 			page 9


 244              	I2C_Peripheral_WriteRegister:
 245              	.LFB4:
 212:I2C_Interface.c **** 
 213:I2C_Interface.c ****     
 214:I2C_Interface.c **** 
 215:I2C_Interface.c ****     ErrorCode I2C_Peripheral_WriteRegister(uint8_t device_address,
 216:I2C_Interface.c **** 
 217:I2C_Interface.c ****                                             uint8_t register_address,
 218:I2C_Interface.c **** 
 219:I2C_Interface.c ****                                             uint8_t data)
 220:I2C_Interface.c **** 
 221:I2C_Interface.c ****     {
 246              		.loc 1 221 0
 247              		.cfi_startproc
 248              		@ args = 0, pretend = 0, frame = 0
 249              		@ frame_needed = 0, uses_anonymous_args = 0
 250              	.LVL29:
 251 0000 70B5     		push	{r4, r5, r6, lr}
 252              		.cfi_def_cfa_offset 16
 253              		.cfi_offset 4, -16
 254              		.cfi_offset 5, -12
 255              		.cfi_offset 6, -8
 256              		.cfi_offset 14, -4
 257 0002 0D46     		mov	r5, r1
 258 0004 1646     		mov	r6, r2
 222:I2C_Interface.c **** 
 223:I2C_Interface.c ****         // Send start condition
 224:I2C_Interface.c **** 
 225:I2C_Interface.c ****         uint8_t error = I2C_Master_MasterSendStart(device_address, I2C_Master_WRITE_XFER_MODE);
 259              		.loc 1 225 0
 260 0006 0021     		movs	r1, #0
 261              	.LVL30:
 262 0008 FFF7FEFF 		bl	I2C_Master_MasterSendStart
 263              	.LVL31:
 226:I2C_Interface.c **** 
 227:I2C_Interface.c ****         if (error == I2C_Master_MSTR_NO_ERROR)
 264              		.loc 1 227 0
 265 000c 0446     		mov	r4, r0
 266 000e 40B9     		cbnz	r0, .L15
 228:I2C_Interface.c **** 
 229:I2C_Interface.c ****         {
 230:I2C_Interface.c **** 
 231:I2C_Interface.c ****             // Write register address
 232:I2C_Interface.c **** 
 233:I2C_Interface.c ****             error = I2C_Master_MasterWriteByte(register_address);
 267              		.loc 1 233 0
 268 0010 2846     		mov	r0, r5
 269              	.LVL32:
 270 0012 FFF7FEFF 		bl	I2C_Master_MasterWriteByte
 271              	.LVL33:
 234:I2C_Interface.c **** 
 235:I2C_Interface.c ****             if (error == I2C_Master_MSTR_NO_ERROR)
 272              		.loc 1 235 0
 273 0016 0446     		mov	r4, r0
 274 0018 18B9     		cbnz	r0, .L15
 236:I2C_Interface.c **** 
 237:I2C_Interface.c ****             {
ARM GAS  C:\Users\indya\AppData\Local\Temp\ccpy6Ijb.s 			page 10


 238:I2C_Interface.c **** 
 239:I2C_Interface.c ****                 // Write byte of interest
 240:I2C_Interface.c **** 
 241:I2C_Interface.c ****                 error = I2C_Master_MasterWriteByte(data);
 275              		.loc 1 241 0
 276 001a 3046     		mov	r0, r6
 277              	.LVL34:
 278 001c FFF7FEFF 		bl	I2C_Master_MasterWriteByte
 279              	.LVL35:
 280 0020 0446     		mov	r4, r0
 281              	.LVL36:
 282              	.L15:
 242:I2C_Interface.c **** 
 243:I2C_Interface.c ****             }
 244:I2C_Interface.c **** 
 245:I2C_Interface.c ****         }
 246:I2C_Interface.c **** 
 247:I2C_Interface.c ****         // Send stop condition
 248:I2C_Interface.c **** 
 249:I2C_Interface.c ****         I2C_Master_MasterSendStop();
 283              		.loc 1 249 0
 284 0022 FFF7FEFF 		bl	I2C_Master_MasterSendStop
 285              	.LVL37:
 250:I2C_Interface.c **** 
 251:I2C_Interface.c ****         // Return error code
 252:I2C_Interface.c **** 
 253:I2C_Interface.c ****         return error ? ERROR : NO_ERROR;
 254:I2C_Interface.c **** 
 255:I2C_Interface.c ****     }
 286              		.loc 1 255 0
 287 0026 201C     		adds	r0, r4, #0
 288 0028 18BF     		it	ne
 289 002a 0120     		movne	r0, #1
 290 002c 70BD     		pop	{r4, r5, r6, pc}
 291              		.cfi_endproc
 292              	.LFE4:
 293              		.size	I2C_Peripheral_WriteRegister, .-I2C_Peripheral_WriteRegister
 294 002e 00BF     		.section	.text.I2C_Peripheral_WriteRegisterMulti,"ax",%progbits
 295              		.align	2
 296              		.global	I2C_Peripheral_WriteRegisterMulti
 297              		.thumb
 298              		.thumb_func
 299              		.type	I2C_Peripheral_WriteRegisterMulti, %function
 300              	I2C_Peripheral_WriteRegisterMulti:
 301              	.LFB5:
 256:I2C_Interface.c **** 
 257:I2C_Interface.c ****     
 258:I2C_Interface.c **** 
 259:I2C_Interface.c ****     ErrorCode I2C_Peripheral_WriteRegisterMulti(uint8_t device_address,
 260:I2C_Interface.c **** 
 261:I2C_Interface.c ****                                             uint8_t register_address,
 262:I2C_Interface.c **** 
 263:I2C_Interface.c ****                                             uint8_t register_count,
 264:I2C_Interface.c **** 
 265:I2C_Interface.c ****                                             uint8_t* data)
 266:I2C_Interface.c **** 
 267:I2C_Interface.c ****     {
ARM GAS  C:\Users\indya\AppData\Local\Temp\ccpy6Ijb.s 			page 11


 302              		.loc 1 267 0
 303              		.cfi_startproc
 304              		@ args = 0, pretend = 0, frame = 0
 305              		@ frame_needed = 0, uses_anonymous_args = 0
 306              	.LVL38:
 307 0000 F8B5     		push	{r3, r4, r5, r6, r7, lr}
 308              		.cfi_def_cfa_offset 24
 309              		.cfi_offset 3, -24
 310              		.cfi_offset 4, -20
 311              		.cfi_offset 5, -16
 312              		.cfi_offset 6, -12
 313              		.cfi_offset 7, -8
 314              		.cfi_offset 14, -4
 315 0002 0F46     		mov	r7, r1
 316 0004 1546     		mov	r5, r2
 317 0006 1E46     		mov	r6, r3
 268:I2C_Interface.c **** 
 269:I2C_Interface.c ****         // Send start condition
 270:I2C_Interface.c **** 
 271:I2C_Interface.c ****         uint8_t error = I2C_Master_MasterSendStart(device_address, I2C_Master_WRITE_XFER_MODE);
 318              		.loc 1 271 0
 319 0008 0021     		movs	r1, #0
 320              	.LVL39:
 321 000a FFF7FEFF 		bl	I2C_Master_MasterSendStart
 322              	.LVL40:
 272:I2C_Interface.c **** 
 273:I2C_Interface.c ****         if (error == I2C_Master_MSTR_NO_ERROR)
 323              		.loc 1 273 0
 324 000e 0446     		mov	r4, r0
 325 0010 88B9     		cbnz	r0, .L18
 274:I2C_Interface.c **** 
 275:I2C_Interface.c ****         {
 276:I2C_Interface.c **** 
 277:I2C_Interface.c ****             // Write register address
 278:I2C_Interface.c **** 
 279:I2C_Interface.c ****             error = I2C_Master_MasterWriteByte(register_address);
 326              		.loc 1 279 0
 327 0012 3846     		mov	r0, r7
 328              	.LVL41:
 329 0014 FFF7FEFF 		bl	I2C_Master_MasterWriteByte
 330              	.LVL42:
 280:I2C_Interface.c **** 
 281:I2C_Interface.c ****             if (error == I2C_Master_MSTR_NO_ERROR)
 331              		.loc 1 281 0
 332 0018 0446     		mov	r4, r0
 333 001a 60B9     		cbnz	r0, .L18
 334 001c 2C46     		mov	r4, r5
 335              	.L21:
 336              	.LVL43:
 337              	.LBB4:
 282:I2C_Interface.c **** 
 283:I2C_Interface.c ****             {
 284:I2C_Interface.c **** 
 285:I2C_Interface.c ****                 // Continue writing until we have data to write
 286:I2C_Interface.c **** 
 287:I2C_Interface.c ****                 uint8_t counter = register_count;
 288:I2C_Interface.c **** 
ARM GAS  C:\Users\indya\AppData\Local\Temp\ccpy6Ijb.s 			page 12


 289:I2C_Interface.c ****                 while(counter >= 0)
 290:I2C_Interface.c **** 
 291:I2C_Interface.c ****                 {
 292:I2C_Interface.c **** 
 293:I2C_Interface.c ****                      error =
 294:I2C_Interface.c **** 
 295:I2C_Interface.c ****                         I2C_Master_MasterWriteByte(data[register_count-counter]);
 338              		.loc 1 295 0
 339 001e 2B1B     		subs	r3, r5, r4
 293:I2C_Interface.c **** 
 340              		.loc 1 293 0
 341 0020 F05C     		ldrb	r0, [r6, r3]	@ zero_extendqisi2
 342              	.LVL44:
 343 0022 FFF7FEFF 		bl	I2C_Master_MasterWriteByte
 344              	.LVL45:
 296:I2C_Interface.c **** 
 297:I2C_Interface.c ****                     if (error != I2C_Master_MSTR_NO_ERROR)
 345              		.loc 1 297 0
 346 0026 18B1     		cbz	r0, .L19
 298:I2C_Interface.c **** 
 299:I2C_Interface.c ****                     {
 300:I2C_Interface.c **** 
 301:I2C_Interface.c ****                         // Send stop condition
 302:I2C_Interface.c **** 
 303:I2C_Interface.c ****                         I2C_Master_MasterSendStop();
 347              		.loc 1 303 0
 348 0028 FFF7FEFF 		bl	I2C_Master_MasterSendStop
 349              	.LVL46:
 304:I2C_Interface.c **** 
 305:I2C_Interface.c ****                         // Return error code
 306:I2C_Interface.c **** 
 307:I2C_Interface.c ****                         return ERROR;
 350              		.loc 1 307 0
 351 002c 0120     		movs	r0, #1
 352 002e F8BD     		pop	{r3, r4, r5, r6, r7, pc}
 353              	.LVL47:
 354              	.L19:
 308:I2C_Interface.c **** 
 309:I2C_Interface.c ****                     }
 310:I2C_Interface.c **** 
 311:I2C_Interface.c ****                     counter--;
 355              		.loc 1 311 0
 356 0030 013C     		subs	r4, r4, #1
 357              	.LVL48:
 358 0032 E4B2     		uxtb	r4, r4
 359              	.LVL49:
 312:I2C_Interface.c **** 
 313:I2C_Interface.c ****                 }
 360              		.loc 1 313 0
 361 0034 F3E7     		b	.L21
 362              	.LVL50:
 363              	.L18:
 364              	.LBE4:
 314:I2C_Interface.c **** 
 315:I2C_Interface.c ****             }
 316:I2C_Interface.c **** 
 317:I2C_Interface.c ****         }
ARM GAS  C:\Users\indya\AppData\Local\Temp\ccpy6Ijb.s 			page 13


 318:I2C_Interface.c **** 
 319:I2C_Interface.c ****         // Send stop condition in case something didn't work out correctly
 320:I2C_Interface.c **** 
 321:I2C_Interface.c ****         I2C_Master_MasterSendStop();
 365              		.loc 1 321 0
 366 0036 FFF7FEFF 		bl	I2C_Master_MasterSendStop
 367              	.LVL51:
 322:I2C_Interface.c **** 
 323:I2C_Interface.c ****         // Return error code
 324:I2C_Interface.c **** 
 325:I2C_Interface.c ****         return error ? ERROR : NO_ERROR;
 368              		.loc 1 325 0
 369 003a 201C     		adds	r0, r4, #0
 370 003c 18BF     		it	ne
 371 003e 0120     		movne	r0, #1
 326:I2C_Interface.c **** 
 327:I2C_Interface.c ****     }
 372              		.loc 1 327 0
 373 0040 F8BD     		pop	{r3, r4, r5, r6, r7, pc}
 374              		.cfi_endproc
 375              	.LFE5:
 376              		.size	I2C_Peripheral_WriteRegisterMulti, .-I2C_Peripheral_WriteRegisterMulti
 377 0042 00BF     		.section	.text.I2C_Peripheral_IsDeviceConnected,"ax",%progbits
 378              		.align	2
 379              		.global	I2C_Peripheral_IsDeviceConnected
 380              		.thumb
 381              		.thumb_func
 382              		.type	I2C_Peripheral_IsDeviceConnected, %function
 383              	I2C_Peripheral_IsDeviceConnected:
 384              	.LFB6:
 328:I2C_Interface.c **** 
 329:I2C_Interface.c ****     
 330:I2C_Interface.c **** 
 331:I2C_Interface.c ****     
 332:I2C_Interface.c **** 
 333:I2C_Interface.c ****     uint8_t I2C_Peripheral_IsDeviceConnected(uint8_t device_address)
 334:I2C_Interface.c **** 
 335:I2C_Interface.c ****     {
 385              		.loc 1 335 0
 386              		.cfi_startproc
 387              		@ args = 0, pretend = 0, frame = 0
 388              		@ frame_needed = 0, uses_anonymous_args = 0
 389              	.LVL52:
 390 0000 10B5     		push	{r4, lr}
 391              		.cfi_def_cfa_offset 8
 392              		.cfi_offset 4, -8
 393              		.cfi_offset 14, -4
 336:I2C_Interface.c **** 
 337:I2C_Interface.c ****         // Send a start condition followed by a stop condition
 338:I2C_Interface.c **** 
 339:I2C_Interface.c ****         uint8_t error = I2C_Master_MasterSendStart(device_address, I2C_Master_WRITE_XFER_MODE);
 394              		.loc 1 339 0
 395 0002 0021     		movs	r1, #0
 396 0004 FFF7FEFF 		bl	I2C_Master_MasterSendStart
 397              	.LVL53:
 398 0008 0446     		mov	r4, r0
 399              	.LVL54:
ARM GAS  C:\Users\indya\AppData\Local\Temp\ccpy6Ijb.s 			page 14


 340:I2C_Interface.c **** 
 341:I2C_Interface.c ****         I2C_Master_MasterSendStop();
 400              		.loc 1 341 0
 401 000a FFF7FEFF 		bl	I2C_Master_MasterSendStop
 402              	.LVL55:
 342:I2C_Interface.c **** 
 343:I2C_Interface.c ****         // If no error generated during stop, device is connected
 344:I2C_Interface.c **** 
 345:I2C_Interface.c ****         if (error == I2C_Master_MSTR_NO_ERROR)
 403              		.loc 1 345 0
 404 000e 0CB9     		cbnz	r4, .L25
 346:I2C_Interface.c **** 
 347:I2C_Interface.c ****         {
 348:I2C_Interface.c **** 
 349:I2C_Interface.c ****             return DEVICE_CONNECTED;
 405              		.loc 1 349 0
 406 0010 0120     		movs	r0, #1
 407 0012 10BD     		pop	{r4, pc}
 408              	.LVL56:
 409              	.L25:
 350:I2C_Interface.c **** 
 351:I2C_Interface.c ****         }
 352:I2C_Interface.c **** 
 353:I2C_Interface.c ****         return DEVICE_UNCONNECTED;
 410              		.loc 1 353 0
 411 0014 0020     		movs	r0, #0
 354:I2C_Interface.c **** 
 355:I2C_Interface.c ****     }
 412              		.loc 1 355 0
 413 0016 10BD     		pop	{r4, pc}
 414              		.cfi_endproc
 415              	.LFE6:
 416              		.size	I2C_Peripheral_IsDeviceConnected, .-I2C_Peripheral_IsDeviceConnected
 417              		.text
 418              	.Letext0:
 419              		.file 2 "c:\\program files (x86)\\cypress\\psoc creator\\4.3\\psoc creator\\import\\gnu\\arm\\5.4.
 420              		.file 3 "c:\\program files (x86)\\cypress\\psoc creator\\4.3\\psoc creator\\import\\gnu\\arm\\5.4.
 421              		.file 4 "ErrorCodes.h"
 422              		.file 5 "Generated_Source\\PSoC5/I2C_Master.h"
 423              		.section	.debug_info,"",%progbits
 424              	.Ldebug_info0:
 425 0000 CC040000 		.4byte	0x4cc
 426 0004 0400     		.2byte	0x4
 427 0006 00000000 		.4byte	.Ldebug_abbrev0
 428 000a 04       		.byte	0x4
 429 000b 01       		.uleb128 0x1
 430 000c D8000000 		.4byte	.LASF39
 431 0010 0C       		.byte	0xc
 432 0011 84000000 		.4byte	.LASF40
 433 0015 24000000 		.4byte	.LASF41
 434 0019 18000000 		.4byte	.Ldebug_ranges0+0x18
 435 001d 00000000 		.4byte	0
 436 0021 00000000 		.4byte	.Ldebug_line0
 437 0025 02       		.uleb128 0x2
 438 0026 01       		.byte	0x1
 439 0027 06       		.byte	0x6
 440 0028 54030000 		.4byte	.LASF0
ARM GAS  C:\Users\indya\AppData\Local\Temp\ccpy6Ijb.s 			page 15


 441 002c 03       		.uleb128 0x3
 442 002d 00000000 		.4byte	.LASF9
 443 0031 02       		.byte	0x2
 444 0032 1D       		.byte	0x1d
 445 0033 37000000 		.4byte	0x37
 446 0037 02       		.uleb128 0x2
 447 0038 01       		.byte	0x1
 448 0039 08       		.byte	0x8
 449 003a CA000000 		.4byte	.LASF1
 450 003e 02       		.uleb128 0x2
 451 003f 02       		.byte	0x2
 452 0040 05       		.byte	0x5
 453 0041 08030000 		.4byte	.LASF2
 454 0045 02       		.uleb128 0x2
 455 0046 02       		.byte	0x2
 456 0047 07       		.byte	0x7
 457 0048 88010000 		.4byte	.LASF3
 458 004c 02       		.uleb128 0x2
 459 004d 04       		.byte	0x4
 460 004e 05       		.byte	0x5
 461 004f 3A030000 		.4byte	.LASF4
 462 0053 02       		.uleb128 0x2
 463 0054 04       		.byte	0x4
 464 0055 07       		.byte	0x7
 465 0056 27020000 		.4byte	.LASF5
 466 005a 02       		.uleb128 0x2
 467 005b 08       		.byte	0x8
 468 005c 05       		.byte	0x5
 469 005d 95020000 		.4byte	.LASF6
 470 0061 02       		.uleb128 0x2
 471 0062 08       		.byte	0x8
 472 0063 07       		.byte	0x7
 473 0064 46020000 		.4byte	.LASF7
 474 0068 04       		.uleb128 0x4
 475 0069 04       		.byte	0x4
 476 006a 05       		.byte	0x5
 477 006b 696E7400 		.ascii	"int\000"
 478 006f 02       		.uleb128 0x2
 479 0070 04       		.byte	0x4
 480 0071 07       		.byte	0x7
 481 0072 39020000 		.4byte	.LASF8
 482 0076 03       		.uleb128 0x3
 483 0077 5D020000 		.4byte	.LASF10
 484 007b 03       		.byte	0x3
 485 007c 18       		.byte	0x18
 486 007d 2C000000 		.4byte	0x2c
 487 0081 02       		.uleb128 0x2
 488 0082 04       		.byte	0x4
 489 0083 04       		.byte	0x4
 490 0084 BF000000 		.4byte	.LASF11
 491 0088 02       		.uleb128 0x2
 492 0089 08       		.byte	0x8
 493 008a 04       		.byte	0x4
 494 008b E2010000 		.4byte	.LASF12
 495 008f 02       		.uleb128 0x2
 496 0090 01       		.byte	0x1
 497 0091 08       		.byte	0x8
ARM GAS  C:\Users\indya\AppData\Local\Temp\ccpy6Ijb.s 			page 16


 498 0092 43030000 		.4byte	.LASF13
 499 0096 05       		.uleb128 0x5
 500 0097 01       		.byte	0x1
 501 0098 37000000 		.4byte	0x37
 502 009c 04       		.byte	0x4
 503 009d 15       		.byte	0x15
 504 009e AF000000 		.4byte	0xaf
 505 00a2 06       		.uleb128 0x6
 506 00a3 31030000 		.4byte	.LASF14
 507 00a7 00       		.byte	0
 508 00a8 06       		.uleb128 0x6
 509 00a9 65020000 		.4byte	.LASF15
 510 00ad 01       		.byte	0x1
 511 00ae 00       		.byte	0
 512 00af 03       		.uleb128 0x3
 513 00b0 94000000 		.4byte	.LASF16
 514 00b4 04       		.byte	0x4
 515 00b5 18       		.byte	0x18
 516 00b6 96000000 		.4byte	0x96
 517 00ba 02       		.uleb128 0x2
 518 00bb 08       		.byte	0x8
 519 00bc 04       		.byte	0x4
 520 00bd 48030000 		.4byte	.LASF17
 521 00c1 02       		.uleb128 0x2
 522 00c2 04       		.byte	0x4
 523 00c3 07       		.byte	0x7
 524 00c4 86020000 		.4byte	.LASF18
 525 00c8 07       		.uleb128 0x7
 526 00c9 60030000 		.4byte	.LASF19
 527 00cd 01       		.byte	0x1
 528 00ce 2D       		.byte	0x2d
 529 00cf AF000000 		.4byte	0xaf
 530 00d3 00000000 		.4byte	.LFB0
 531 00d7 0A000000 		.4byte	.LFE0-.LFB0
 532 00db 01       		.uleb128 0x1
 533 00dc 9C       		.byte	0x9c
 534 00dd EB000000 		.4byte	0xeb
 535 00e1 08       		.uleb128 0x8
 536 00e2 06000000 		.4byte	.LVL0
 537 00e6 82040000 		.4byte	0x482
 538 00ea 00       		.byte	0
 539 00eb 07       		.uleb128 0x7
 540 00ec BD020000 		.4byte	.LASF20
 541 00f0 01       		.byte	0x1
 542 00f1 41       		.byte	0x41
 543 00f2 AF000000 		.4byte	0xaf
 544 00f6 00000000 		.4byte	.LFB1
 545 00fa 0A000000 		.4byte	.LFE1-.LFB1
 546 00fe 01       		.uleb128 0x1
 547 00ff 9C       		.byte	0x9c
 548 0100 0E010000 		.4byte	0x10e
 549 0104 08       		.uleb128 0x8
 550 0105 06000000 		.4byte	.LVL1
 551 0109 8D040000 		.4byte	0x48d
 552 010d 00       		.byte	0
 553 010e 07       		.uleb128 0x7
 554 010f D1020000 		.4byte	.LASF21
ARM GAS  C:\Users\indya\AppData\Local\Temp\ccpy6Ijb.s 			page 17


 555 0113 01       		.byte	0x1
 556 0114 51       		.byte	0x51
 557 0115 AF000000 		.4byte	0xaf
 558 0119 00000000 		.4byte	.LFB2
 559 011d 3E000000 		.4byte	.LFE2-.LFB2
 560 0121 01       		.uleb128 0x1
 561 0122 9C       		.byte	0x9c
 562 0123 D0010000 		.4byte	0x1d0
 563 0127 09       		.uleb128 0x9
 564 0128 12030000 		.4byte	.LASF22
 565 012c 01       		.byte	0x1
 566 012d 51       		.byte	0x51
 567 012e 76000000 		.4byte	0x76
 568 0132 00000000 		.4byte	.LLST0
 569 0136 09       		.uleb128 0x9
 570 0137 9B010000 		.4byte	.LASF23
 571 013b 01       		.byte	0x1
 572 013c 53       		.byte	0x53
 573 013d 76000000 		.4byte	0x76
 574 0141 21000000 		.4byte	.LLST1
 575 0145 09       		.uleb128 0x9
 576 0146 C5000000 		.4byte	.LASF24
 577 014a 01       		.byte	0x1
 578 014b 55       		.byte	0x55
 579 014c D0010000 		.4byte	0x1d0
 580 0150 42000000 		.4byte	.LLST2
 581 0154 0A       		.uleb128 0xa
 582 0155 8F020000 		.4byte	.LASF27
 583 0159 01       		.byte	0x1
 584 015a 5B       		.byte	0x5b
 585 015b 76000000 		.4byte	0x76
 586 015f 60000000 		.4byte	.LLST3
 587 0163 0B       		.uleb128 0xb
 588 0164 0E000000 		.4byte	.LVL4
 589 0168 98040000 		.4byte	0x498
 590 016c 7C010000 		.4byte	0x17c
 591 0170 0C       		.uleb128 0xc
 592 0171 01       		.uleb128 0x1
 593 0172 50       		.byte	0x50
 594 0173 02       		.uleb128 0x2
 595 0174 76       		.byte	0x76
 596 0175 00       		.sleb128 0
 597 0176 0C       		.uleb128 0xc
 598 0177 01       		.uleb128 0x1
 599 0178 51       		.byte	0x51
 600 0179 01       		.uleb128 0x1
 601 017a 30       		.byte	0x30
 602 017b 00       		.byte	0
 603 017c 0B       		.uleb128 0xb
 604 017d 18000000 		.4byte	.LVL6
 605 0181 A3040000 		.4byte	0x4a3
 606 0185 90010000 		.4byte	0x190
 607 0189 0C       		.uleb128 0xc
 608 018a 01       		.uleb128 0x1
 609 018b 50       		.byte	0x50
 610 018c 02       		.uleb128 0x2
 611 018d 75       		.byte	0x75
ARM GAS  C:\Users\indya\AppData\Local\Temp\ccpy6Ijb.s 			page 18


 612 018e 00       		.sleb128 0
 613 018f 00       		.byte	0
 614 0190 0B       		.uleb128 0xb
 615 0191 24000000 		.4byte	.LVL8
 616 0195 AE040000 		.4byte	0x4ae
 617 0199 A9010000 		.4byte	0x1a9
 618 019d 0C       		.uleb128 0xc
 619 019e 01       		.uleb128 0x1
 620 019f 50       		.byte	0x50
 621 01a0 02       		.uleb128 0x2
 622 01a1 76       		.byte	0x76
 623 01a2 00       		.sleb128 0
 624 01a3 0C       		.uleb128 0xc
 625 01a4 01       		.uleb128 0x1
 626 01a5 51       		.byte	0x51
 627 01a6 01       		.uleb128 0x1
 628 01a7 31       		.byte	0x31
 629 01a8 00       		.byte	0
 630 01a9 0B       		.uleb128 0xb
 631 01aa 2C000000 		.4byte	.LVL9
 632 01ae B9040000 		.4byte	0x4b9
 633 01b2 BD010000 		.4byte	0x1bd
 634 01b6 0C       		.uleb128 0xc
 635 01b7 01       		.uleb128 0x1
 636 01b8 50       		.byte	0x50
 637 01b9 02       		.uleb128 0x2
 638 01ba 74       		.byte	0x74
 639 01bb 00       		.sleb128 0
 640 01bc 00       		.byte	0
 641 01bd 08       		.uleb128 0x8
 642 01be 32000000 		.4byte	.LVL10
 643 01c2 C4040000 		.4byte	0x4c4
 644 01c6 08       		.uleb128 0x8
 645 01c7 36000000 		.4byte	.LVL11
 646 01cb C4040000 		.4byte	0x4c4
 647 01cf 00       		.byte	0
 648 01d0 0D       		.uleb128 0xd
 649 01d1 04       		.byte	0x4
 650 01d2 76000000 		.4byte	0x76
 651 01d6 07       		.uleb128 0x7
 652 01d7 E9010000 		.4byte	.LASF25
 653 01db 01       		.byte	0x1
 654 01dc 8B       		.byte	0x8b
 655 01dd AF000000 		.4byte	0xaf
 656 01e1 00000000 		.4byte	.LFB3
 657 01e5 62000000 		.4byte	.LFE3-.LFB3
 658 01e9 01       		.uleb128 0x1
 659 01ea 9C       		.byte	0x9c
 660 01eb C8020000 		.4byte	0x2c8
 661 01ef 09       		.uleb128 0x9
 662 01f0 12030000 		.4byte	.LASF22
 663 01f4 01       		.byte	0x1
 664 01f5 8B       		.byte	0x8b
 665 01f6 76000000 		.4byte	0x76
 666 01fa 94000000 		.4byte	.LLST4
 667 01fe 09       		.uleb128 0x9
 668 01ff 9B010000 		.4byte	.LASF23
ARM GAS  C:\Users\indya\AppData\Local\Temp\ccpy6Ijb.s 			page 19


 669 0203 01       		.byte	0x1
 670 0204 8D       		.byte	0x8d
 671 0205 76000000 		.4byte	0x76
 672 0209 B5000000 		.4byte	.LLST5
 673 020d 09       		.uleb128 0x9
 674 020e 75000000 		.4byte	.LASF26
 675 0212 01       		.byte	0x1
 676 0213 8F       		.byte	0x8f
 677 0214 76000000 		.4byte	0x76
 678 0218 F6000000 		.4byte	.LLST6
 679 021c 09       		.uleb128 0x9
 680 021d C5000000 		.4byte	.LASF24
 681 0221 01       		.byte	0x1
 682 0222 91       		.byte	0x91
 683 0223 D0010000 		.4byte	0x1d0
 684 0227 17010000 		.4byte	.LLST7
 685 022b 0A       		.uleb128 0xa
 686 022c 8F020000 		.4byte	.LASF27
 687 0230 01       		.byte	0x1
 688 0231 97       		.byte	0x97
 689 0232 76000000 		.4byte	0x76
 690 0236 35010000 		.4byte	.LLST8
 691 023a 0E       		.uleb128 0xe
 692 023b 00000000 		.4byte	.Ldebug_ranges0+0
 693 023f 75020000 		.4byte	0x275
 694 0243 0A       		.uleb128 0xa
 695 0244 C9010000 		.4byte	.LASF28
 696 0248 01       		.byte	0x1
 697 0249 B1       		.byte	0xb1
 698 024a 76000000 		.4byte	0x76
 699 024e 74010000 		.4byte	.LLST9
 700 0252 0B       		.uleb128 0xb
 701 0253 3A000000 		.4byte	.LVL21
 702 0257 B9040000 		.4byte	0x4b9
 703 025b 65020000 		.4byte	0x265
 704 025f 0C       		.uleb128 0xc
 705 0260 01       		.uleb128 0x1
 706 0261 50       		.byte	0x50
 707 0262 01       		.uleb128 0x1
 708 0263 31       		.byte	0x31
 709 0264 00       		.byte	0
 710 0265 0F       		.uleb128 0xf
 711 0266 52000000 		.4byte	.LVL26
 712 026a B9040000 		.4byte	0x4b9
 713 026e 0C       		.uleb128 0xc
 714 026f 01       		.uleb128 0x1
 715 0270 50       		.byte	0x50
 716 0271 01       		.uleb128 0x1
 717 0272 30       		.byte	0x30
 718 0273 00       		.byte	0
 719 0274 00       		.byte	0
 720 0275 0B       		.uleb128 0xb
 721 0276 12000000 		.4byte	.LVL14
 722 027a 98040000 		.4byte	0x498
 723 027e 8E020000 		.4byte	0x28e
 724 0282 0C       		.uleb128 0xc
 725 0283 01       		.uleb128 0x1
ARM GAS  C:\Users\indya\AppData\Local\Temp\ccpy6Ijb.s 			page 20


 726 0284 50       		.byte	0x50
 727 0285 02       		.uleb128 0x2
 728 0286 78       		.byte	0x78
 729 0287 00       		.sleb128 0
 730 0288 0C       		.uleb128 0xc
 731 0289 01       		.uleb128 0x1
 732 028a 51       		.byte	0x51
 733 028b 01       		.uleb128 0x1
 734 028c 30       		.byte	0x30
 735 028d 00       		.byte	0
 736 028e 0B       		.uleb128 0xb
 737 028f 1E000000 		.4byte	.LVL17
 738 0293 A3040000 		.4byte	0x4a3
 739 0297 A5020000 		.4byte	0x2a5
 740 029b 0C       		.uleb128 0xc
 741 029c 01       		.uleb128 0x1
 742 029d 50       		.byte	0x50
 743 029e 05       		.uleb128 0x5
 744 029f 74       		.byte	0x74
 745 02a0 00       		.sleb128 0
 746 02a1 08       		.byte	0x8
 747 02a2 80       		.byte	0x80
 748 02a3 21       		.byte	0x21
 749 02a4 00       		.byte	0
 750 02a5 0B       		.uleb128 0xb
 751 02a6 2A000000 		.4byte	.LVL19
 752 02aa AE040000 		.4byte	0x4ae
 753 02ae BE020000 		.4byte	0x2be
 754 02b2 0C       		.uleb128 0xc
 755 02b3 01       		.uleb128 0x1
 756 02b4 50       		.byte	0x50
 757 02b5 02       		.uleb128 0x2
 758 02b6 78       		.byte	0x78
 759 02b7 00       		.sleb128 0
 760 02b8 0C       		.uleb128 0xc
 761 02b9 01       		.uleb128 0x1
 762 02ba 51       		.byte	0x51
 763 02bb 01       		.uleb128 0x1
 764 02bc 31       		.byte	0x31
 765 02bd 00       		.byte	0
 766 02be 08       		.uleb128 0x8
 767 02bf 58000000 		.4byte	.LVL28
 768 02c3 C4040000 		.4byte	0x4c4
 769 02c7 00       		.byte	0
 770 02c8 07       		.uleb128 0x7
 771 02c9 0A020000 		.4byte	.LASF29
 772 02cd 01       		.byte	0x1
 773 02ce D7       		.byte	0xd7
 774 02cf AF000000 		.4byte	0xaf
 775 02d3 00000000 		.4byte	.LFB4
 776 02d7 2E000000 		.4byte	.LFE4-.LFB4
 777 02db 01       		.uleb128 0x1
 778 02dc 9C       		.byte	0x9c
 779 02dd 62030000 		.4byte	0x362
 780 02e1 09       		.uleb128 0x9
 781 02e2 12030000 		.4byte	.LASF22
 782 02e6 01       		.byte	0x1
ARM GAS  C:\Users\indya\AppData\Local\Temp\ccpy6Ijb.s 			page 21


 783 02e7 D7       		.byte	0xd7
 784 02e8 76000000 		.4byte	0x76
 785 02ec 9D010000 		.4byte	.LLST10
 786 02f0 09       		.uleb128 0x9
 787 02f1 9B010000 		.4byte	.LASF23
 788 02f5 01       		.byte	0x1
 789 02f6 D9       		.byte	0xd9
 790 02f7 76000000 		.4byte	0x76
 791 02fb BE010000 		.4byte	.LLST11
 792 02ff 09       		.uleb128 0x9
 793 0300 C5000000 		.4byte	.LASF24
 794 0304 01       		.byte	0x1
 795 0305 DB       		.byte	0xdb
 796 0306 76000000 		.4byte	0x76
 797 030a DF010000 		.4byte	.LLST12
 798 030e 0A       		.uleb128 0xa
 799 030f 8F020000 		.4byte	.LASF27
 800 0313 01       		.byte	0x1
 801 0314 E1       		.byte	0xe1
 802 0315 76000000 		.4byte	0x76
 803 0319 00020000 		.4byte	.LLST13
 804 031d 0B       		.uleb128 0xb
 805 031e 0C000000 		.4byte	.LVL31
 806 0322 98040000 		.4byte	0x498
 807 0326 30030000 		.4byte	0x330
 808 032a 0C       		.uleb128 0xc
 809 032b 01       		.uleb128 0x1
 810 032c 51       		.byte	0x51
 811 032d 01       		.uleb128 0x1
 812 032e 30       		.byte	0x30
 813 032f 00       		.byte	0
 814 0330 0B       		.uleb128 0xb
 815 0331 16000000 		.4byte	.LVL33
 816 0335 A3040000 		.4byte	0x4a3
 817 0339 44030000 		.4byte	0x344
 818 033d 0C       		.uleb128 0xc
 819 033e 01       		.uleb128 0x1
 820 033f 50       		.byte	0x50
 821 0340 02       		.uleb128 0x2
 822 0341 75       		.byte	0x75
 823 0342 00       		.sleb128 0
 824 0343 00       		.byte	0
 825 0344 0B       		.uleb128 0xb
 826 0345 20000000 		.4byte	.LVL35
 827 0349 A3040000 		.4byte	0x4a3
 828 034d 58030000 		.4byte	0x358
 829 0351 0C       		.uleb128 0xc
 830 0352 01       		.uleb128 0x1
 831 0353 50       		.byte	0x50
 832 0354 02       		.uleb128 0x2
 833 0355 76       		.byte	0x76
 834 0356 00       		.sleb128 0
 835 0357 00       		.byte	0
 836 0358 08       		.uleb128 0x8
 837 0359 26000000 		.4byte	.LVL37
 838 035d C4040000 		.4byte	0x4c4
 839 0361 00       		.byte	0
ARM GAS  C:\Users\indya\AppData\Local\Temp\ccpy6Ijb.s 			page 22


 840 0362 10       		.uleb128 0x10
 841 0363 66010000 		.4byte	.LASF30
 842 0367 01       		.byte	0x1
 843 0368 0301     		.2byte	0x103
 844 036a AF000000 		.4byte	0xaf
 845 036e 00000000 		.4byte	.LFB5
 846 0372 42000000 		.4byte	.LFE5-.LFB5
 847 0376 01       		.uleb128 0x1
 848 0377 9C       		.byte	0x9c
 849 0378 2D040000 		.4byte	0x42d
 850 037c 11       		.uleb128 0x11
 851 037d 12030000 		.4byte	.LASF22
 852 0381 01       		.byte	0x1
 853 0382 0301     		.2byte	0x103
 854 0384 76000000 		.4byte	0x76
 855 0388 29020000 		.4byte	.LLST14
 856 038c 11       		.uleb128 0x11
 857 038d 9B010000 		.4byte	.LASF23
 858 0391 01       		.byte	0x1
 859 0392 0501     		.2byte	0x105
 860 0394 76000000 		.4byte	0x76
 861 0398 4A020000 		.4byte	.LLST15
 862 039c 11       		.uleb128 0x11
 863 039d 75000000 		.4byte	.LASF26
 864 03a1 01       		.byte	0x1
 865 03a2 0701     		.2byte	0x107
 866 03a4 76000000 		.4byte	0x76
 867 03a8 6B020000 		.4byte	.LLST16
 868 03ac 11       		.uleb128 0x11
 869 03ad C5000000 		.4byte	.LASF24
 870 03b1 01       		.byte	0x1
 871 03b2 0901     		.2byte	0x109
 872 03b4 D0010000 		.4byte	0x1d0
 873 03b8 8C020000 		.4byte	.LLST17
 874 03bc 12       		.uleb128 0x12
 875 03bd 8F020000 		.4byte	.LASF27
 876 03c1 01       		.byte	0x1
 877 03c2 0F01     		.2byte	0x10f
 878 03c4 76000000 		.4byte	0x76
 879 03c8 AA020000 		.4byte	.LLST18
 880 03cc 13       		.uleb128 0x13
 881 03cd 1E000000 		.4byte	.LBB4
 882 03d1 18000000 		.4byte	.LBE4-.LBB4
 883 03d5 FC030000 		.4byte	0x3fc
 884 03d9 12       		.uleb128 0x12
 885 03da C9010000 		.4byte	.LASF28
 886 03de 01       		.byte	0x1
 887 03df 1F01     		.2byte	0x11f
 888 03e1 76000000 		.4byte	0x76
 889 03e5 E9020000 		.4byte	.LLST19
 890 03e9 08       		.uleb128 0x8
 891 03ea 26000000 		.4byte	.LVL45
 892 03ee A3040000 		.4byte	0x4a3
 893 03f2 08       		.uleb128 0x8
 894 03f3 2C000000 		.4byte	.LVL46
 895 03f7 C4040000 		.4byte	0x4c4
 896 03fb 00       		.byte	0
ARM GAS  C:\Users\indya\AppData\Local\Temp\ccpy6Ijb.s 			page 23


 897 03fc 0B       		.uleb128 0xb
 898 03fd 0E000000 		.4byte	.LVL40
 899 0401 98040000 		.4byte	0x498
 900 0405 0F040000 		.4byte	0x40f
 901 0409 0C       		.uleb128 0xc
 902 040a 01       		.uleb128 0x1
 903 040b 51       		.byte	0x51
 904 040c 01       		.uleb128 0x1
 905 040d 30       		.byte	0x30
 906 040e 00       		.byte	0
 907 040f 0B       		.uleb128 0xb
 908 0410 18000000 		.4byte	.LVL42
 909 0414 A3040000 		.4byte	0x4a3
 910 0418 23040000 		.4byte	0x423
 911 041c 0C       		.uleb128 0xc
 912 041d 01       		.uleb128 0x1
 913 041e 50       		.byte	0x50
 914 041f 02       		.uleb128 0x2
 915 0420 77       		.byte	0x77
 916 0421 00       		.sleb128 0
 917 0422 00       		.byte	0
 918 0423 08       		.uleb128 0x8
 919 0424 3A000000 		.4byte	.LVL51
 920 0428 C4040000 		.4byte	0x4c4
 921 042c 00       		.byte	0
 922 042d 10       		.uleb128 0x10
 923 042e 9E000000 		.4byte	.LASF31
 924 0432 01       		.byte	0x1
 925 0433 4D01     		.2byte	0x14d
 926 0435 76000000 		.4byte	0x76
 927 0439 00000000 		.4byte	.LFB6
 928 043d 18000000 		.4byte	.LFE6-.LFB6
 929 0441 01       		.uleb128 0x1
 930 0442 9C       		.byte	0x9c
 931 0443 82040000 		.4byte	0x482
 932 0447 11       		.uleb128 0x11
 933 0448 12030000 		.4byte	.LASF22
 934 044c 01       		.byte	0x1
 935 044d 4D01     		.2byte	0x14d
 936 044f 76000000 		.4byte	0x76
 937 0453 07030000 		.4byte	.LLST20
 938 0457 14       		.uleb128 0x14
 939 0458 8F020000 		.4byte	.LASF27
 940 045c 01       		.byte	0x1
 941 045d 5301     		.2byte	0x153
 942 045f 76000000 		.4byte	0x76
 943 0463 01       		.uleb128 0x1
 944 0464 54       		.byte	0x54
 945 0465 0B       		.uleb128 0xb
 946 0466 08000000 		.4byte	.LVL53
 947 046a 98040000 		.4byte	0x498
 948 046e 78040000 		.4byte	0x478
 949 0472 0C       		.uleb128 0xc
 950 0473 01       		.uleb128 0x1
 951 0474 51       		.byte	0x51
 952 0475 01       		.uleb128 0x1
 953 0476 30       		.byte	0x30
ARM GAS  C:\Users\indya\AppData\Local\Temp\ccpy6Ijb.s 			page 24


 954 0477 00       		.byte	0
 955 0478 08       		.uleb128 0x8
 956 0479 0E000000 		.4byte	.LVL55
 957 047d C4040000 		.4byte	0x4c4
 958 0481 00       		.byte	0
 959 0482 15       		.uleb128 0x15
 960 0483 D1010000 		.4byte	.LASF32
 961 0487 D1010000 		.4byte	.LASF32
 962 048b 05       		.byte	0x5
 963 048c 93       		.byte	0x93
 964 048d 15       		.uleb128 0x15
 965 048e 21030000 		.4byte	.LASF33
 966 0492 21030000 		.4byte	.LASF33
 967 0496 05       		.byte	0x5
 968 0497 94       		.byte	0x94
 969 0498 15       		.uleb128 0x15
 970 0499 6B020000 		.4byte	.LASF34
 971 049d 6B020000 		.4byte	.LASF34
 972 04a1 05       		.byte	0x5
 973 04a2 B1       		.byte	0xb1
 974 04a3 15       		.uleb128 0x15
 975 04a4 ED020000 		.4byte	.LASF35
 976 04a8 ED020000 		.4byte	.LASF35
 977 04ac 05       		.byte	0x5
 978 04ad B6       		.byte	0xb6
 979 04ae 15       		.uleb128 0x15
 980 04af AC010000 		.4byte	.LASF36
 981 04b3 AC010000 		.4byte	.LASF36
 982 04b7 05       		.byte	0x5
 983 04b8 B3       		.byte	0xb3
 984 04b9 15       		.uleb128 0x15
 985 04ba 0A000000 		.4byte	.LASF37
 986 04be 0A000000 		.4byte	.LASF37
 987 04c2 05       		.byte	0x5
 988 04c3 B7       		.byte	0xb7
 989 04c4 15       		.uleb128 0x15
 990 04c5 A3020000 		.4byte	.LASF38
 991 04c9 A3020000 		.4byte	.LASF38
 992 04cd 05       		.byte	0x5
 993 04ce B5       		.byte	0xb5
 994 04cf 00       		.byte	0
 995              		.section	.debug_abbrev,"",%progbits
 996              	.Ldebug_abbrev0:
 997 0000 01       		.uleb128 0x1
 998 0001 11       		.uleb128 0x11
 999 0002 01       		.byte	0x1
 1000 0003 25       		.uleb128 0x25
 1001 0004 0E       		.uleb128 0xe
 1002 0005 13       		.uleb128 0x13
 1003 0006 0B       		.uleb128 0xb
 1004 0007 03       		.uleb128 0x3
 1005 0008 0E       		.uleb128 0xe
 1006 0009 1B       		.uleb128 0x1b
 1007 000a 0E       		.uleb128 0xe
 1008 000b 55       		.uleb128 0x55
 1009 000c 17       		.uleb128 0x17
 1010 000d 11       		.uleb128 0x11
ARM GAS  C:\Users\indya\AppData\Local\Temp\ccpy6Ijb.s 			page 25


 1011 000e 01       		.uleb128 0x1
 1012 000f 10       		.uleb128 0x10
 1013 0010 17       		.uleb128 0x17
 1014 0011 00       		.byte	0
 1015 0012 00       		.byte	0
 1016 0013 02       		.uleb128 0x2
 1017 0014 24       		.uleb128 0x24
 1018 0015 00       		.byte	0
 1019 0016 0B       		.uleb128 0xb
 1020 0017 0B       		.uleb128 0xb
 1021 0018 3E       		.uleb128 0x3e
 1022 0019 0B       		.uleb128 0xb
 1023 001a 03       		.uleb128 0x3
 1024 001b 0E       		.uleb128 0xe
 1025 001c 00       		.byte	0
 1026 001d 00       		.byte	0
 1027 001e 03       		.uleb128 0x3
 1028 001f 16       		.uleb128 0x16
 1029 0020 00       		.byte	0
 1030 0021 03       		.uleb128 0x3
 1031 0022 0E       		.uleb128 0xe
 1032 0023 3A       		.uleb128 0x3a
 1033 0024 0B       		.uleb128 0xb
 1034 0025 3B       		.uleb128 0x3b
 1035 0026 0B       		.uleb128 0xb
 1036 0027 49       		.uleb128 0x49
 1037 0028 13       		.uleb128 0x13
 1038 0029 00       		.byte	0
 1039 002a 00       		.byte	0
 1040 002b 04       		.uleb128 0x4
 1041 002c 24       		.uleb128 0x24
 1042 002d 00       		.byte	0
 1043 002e 0B       		.uleb128 0xb
 1044 002f 0B       		.uleb128 0xb
 1045 0030 3E       		.uleb128 0x3e
 1046 0031 0B       		.uleb128 0xb
 1047 0032 03       		.uleb128 0x3
 1048 0033 08       		.uleb128 0x8
 1049 0034 00       		.byte	0
 1050 0035 00       		.byte	0
 1051 0036 05       		.uleb128 0x5
 1052 0037 04       		.uleb128 0x4
 1053 0038 01       		.byte	0x1
 1054 0039 0B       		.uleb128 0xb
 1055 003a 0B       		.uleb128 0xb
 1056 003b 49       		.uleb128 0x49
 1057 003c 13       		.uleb128 0x13
 1058 003d 3A       		.uleb128 0x3a
 1059 003e 0B       		.uleb128 0xb
 1060 003f 3B       		.uleb128 0x3b
 1061 0040 0B       		.uleb128 0xb
 1062 0041 01       		.uleb128 0x1
 1063 0042 13       		.uleb128 0x13
 1064 0043 00       		.byte	0
 1065 0044 00       		.byte	0
 1066 0045 06       		.uleb128 0x6
 1067 0046 28       		.uleb128 0x28
ARM GAS  C:\Users\indya\AppData\Local\Temp\ccpy6Ijb.s 			page 26


 1068 0047 00       		.byte	0
 1069 0048 03       		.uleb128 0x3
 1070 0049 0E       		.uleb128 0xe
 1071 004a 1C       		.uleb128 0x1c
 1072 004b 0B       		.uleb128 0xb
 1073 004c 00       		.byte	0
 1074 004d 00       		.byte	0
 1075 004e 07       		.uleb128 0x7
 1076 004f 2E       		.uleb128 0x2e
 1077 0050 01       		.byte	0x1
 1078 0051 3F       		.uleb128 0x3f
 1079 0052 19       		.uleb128 0x19
 1080 0053 03       		.uleb128 0x3
 1081 0054 0E       		.uleb128 0xe
 1082 0055 3A       		.uleb128 0x3a
 1083 0056 0B       		.uleb128 0xb
 1084 0057 3B       		.uleb128 0x3b
 1085 0058 0B       		.uleb128 0xb
 1086 0059 27       		.uleb128 0x27
 1087 005a 19       		.uleb128 0x19
 1088 005b 49       		.uleb128 0x49
 1089 005c 13       		.uleb128 0x13
 1090 005d 11       		.uleb128 0x11
 1091 005e 01       		.uleb128 0x1
 1092 005f 12       		.uleb128 0x12
 1093 0060 06       		.uleb128 0x6
 1094 0061 40       		.uleb128 0x40
 1095 0062 18       		.uleb128 0x18
 1096 0063 9742     		.uleb128 0x2117
 1097 0065 19       		.uleb128 0x19
 1098 0066 01       		.uleb128 0x1
 1099 0067 13       		.uleb128 0x13
 1100 0068 00       		.byte	0
 1101 0069 00       		.byte	0
 1102 006a 08       		.uleb128 0x8
 1103 006b 898201   		.uleb128 0x4109
 1104 006e 00       		.byte	0
 1105 006f 11       		.uleb128 0x11
 1106 0070 01       		.uleb128 0x1
 1107 0071 31       		.uleb128 0x31
 1108 0072 13       		.uleb128 0x13
 1109 0073 00       		.byte	0
 1110 0074 00       		.byte	0
 1111 0075 09       		.uleb128 0x9
 1112 0076 05       		.uleb128 0x5
 1113 0077 00       		.byte	0
 1114 0078 03       		.uleb128 0x3
 1115 0079 0E       		.uleb128 0xe
 1116 007a 3A       		.uleb128 0x3a
 1117 007b 0B       		.uleb128 0xb
 1118 007c 3B       		.uleb128 0x3b
 1119 007d 0B       		.uleb128 0xb
 1120 007e 49       		.uleb128 0x49
 1121 007f 13       		.uleb128 0x13
 1122 0080 02       		.uleb128 0x2
 1123 0081 17       		.uleb128 0x17
 1124 0082 00       		.byte	0
ARM GAS  C:\Users\indya\AppData\Local\Temp\ccpy6Ijb.s 			page 27


 1125 0083 00       		.byte	0
 1126 0084 0A       		.uleb128 0xa
 1127 0085 34       		.uleb128 0x34
 1128 0086 00       		.byte	0
 1129 0087 03       		.uleb128 0x3
 1130 0088 0E       		.uleb128 0xe
 1131 0089 3A       		.uleb128 0x3a
 1132 008a 0B       		.uleb128 0xb
 1133 008b 3B       		.uleb128 0x3b
 1134 008c 0B       		.uleb128 0xb
 1135 008d 49       		.uleb128 0x49
 1136 008e 13       		.uleb128 0x13
 1137 008f 02       		.uleb128 0x2
 1138 0090 17       		.uleb128 0x17
 1139 0091 00       		.byte	0
 1140 0092 00       		.byte	0
 1141 0093 0B       		.uleb128 0xb
 1142 0094 898201   		.uleb128 0x4109
 1143 0097 01       		.byte	0x1
 1144 0098 11       		.uleb128 0x11
 1145 0099 01       		.uleb128 0x1
 1146 009a 31       		.uleb128 0x31
 1147 009b 13       		.uleb128 0x13
 1148 009c 01       		.uleb128 0x1
 1149 009d 13       		.uleb128 0x13
 1150 009e 00       		.byte	0
 1151 009f 00       		.byte	0
 1152 00a0 0C       		.uleb128 0xc
 1153 00a1 8A8201   		.uleb128 0x410a
 1154 00a4 00       		.byte	0
 1155 00a5 02       		.uleb128 0x2
 1156 00a6 18       		.uleb128 0x18
 1157 00a7 9142     		.uleb128 0x2111
 1158 00a9 18       		.uleb128 0x18
 1159 00aa 00       		.byte	0
 1160 00ab 00       		.byte	0
 1161 00ac 0D       		.uleb128 0xd
 1162 00ad 0F       		.uleb128 0xf
 1163 00ae 00       		.byte	0
 1164 00af 0B       		.uleb128 0xb
 1165 00b0 0B       		.uleb128 0xb
 1166 00b1 49       		.uleb128 0x49
 1167 00b2 13       		.uleb128 0x13
 1168 00b3 00       		.byte	0
 1169 00b4 00       		.byte	0
 1170 00b5 0E       		.uleb128 0xe
 1171 00b6 0B       		.uleb128 0xb
 1172 00b7 01       		.byte	0x1
 1173 00b8 55       		.uleb128 0x55
 1174 00b9 17       		.uleb128 0x17
 1175 00ba 01       		.uleb128 0x1
 1176 00bb 13       		.uleb128 0x13
 1177 00bc 00       		.byte	0
 1178 00bd 00       		.byte	0
 1179 00be 0F       		.uleb128 0xf
 1180 00bf 898201   		.uleb128 0x4109
 1181 00c2 01       		.byte	0x1
ARM GAS  C:\Users\indya\AppData\Local\Temp\ccpy6Ijb.s 			page 28


 1182 00c3 11       		.uleb128 0x11
 1183 00c4 01       		.uleb128 0x1
 1184 00c5 31       		.uleb128 0x31
 1185 00c6 13       		.uleb128 0x13
 1186 00c7 00       		.byte	0
 1187 00c8 00       		.byte	0
 1188 00c9 10       		.uleb128 0x10
 1189 00ca 2E       		.uleb128 0x2e
 1190 00cb 01       		.byte	0x1
 1191 00cc 3F       		.uleb128 0x3f
 1192 00cd 19       		.uleb128 0x19
 1193 00ce 03       		.uleb128 0x3
 1194 00cf 0E       		.uleb128 0xe
 1195 00d0 3A       		.uleb128 0x3a
 1196 00d1 0B       		.uleb128 0xb
 1197 00d2 3B       		.uleb128 0x3b
 1198 00d3 05       		.uleb128 0x5
 1199 00d4 27       		.uleb128 0x27
 1200 00d5 19       		.uleb128 0x19
 1201 00d6 49       		.uleb128 0x49
 1202 00d7 13       		.uleb128 0x13
 1203 00d8 11       		.uleb128 0x11
 1204 00d9 01       		.uleb128 0x1
 1205 00da 12       		.uleb128 0x12
 1206 00db 06       		.uleb128 0x6
 1207 00dc 40       		.uleb128 0x40
 1208 00dd 18       		.uleb128 0x18
 1209 00de 9742     		.uleb128 0x2117
 1210 00e0 19       		.uleb128 0x19
 1211 00e1 01       		.uleb128 0x1
 1212 00e2 13       		.uleb128 0x13
 1213 00e3 00       		.byte	0
 1214 00e4 00       		.byte	0
 1215 00e5 11       		.uleb128 0x11
 1216 00e6 05       		.uleb128 0x5
 1217 00e7 00       		.byte	0
 1218 00e8 03       		.uleb128 0x3
 1219 00e9 0E       		.uleb128 0xe
 1220 00ea 3A       		.uleb128 0x3a
 1221 00eb 0B       		.uleb128 0xb
 1222 00ec 3B       		.uleb128 0x3b
 1223 00ed 05       		.uleb128 0x5
 1224 00ee 49       		.uleb128 0x49
 1225 00ef 13       		.uleb128 0x13
 1226 00f0 02       		.uleb128 0x2
 1227 00f1 17       		.uleb128 0x17
 1228 00f2 00       		.byte	0
 1229 00f3 00       		.byte	0
 1230 00f4 12       		.uleb128 0x12
 1231 00f5 34       		.uleb128 0x34
 1232 00f6 00       		.byte	0
 1233 00f7 03       		.uleb128 0x3
 1234 00f8 0E       		.uleb128 0xe
 1235 00f9 3A       		.uleb128 0x3a
 1236 00fa 0B       		.uleb128 0xb
 1237 00fb 3B       		.uleb128 0x3b
 1238 00fc 05       		.uleb128 0x5
ARM GAS  C:\Users\indya\AppData\Local\Temp\ccpy6Ijb.s 			page 29


 1239 00fd 49       		.uleb128 0x49
 1240 00fe 13       		.uleb128 0x13
 1241 00ff 02       		.uleb128 0x2
 1242 0100 17       		.uleb128 0x17
 1243 0101 00       		.byte	0
 1244 0102 00       		.byte	0
 1245 0103 13       		.uleb128 0x13
 1246 0104 0B       		.uleb128 0xb
 1247 0105 01       		.byte	0x1
 1248 0106 11       		.uleb128 0x11
 1249 0107 01       		.uleb128 0x1
 1250 0108 12       		.uleb128 0x12
 1251 0109 06       		.uleb128 0x6
 1252 010a 01       		.uleb128 0x1
 1253 010b 13       		.uleb128 0x13
 1254 010c 00       		.byte	0
 1255 010d 00       		.byte	0
 1256 010e 14       		.uleb128 0x14
 1257 010f 34       		.uleb128 0x34
 1258 0110 00       		.byte	0
 1259 0111 03       		.uleb128 0x3
 1260 0112 0E       		.uleb128 0xe
 1261 0113 3A       		.uleb128 0x3a
 1262 0114 0B       		.uleb128 0xb
 1263 0115 3B       		.uleb128 0x3b
 1264 0116 05       		.uleb128 0x5
 1265 0117 49       		.uleb128 0x49
 1266 0118 13       		.uleb128 0x13
 1267 0119 02       		.uleb128 0x2
 1268 011a 18       		.uleb128 0x18
 1269 011b 00       		.byte	0
 1270 011c 00       		.byte	0
 1271 011d 15       		.uleb128 0x15
 1272 011e 2E       		.uleb128 0x2e
 1273 011f 00       		.byte	0
 1274 0120 3F       		.uleb128 0x3f
 1275 0121 19       		.uleb128 0x19
 1276 0122 3C       		.uleb128 0x3c
 1277 0123 19       		.uleb128 0x19
 1278 0124 6E       		.uleb128 0x6e
 1279 0125 0E       		.uleb128 0xe
 1280 0126 03       		.uleb128 0x3
 1281 0127 0E       		.uleb128 0xe
 1282 0128 3A       		.uleb128 0x3a
 1283 0129 0B       		.uleb128 0xb
 1284 012a 3B       		.uleb128 0x3b
 1285 012b 0B       		.uleb128 0xb
 1286 012c 00       		.byte	0
 1287 012d 00       		.byte	0
 1288 012e 00       		.byte	0
 1289              		.section	.debug_loc,"",%progbits
 1290              	.Ldebug_loc0:
 1291              	.LLST0:
 1292 0000 00000000 		.4byte	.LVL2
 1293 0004 0D000000 		.4byte	.LVL4-1
 1294 0008 0100     		.2byte	0x1
 1295 000a 50       		.byte	0x50
ARM GAS  C:\Users\indya\AppData\Local\Temp\ccpy6Ijb.s 			page 30


 1296 000b 0D000000 		.4byte	.LVL4-1
 1297 000f 3E000000 		.4byte	.LFE2
 1298 0013 0400     		.2byte	0x4
 1299 0015 F3       		.byte	0xf3
 1300 0016 01       		.uleb128 0x1
 1301 0017 50       		.byte	0x50
 1302 0018 9F       		.byte	0x9f
 1303 0019 00000000 		.4byte	0
 1304 001d 00000000 		.4byte	0
 1305              	.LLST1:
 1306 0021 00000000 		.4byte	.LVL2
 1307 0025 0A000000 		.4byte	.LVL3
 1308 0029 0100     		.2byte	0x1
 1309 002b 51       		.byte	0x51
 1310 002c 0A000000 		.4byte	.LVL3
 1311 0030 3E000000 		.4byte	.LFE2
 1312 0034 0400     		.2byte	0x4
 1313 0036 F3       		.byte	0xf3
 1314 0037 01       		.uleb128 0x1
 1315 0038 51       		.byte	0x51
 1316 0039 9F       		.byte	0x9f
 1317 003a 00000000 		.4byte	0
 1318 003e 00000000 		.4byte	0
 1319              	.LLST2:
 1320 0042 00000000 		.4byte	.LVL2
 1321 0046 0D000000 		.4byte	.LVL4-1
 1322 004a 0100     		.2byte	0x1
 1323 004c 52       		.byte	0x52
 1324 004d 0D000000 		.4byte	.LVL4-1
 1325 0051 3E000000 		.4byte	.LFE2
 1326 0055 0100     		.2byte	0x1
 1327 0057 57       		.byte	0x57
 1328 0058 00000000 		.4byte	0
 1329 005c 00000000 		.4byte	0
 1330              	.LLST3:
 1331 0060 0E000000 		.4byte	.LVL4
 1332 0064 14000000 		.4byte	.LVL5
 1333 0068 0100     		.2byte	0x1
 1334 006a 50       		.byte	0x50
 1335 006b 18000000 		.4byte	.LVL6
 1336 006f 20000000 		.4byte	.LVL7
 1337 0073 0100     		.2byte	0x1
 1338 0075 50       		.byte	0x50
 1339 0076 24000000 		.4byte	.LVL8
 1340 007a 2B000000 		.4byte	.LVL9-1
 1341 007e 0100     		.2byte	0x1
 1342 0080 50       		.byte	0x50
 1343 0081 32000000 		.4byte	.LVL10
 1344 0085 3E000000 		.4byte	.LFE2
 1345 0089 0100     		.2byte	0x1
 1346 008b 54       		.byte	0x54
 1347 008c 00000000 		.4byte	0
 1348 0090 00000000 		.4byte	0
 1349              	.LLST4:
 1350 0094 00000000 		.4byte	.LVL12
 1351 0098 11000000 		.4byte	.LVL14-1
 1352 009c 0100     		.2byte	0x1
ARM GAS  C:\Users\indya\AppData\Local\Temp\ccpy6Ijb.s 			page 31


 1353 009e 50       		.byte	0x50
 1354 009f 11000000 		.4byte	.LVL14-1
 1355 00a3 62000000 		.4byte	.LFE3
 1356 00a7 0400     		.2byte	0x4
 1357 00a9 F3       		.byte	0xf3
 1358 00aa 01       		.uleb128 0x1
 1359 00ab 50       		.byte	0x50
 1360 00ac 9F       		.byte	0x9f
 1361 00ad 00000000 		.4byte	0
 1362 00b1 00000000 		.4byte	0
 1363              	.LLST5:
 1364 00b5 00000000 		.4byte	.LVL12
 1365 00b9 0E000000 		.4byte	.LVL13
 1366 00bd 0100     		.2byte	0x1
 1367 00bf 51       		.byte	0x51
 1368 00c0 0E000000 		.4byte	.LVL13
 1369 00c4 16000000 		.4byte	.LVL15
 1370 00c8 0400     		.2byte	0x4
 1371 00ca F3       		.byte	0xf3
 1372 00cb 01       		.uleb128 0x1
 1373 00cc 51       		.byte	0x51
 1374 00cd 9F       		.byte	0x9f
 1375 00ce 16000000 		.4byte	.LVL15
 1376 00d2 30000000 		.4byte	.LVL20
 1377 00d6 0600     		.2byte	0x6
 1378 00d8 74       		.byte	0x74
 1379 00d9 00       		.sleb128 0
 1380 00da 08       		.byte	0x8
 1381 00db 80       		.byte	0x80
 1382 00dc 21       		.byte	0x21
 1383 00dd 9F       		.byte	0x9f
 1384 00de 44000000 		.4byte	.LVL24
 1385 00e2 46000000 		.4byte	.LVL25
 1386 00e6 0600     		.2byte	0x6
 1387 00e8 74       		.byte	0x74
 1388 00e9 00       		.sleb128 0
 1389 00ea 08       		.byte	0x8
 1390 00eb 80       		.byte	0x80
 1391 00ec 21       		.byte	0x21
 1392 00ed 9F       		.byte	0x9f
 1393 00ee 00000000 		.4byte	0
 1394 00f2 00000000 		.4byte	0
 1395              	.LLST6:
 1396 00f6 00000000 		.4byte	.LVL12
 1397 00fa 11000000 		.4byte	.LVL14-1
 1398 00fe 0100     		.2byte	0x1
 1399 0100 52       		.byte	0x52
 1400 0101 11000000 		.4byte	.LVL14-1
 1401 0105 62000000 		.4byte	.LFE3
 1402 0109 0400     		.2byte	0x4
 1403 010b F3       		.byte	0xf3
 1404 010c 01       		.uleb128 0x1
 1405 010d 52       		.byte	0x52
 1406 010e 9F       		.byte	0x9f
 1407 010f 00000000 		.4byte	0
 1408 0113 00000000 		.4byte	0
 1409              	.LLST7:
ARM GAS  C:\Users\indya\AppData\Local\Temp\ccpy6Ijb.s 			page 32


 1410 0117 00000000 		.4byte	.LVL12
 1411 011b 11000000 		.4byte	.LVL14-1
 1412 011f 0100     		.2byte	0x1
 1413 0121 53       		.byte	0x53
 1414 0122 11000000 		.4byte	.LVL14-1
 1415 0126 62000000 		.4byte	.LFE3
 1416 012a 0100     		.2byte	0x1
 1417 012c 57       		.byte	0x57
 1418 012d 00000000 		.4byte	0
 1419 0131 00000000 		.4byte	0
 1420              	.LLST8:
 1421 0135 12000000 		.4byte	.LVL14
 1422 0139 1A000000 		.4byte	.LVL16
 1423 013d 0100     		.2byte	0x1
 1424 013f 50       		.byte	0x50
 1425 0140 1E000000 		.4byte	.LVL17
 1426 0144 26000000 		.4byte	.LVL18
 1427 0148 0100     		.2byte	0x1
 1428 014a 50       		.byte	0x50
 1429 014b 2A000000 		.4byte	.LVL19
 1430 014f 30000000 		.4byte	.LVL20
 1431 0153 0100     		.2byte	0x1
 1432 0155 50       		.byte	0x50
 1433 0156 44000000 		.4byte	.LVL24
 1434 015a 46000000 		.4byte	.LVL25
 1435 015e 0100     		.2byte	0x1
 1436 0160 50       		.byte	0x50
 1437 0161 54000000 		.4byte	.LVL27
 1438 0165 62000000 		.4byte	.LFE3
 1439 0169 0100     		.2byte	0x1
 1440 016b 55       		.byte	0x55
 1441 016c 00000000 		.4byte	0
 1442 0170 00000000 		.4byte	0
 1443              	.LLST9:
 1444 0174 30000000 		.4byte	.LVL20
 1445 0178 40000000 		.4byte	.LVL22
 1446 017c 0100     		.2byte	0x1
 1447 017e 54       		.byte	0x54
 1448 017f 42000000 		.4byte	.LVL23
 1449 0183 44000000 		.4byte	.LVL24
 1450 0187 0100     		.2byte	0x1
 1451 0189 54       		.byte	0x54
 1452 018a 46000000 		.4byte	.LVL25
 1453 018e 54000000 		.4byte	.LVL27
 1454 0192 0100     		.2byte	0x1
 1455 0194 54       		.byte	0x54
 1456 0195 00000000 		.4byte	0
 1457 0199 00000000 		.4byte	0
 1458              	.LLST10:
 1459 019d 00000000 		.4byte	.LVL29
 1460 01a1 0B000000 		.4byte	.LVL31-1
 1461 01a5 0100     		.2byte	0x1
 1462 01a7 50       		.byte	0x50
 1463 01a8 0B000000 		.4byte	.LVL31-1
 1464 01ac 2E000000 		.4byte	.LFE4
 1465 01b0 0400     		.2byte	0x4
 1466 01b2 F3       		.byte	0xf3
ARM GAS  C:\Users\indya\AppData\Local\Temp\ccpy6Ijb.s 			page 33


 1467 01b3 01       		.uleb128 0x1
 1468 01b4 50       		.byte	0x50
 1469 01b5 9F       		.byte	0x9f
 1470 01b6 00000000 		.4byte	0
 1471 01ba 00000000 		.4byte	0
 1472              	.LLST11:
 1473 01be 00000000 		.4byte	.LVL29
 1474 01c2 08000000 		.4byte	.LVL30
 1475 01c6 0100     		.2byte	0x1
 1476 01c8 51       		.byte	0x51
 1477 01c9 08000000 		.4byte	.LVL30
 1478 01cd 2E000000 		.4byte	.LFE4
 1479 01d1 0400     		.2byte	0x4
 1480 01d3 F3       		.byte	0xf3
 1481 01d4 01       		.uleb128 0x1
 1482 01d5 51       		.byte	0x51
 1483 01d6 9F       		.byte	0x9f
 1484 01d7 00000000 		.4byte	0
 1485 01db 00000000 		.4byte	0
 1486              	.LLST12:
 1487 01df 00000000 		.4byte	.LVL29
 1488 01e3 0B000000 		.4byte	.LVL31-1
 1489 01e7 0100     		.2byte	0x1
 1490 01e9 52       		.byte	0x52
 1491 01ea 0B000000 		.4byte	.LVL31-1
 1492 01ee 2E000000 		.4byte	.LFE4
 1493 01f2 0400     		.2byte	0x4
 1494 01f4 F3       		.byte	0xf3
 1495 01f5 01       		.uleb128 0x1
 1496 01f6 52       		.byte	0x52
 1497 01f7 9F       		.byte	0x9f
 1498 01f8 00000000 		.4byte	0
 1499 01fc 00000000 		.4byte	0
 1500              	.LLST13:
 1501 0200 0C000000 		.4byte	.LVL31
 1502 0204 12000000 		.4byte	.LVL32
 1503 0208 0100     		.2byte	0x1
 1504 020a 50       		.byte	0x50
 1505 020b 16000000 		.4byte	.LVL33
 1506 020f 1C000000 		.4byte	.LVL34
 1507 0213 0100     		.2byte	0x1
 1508 0215 50       		.byte	0x50
 1509 0216 22000000 		.4byte	.LVL36
 1510 021a 2E000000 		.4byte	.LFE4
 1511 021e 0100     		.2byte	0x1
 1512 0220 54       		.byte	0x54
 1513 0221 00000000 		.4byte	0
 1514 0225 00000000 		.4byte	0
 1515              	.LLST14:
 1516 0229 00000000 		.4byte	.LVL38
 1517 022d 0D000000 		.4byte	.LVL40-1
 1518 0231 0100     		.2byte	0x1
 1519 0233 50       		.byte	0x50
 1520 0234 0D000000 		.4byte	.LVL40-1
 1521 0238 42000000 		.4byte	.LFE5
 1522 023c 0400     		.2byte	0x4
 1523 023e F3       		.byte	0xf3
ARM GAS  C:\Users\indya\AppData\Local\Temp\ccpy6Ijb.s 			page 34


 1524 023f 01       		.uleb128 0x1
 1525 0240 50       		.byte	0x50
 1526 0241 9F       		.byte	0x9f
 1527 0242 00000000 		.4byte	0
 1528 0246 00000000 		.4byte	0
 1529              	.LLST15:
 1530 024a 00000000 		.4byte	.LVL38
 1531 024e 0A000000 		.4byte	.LVL39
 1532 0252 0100     		.2byte	0x1
 1533 0254 51       		.byte	0x51
 1534 0255 0A000000 		.4byte	.LVL39
 1535 0259 42000000 		.4byte	.LFE5
 1536 025d 0400     		.2byte	0x4
 1537 025f F3       		.byte	0xf3
 1538 0260 01       		.uleb128 0x1
 1539 0261 51       		.byte	0x51
 1540 0262 9F       		.byte	0x9f
 1541 0263 00000000 		.4byte	0
 1542 0267 00000000 		.4byte	0
 1543              	.LLST16:
 1544 026b 00000000 		.4byte	.LVL38
 1545 026f 0D000000 		.4byte	.LVL40-1
 1546 0273 0100     		.2byte	0x1
 1547 0275 52       		.byte	0x52
 1548 0276 0D000000 		.4byte	.LVL40-1
 1549 027a 42000000 		.4byte	.LFE5
 1550 027e 0400     		.2byte	0x4
 1551 0280 F3       		.byte	0xf3
 1552 0281 01       		.uleb128 0x1
 1553 0282 52       		.byte	0x52
 1554 0283 9F       		.byte	0x9f
 1555 0284 00000000 		.4byte	0
 1556 0288 00000000 		.4byte	0
 1557              	.LLST17:
 1558 028c 00000000 		.4byte	.LVL38
 1559 0290 0D000000 		.4byte	.LVL40-1
 1560 0294 0100     		.2byte	0x1
 1561 0296 53       		.byte	0x53
 1562 0297 0D000000 		.4byte	.LVL40-1
 1563 029b 42000000 		.4byte	.LFE5
 1564 029f 0100     		.2byte	0x1
 1565 02a1 56       		.byte	0x56
 1566 02a2 00000000 		.4byte	0
 1567 02a6 00000000 		.4byte	0
 1568              	.LLST18:
 1569 02aa 0E000000 		.4byte	.LVL40
 1570 02ae 14000000 		.4byte	.LVL41
 1571 02b2 0100     		.2byte	0x1
 1572 02b4 50       		.byte	0x50
 1573 02b5 18000000 		.4byte	.LVL42
 1574 02b9 22000000 		.4byte	.LVL44
 1575 02bd 0100     		.2byte	0x1
 1576 02bf 50       		.byte	0x50
 1577 02c0 26000000 		.4byte	.LVL45
 1578 02c4 2B000000 		.4byte	.LVL46-1
 1579 02c8 0100     		.2byte	0x1
 1580 02ca 50       		.byte	0x50
ARM GAS  C:\Users\indya\AppData\Local\Temp\ccpy6Ijb.s 			page 35


 1581 02cb 30000000 		.4byte	.LVL47
 1582 02cf 36000000 		.4byte	.LVL50
 1583 02d3 0100     		.2byte	0x1
 1584 02d5 50       		.byte	0x50
 1585 02d6 36000000 		.4byte	.LVL50
 1586 02da 42000000 		.4byte	.LFE5
 1587 02de 0100     		.2byte	0x1
 1588 02e0 54       		.byte	0x54
 1589 02e1 00000000 		.4byte	0
 1590 02e5 00000000 		.4byte	0
 1591              	.LLST19:
 1592 02e9 1E000000 		.4byte	.LVL43
 1593 02ed 32000000 		.4byte	.LVL48
 1594 02f1 0100     		.2byte	0x1
 1595 02f3 54       		.byte	0x54
 1596 02f4 34000000 		.4byte	.LVL49
 1597 02f8 36000000 		.4byte	.LVL50
 1598 02fc 0100     		.2byte	0x1
 1599 02fe 54       		.byte	0x54
 1600 02ff 00000000 		.4byte	0
 1601 0303 00000000 		.4byte	0
 1602              	.LLST20:
 1603 0307 00000000 		.4byte	.LVL52
 1604 030b 07000000 		.4byte	.LVL53-1
 1605 030f 0100     		.2byte	0x1
 1606 0311 50       		.byte	0x50
 1607 0312 07000000 		.4byte	.LVL53-1
 1608 0316 18000000 		.4byte	.LFE6
 1609 031a 0400     		.2byte	0x4
 1610 031c F3       		.byte	0xf3
 1611 031d 01       		.uleb128 0x1
 1612 031e 50       		.byte	0x50
 1613 031f 9F       		.byte	0x9f
 1614 0320 00000000 		.4byte	0
 1615 0324 00000000 		.4byte	0
 1616              		.section	.debug_aranges,"",%progbits
 1617 0000 4C000000 		.4byte	0x4c
 1618 0004 0200     		.2byte	0x2
 1619 0006 00000000 		.4byte	.Ldebug_info0
 1620 000a 04       		.byte	0x4
 1621 000b 00       		.byte	0
 1622 000c 0000     		.2byte	0
 1623 000e 0000     		.2byte	0
 1624 0010 00000000 		.4byte	.LFB0
 1625 0014 0A000000 		.4byte	.LFE0-.LFB0
 1626 0018 00000000 		.4byte	.LFB1
 1627 001c 0A000000 		.4byte	.LFE1-.LFB1
 1628 0020 00000000 		.4byte	.LFB2
 1629 0024 3E000000 		.4byte	.LFE2-.LFB2
 1630 0028 00000000 		.4byte	.LFB3
 1631 002c 62000000 		.4byte	.LFE3-.LFB3
 1632 0030 00000000 		.4byte	.LFB4
 1633 0034 2E000000 		.4byte	.LFE4-.LFB4
 1634 0038 00000000 		.4byte	.LFB5
 1635 003c 42000000 		.4byte	.LFE5-.LFB5
 1636 0040 00000000 		.4byte	.LFB6
 1637 0044 18000000 		.4byte	.LFE6-.LFB6
ARM GAS  C:\Users\indya\AppData\Local\Temp\ccpy6Ijb.s 			page 36


 1638 0048 00000000 		.4byte	0
 1639 004c 00000000 		.4byte	0
 1640              		.section	.debug_ranges,"",%progbits
 1641              	.Ldebug_ranges0:
 1642 0000 30000000 		.4byte	.LBB2
 1643 0004 44000000 		.4byte	.LBE2
 1644 0008 46000000 		.4byte	.LBB3
 1645 000c 54000000 		.4byte	.LBE3
 1646 0010 00000000 		.4byte	0
 1647 0014 00000000 		.4byte	0
 1648 0018 00000000 		.4byte	.LFB0
 1649 001c 0A000000 		.4byte	.LFE0
 1650 0020 00000000 		.4byte	.LFB1
 1651 0024 0A000000 		.4byte	.LFE1
 1652 0028 00000000 		.4byte	.LFB2
 1653 002c 3E000000 		.4byte	.LFE2
 1654 0030 00000000 		.4byte	.LFB3
 1655 0034 62000000 		.4byte	.LFE3
 1656 0038 00000000 		.4byte	.LFB4
 1657 003c 2E000000 		.4byte	.LFE4
 1658 0040 00000000 		.4byte	.LFB5
 1659 0044 42000000 		.4byte	.LFE5
 1660 0048 00000000 		.4byte	.LFB6
 1661 004c 18000000 		.4byte	.LFE6
 1662 0050 00000000 		.4byte	0
 1663 0054 00000000 		.4byte	0
 1664              		.section	.debug_line,"",%progbits
 1665              	.Ldebug_line0:
 1666 0000 13020000 		.section	.debug_str,"MS",%progbits,1
 1666      02005A01 
 1666      00000201 
 1666      FB0E0D00 
 1666      01010101 
 1667              	.LASF9:
 1668 0000 5F5F7569 		.ascii	"__uint8_t\000"
 1668      6E74385F 
 1668      7400
 1669              	.LASF37:
 1670 000a 4932435F 		.ascii	"I2C_Master_MasterReadByte\000"
 1670      4D617374 
 1670      65725F4D 
 1670      61737465 
 1670      72526561 
 1671              	.LASF41:
 1672 0024 433A5C55 		.ascii	"C:\\Users\\indya\\Desktop\\AY1920_II_HW_05_CERONI_I"
 1672      73657273 
 1672      5C696E64 
 1672      79615C44 
 1672      65736B74 
 1673 0053 4E445941 		.ascii	"NDYA\\AY1920_II_HW_05_PROJ_1.cydsn\000"
 1673      5C415931 
 1673      3932305F 
 1673      49495F48 
 1673      575F3035 
 1674              	.LASF26:
 1675 0075 72656769 		.ascii	"register_count\000"
 1675      73746572 
ARM GAS  C:\Users\indya\AppData\Local\Temp\ccpy6Ijb.s 			page 37


 1675      5F636F75 
 1675      6E7400
 1676              	.LASF40:
 1677 0084 4932435F 		.ascii	"I2C_Interface.c\000"
 1677      496E7465 
 1677      72666163 
 1677      652E6300 
 1678              	.LASF16:
 1679 0094 4572726F 		.ascii	"ErrorCode\000"
 1679      72436F64 
 1679      6500
 1680              	.LASF31:
 1681 009e 4932435F 		.ascii	"I2C_Peripheral_IsDeviceConnected\000"
 1681      50657269 
 1681      70686572 
 1681      616C5F49 
 1681      73446576 
 1682              	.LASF11:
 1683 00bf 666C6F61 		.ascii	"float\000"
 1683      7400
 1684              	.LASF24:
 1685 00c5 64617461 		.ascii	"data\000"
 1685      00
 1686              	.LASF1:
 1687 00ca 756E7369 		.ascii	"unsigned char\000"
 1687      676E6564 
 1687      20636861 
 1687      7200
 1688              	.LASF39:
 1689 00d8 474E5520 		.ascii	"GNU C11 5.4.1 20160609 (release) [ARM/embedded-5-br"
 1689      43313120 
 1689      352E342E 
 1689      31203230 
 1689      31363036 
 1690 010b 616E6368 		.ascii	"anch revision 237715] -mcpu=cortex-m3 -mthumb -g -O"
 1690      20726576 
 1690      6973696F 
 1690      6E203233 
 1690      37373135 
 1691 013e 67202D66 		.ascii	"g -ffunction-sections -ffat-lto-objects\000"
 1691      66756E63 
 1691      74696F6E 
 1691      2D736563 
 1691      74696F6E 
 1692              	.LASF30:
 1693 0166 4932435F 		.ascii	"I2C_Peripheral_WriteRegisterMulti\000"
 1693      50657269 
 1693      70686572 
 1693      616C5F57 
 1693      72697465 
 1694              	.LASF3:
 1695 0188 73686F72 		.ascii	"short unsigned int\000"
 1695      7420756E 
 1695      7369676E 
 1695      65642069 
 1695      6E7400
 1696              	.LASF23:
ARM GAS  C:\Users\indya\AppData\Local\Temp\ccpy6Ijb.s 			page 38


 1697 019b 72656769 		.ascii	"register_address\000"
 1697      73746572 
 1697      5F616464 
 1697      72657373 
 1697      00
 1698              	.LASF36:
 1699 01ac 4932435F 		.ascii	"I2C_Master_MasterSendRestart\000"
 1699      4D617374 
 1699      65725F4D 
 1699      61737465 
 1699      7253656E 
 1700              	.LASF28:
 1701 01c9 636F756E 		.ascii	"counter\000"
 1701      74657200 
 1702              	.LASF32:
 1703 01d1 4932435F 		.ascii	"I2C_Master_Start\000"
 1703      4D617374 
 1703      65725F53 
 1703      74617274 
 1703      00
 1704              	.LASF12:
 1705 01e2 646F7562 		.ascii	"double\000"
 1705      6C6500
 1706              	.LASF25:
 1707 01e9 4932435F 		.ascii	"I2C_Peripheral_ReadRegisterMulti\000"
 1707      50657269 
 1707      70686572 
 1707      616C5F52 
 1707      65616452 
 1708              	.LASF29:
 1709 020a 4932435F 		.ascii	"I2C_Peripheral_WriteRegister\000"
 1709      50657269 
 1709      70686572 
 1709      616C5F57 
 1709      72697465 
 1710              	.LASF5:
 1711 0227 6C6F6E67 		.ascii	"long unsigned int\000"
 1711      20756E73 
 1711      69676E65 
 1711      6420696E 
 1711      7400
 1712              	.LASF8:
 1713 0239 756E7369 		.ascii	"unsigned int\000"
 1713      676E6564 
 1713      20696E74 
 1713      00
 1714              	.LASF7:
 1715 0246 6C6F6E67 		.ascii	"long long unsigned int\000"
 1715      206C6F6E 
 1715      6720756E 
 1715      7369676E 
 1715      65642069 
 1716              	.LASF10:
 1717 025d 75696E74 		.ascii	"uint8_t\000"
 1717      385F7400 
 1718              	.LASF15:
 1719 0265 4552524F 		.ascii	"ERROR\000"
ARM GAS  C:\Users\indya\AppData\Local\Temp\ccpy6Ijb.s 			page 39


 1719      5200
 1720              	.LASF34:
 1721 026b 4932435F 		.ascii	"I2C_Master_MasterSendStart\000"
 1721      4D617374 
 1721      65725F4D 
 1721      61737465 
 1721      7253656E 
 1722              	.LASF18:
 1723 0286 73697A65 		.ascii	"sizetype\000"
 1723      74797065 
 1723      00
 1724              	.LASF27:
 1725 028f 6572726F 		.ascii	"error\000"
 1725      7200
 1726              	.LASF6:
 1727 0295 6C6F6E67 		.ascii	"long long int\000"
 1727      206C6F6E 
 1727      6720696E 
 1727      7400
 1728              	.LASF38:
 1729 02a3 4932435F 		.ascii	"I2C_Master_MasterSendStop\000"
 1729      4D617374 
 1729      65725F4D 
 1729      61737465 
 1729      7253656E 
 1730              	.LASF20:
 1731 02bd 4932435F 		.ascii	"I2C_Peripheral_Stop\000"
 1731      50657269 
 1731      70686572 
 1731      616C5F53 
 1731      746F7000 
 1732              	.LASF21:
 1733 02d1 4932435F 		.ascii	"I2C_Peripheral_ReadRegister\000"
 1733      50657269 
 1733      70686572 
 1733      616C5F52 
 1733      65616452 
 1734              	.LASF35:
 1735 02ed 4932435F 		.ascii	"I2C_Master_MasterWriteByte\000"
 1735      4D617374 
 1735      65725F4D 
 1735      61737465 
 1735      72577269 
 1736              	.LASF2:
 1737 0308 73686F72 		.ascii	"short int\000"
 1737      7420696E 
 1737      7400
 1738              	.LASF22:
 1739 0312 64657669 		.ascii	"device_address\000"
 1739      63655F61 
 1739      64647265 
 1739      737300
 1740              	.LASF33:
 1741 0321 4932435F 		.ascii	"I2C_Master_Stop\000"
 1741      4D617374 
 1741      65725F53 
 1741      746F7000 
ARM GAS  C:\Users\indya\AppData\Local\Temp\ccpy6Ijb.s 			page 40


 1742              	.LASF14:
 1743 0331 4E4F5F45 		.ascii	"NO_ERROR\000"
 1743      52524F52 
 1743      00
 1744              	.LASF4:
 1745 033a 6C6F6E67 		.ascii	"long int\000"
 1745      20696E74 
 1745      00
 1746              	.LASF13:
 1747 0343 63686172 		.ascii	"char\000"
 1747      00
 1748              	.LASF17:
 1749 0348 6C6F6E67 		.ascii	"long double\000"
 1749      20646F75 
 1749      626C6500 
 1750              	.LASF0:
 1751 0354 7369676E 		.ascii	"signed char\000"
 1751      65642063 
 1751      68617200 
 1752              	.LASF19:
 1753 0360 4932435F 		.ascii	"I2C_Peripheral_Start\000"
 1753      50657269 
 1753      70686572 
 1753      616C5F53 
 1753      74617274 
 1754              		.ident	"GCC: (GNU Tools for ARM Embedded Processors) 5.4.1 20160609 (release) [ARM/embedded-5-bran
